[0.893s] DEBUG:colcon:Command line arguments: ['/usr/bin/colcon', 'build']
[0.893s] DEBUG:colcon:Parsed command line arguments: Namespace(log_base=None, log_level=None, verb_name='build', build_base='build', install_base='install', merge_install=False, symlink_install=False, test_result_base=None, continue_on_error=False, executor='parallel', parallel_workers=16, event_handlers=None, ignore_user_meta=False, metas=['./colcon.meta'], base_paths=['.'], packages_ignore=None, packages_ignore_regex=None, paths=None, packages_up_to=None, packages_up_to_regex=None, packages_above=None, packages_above_and_dependencies=None, packages_above_depth=None, packages_select_by_dep=None, packages_skip_by_dep=None, packages_skip_up_to=None, packages_select_build_failed=False, packages_skip_build_finished=False, packages_select_test_failures=False, packages_skip_test_passed=False, packages_select=None, packages_skip=None, packages_select_regex=None, packages_skip_regex=None, packages_start=None, packages_end=None, allow_overriding=[], cmake_args=None, cmake_target=None, cmake_target_skip_unavailable=False, cmake_clean_cache=False, cmake_clean_first=False, cmake_force_configure=False, ament_cmake_args=None, catkin_cmake_args=None, catkin_skip_building_tests=False, verb_parser=<colcon_defaults.argument_parser.defaults.DefaultArgumentsDecorator object at 0x7f373bbc4be0>, verb_extension=<colcon_core.verb.build.BuildVerb object at 0x7f373bb116c0>, main=<bound method BuildVerb.main of <colcon_core.verb.build.BuildVerb object at 0x7f373bb116c0>>)
[0.933s] Level 1:colcon.colcon_core.package_discovery:discover_packages(colcon_meta) check parameters
[0.933s] Level 1:colcon.colcon_core.package_discovery:discover_packages(recursive) check parameters
[0.933s] Level 1:colcon.colcon_core.package_discovery:discover_packages(ignore) check parameters
[0.933s] Level 1:colcon.colcon_core.package_discovery:discover_packages(path) check parameters
[0.933s] Level 1:colcon.colcon_core.package_discovery:discover_packages(colcon_meta) discover
[0.933s] Level 1:colcon.colcon_core.package_discovery:discover_packages(recursive) discover
[0.933s] INFO:colcon.colcon_core.package_discovery:Crawling recursively for packages in '/home/ism_student_2023/ros2_ws/src/leo_simulator-ros2'
[0.933s] Level 1:colcon.colcon_core.package_identification:_identify(.) by extensions ['ignore', 'ignore_ament_install']
[0.933s] Level 1:colcon.colcon_core.package_identification:_identify(.) by extension 'ignore'
[0.933s] Level 1:colcon.colcon_core.package_identification:_identify(.) by extension 'ignore_ament_install'
[0.933s] Level 1:colcon.colcon_core.package_identification:_identify(.) by extensions ['colcon_pkg']
[0.933s] Level 1:colcon.colcon_core.package_identification:_identify(.) by extension 'colcon_pkg'
[0.933s] Level 1:colcon.colcon_core.package_identification:_identify(.) by extensions ['colcon_meta']
[0.933s] Level 1:colcon.colcon_core.package_identification:_identify(.) by extension 'colcon_meta'
[0.933s] Level 1:colcon.colcon_core.package_identification:_identify(.) by extensions ['ros']
[0.933s] Level 1:colcon.colcon_core.package_identification:_identify(.) by extension 'ros'
[0.941s] Level 1:colcon.colcon_core.package_identification:_identify(.) by extensions ['cmake', 'python']
[0.941s] Level 1:colcon.colcon_core.package_identification:_identify(.) by extension 'cmake'
[0.941s] Level 1:colcon.colcon_core.package_identification:_identify(.) by extension 'python'
[0.941s] Level 1:colcon.colcon_core.package_identification:_identify(.) by extensions ['python_setup_py']
[0.941s] Level 1:colcon.colcon_core.package_identification:_identify(.) by extension 'python_setup_py'
[0.941s] Level 1:colcon.colcon_core.package_identification:_identify(build) by extensions ['ignore', 'ignore_ament_install']
[0.942s] Level 1:colcon.colcon_core.package_identification:_identify(build) by extension 'ignore'
[0.942s] Level 1:colcon.colcon_core.package_identification:_identify(build) ignored
[0.942s] Level 1:colcon.colcon_core.package_identification:_identify(install) by extensions ['ignore', 'ignore_ament_install']
[0.942s] Level 1:colcon.colcon_core.package_identification:_identify(install) by extension 'ignore'
[0.942s] Level 1:colcon.colcon_core.package_identification:_identify(install) ignored
[0.942s] Level 1:colcon.colcon_core.package_identification:_identify(leo_gz_bringup) by extensions ['ignore', 'ignore_ament_install']
[0.942s] Level 1:colcon.colcon_core.package_identification:_identify(leo_gz_bringup) by extension 'ignore'
[0.942s] Level 1:colcon.colcon_core.package_identification:_identify(leo_gz_bringup) by extension 'ignore_ament_install'
[0.942s] Level 1:colcon.colcon_core.package_identification:_identify(leo_gz_bringup) by extensions ['colcon_pkg']
[0.942s] Level 1:colcon.colcon_core.package_identification:_identify(leo_gz_bringup) by extension 'colcon_pkg'
[0.942s] Level 1:colcon.colcon_core.package_identification:_identify(leo_gz_bringup) by extensions ['colcon_meta']
[0.942s] Level 1:colcon.colcon_core.package_identification:_identify(leo_gz_bringup) by extension 'colcon_meta'
[0.942s] Level 1:colcon.colcon_core.package_identification:_identify(leo_gz_bringup) by extensions ['ros']
[0.942s] Level 1:colcon.colcon_core.package_identification:_identify(leo_gz_bringup) by extension 'ros'
[0.944s] DEBUG:colcon.colcon_core.package_identification:Package 'leo_gz_bringup' with type 'ros.ament_cmake' and name 'leo_gz_bringup'
[0.944s] Level 1:colcon.colcon_core.package_identification:_identify(leo_gz_plugins) by extensions ['ignore', 'ignore_ament_install']
[0.944s] Level 1:colcon.colcon_core.package_identification:_identify(leo_gz_plugins) by extension 'ignore'
[0.944s] Level 1:colcon.colcon_core.package_identification:_identify(leo_gz_plugins) by extension 'ignore_ament_install'
[0.944s] Level 1:colcon.colcon_core.package_identification:_identify(leo_gz_plugins) by extensions ['colcon_pkg']
[0.944s] Level 1:colcon.colcon_core.package_identification:_identify(leo_gz_plugins) by extension 'colcon_pkg'
[0.944s] Level 1:colcon.colcon_core.package_identification:_identify(leo_gz_plugins) by extensions ['colcon_meta']
[0.944s] Level 1:colcon.colcon_core.package_identification:_identify(leo_gz_plugins) by extension 'colcon_meta'
[0.944s] Level 1:colcon.colcon_core.package_identification:_identify(leo_gz_plugins) by extensions ['ros']
[0.944s] Level 1:colcon.colcon_core.package_identification:_identify(leo_gz_plugins) by extension 'ros'
[0.952s] DEBUG:colcon.colcon_core.package_identification:Package 'leo_gz_plugins' with type 'ros.ament_cmake' and name 'leo_gz_plugins'
[0.952s] Level 1:colcon.colcon_core.package_identification:_identify(leo_gz_worlds) by extensions ['ignore', 'ignore_ament_install']
[0.952s] Level 1:colcon.colcon_core.package_identification:_identify(leo_gz_worlds) by extension 'ignore'
[0.952s] Level 1:colcon.colcon_core.package_identification:_identify(leo_gz_worlds) by extension 'ignore_ament_install'
[0.952s] Level 1:colcon.colcon_core.package_identification:_identify(leo_gz_worlds) by extensions ['colcon_pkg']
[0.952s] Level 1:colcon.colcon_core.package_identification:_identify(leo_gz_worlds) by extension 'colcon_pkg'
[0.952s] Level 1:colcon.colcon_core.package_identification:_identify(leo_gz_worlds) by extensions ['colcon_meta']
[0.952s] Level 1:colcon.colcon_core.package_identification:_identify(leo_gz_worlds) by extension 'colcon_meta'
[0.952s] Level 1:colcon.colcon_core.package_identification:_identify(leo_gz_worlds) by extensions ['ros']
[0.952s] Level 1:colcon.colcon_core.package_identification:_identify(leo_gz_worlds) by extension 'ros'
[0.953s] DEBUG:colcon.colcon_core.package_identification:Package 'leo_gz_worlds' with type 'ros.ament_cmake' and name 'leo_gz_worlds'
[0.953s] Level 1:colcon.colcon_core.package_identification:_identify(leo_simulator) by extensions ['ignore', 'ignore_ament_install']
[0.953s] Level 1:colcon.colcon_core.package_identification:_identify(leo_simulator) by extension 'ignore'
[0.953s] Level 1:colcon.colcon_core.package_identification:_identify(leo_simulator) by extension 'ignore_ament_install'
[0.953s] Level 1:colcon.colcon_core.package_identification:_identify(leo_simulator) by extensions ['colcon_pkg']
[0.953s] Level 1:colcon.colcon_core.package_identification:_identify(leo_simulator) by extension 'colcon_pkg'
[0.953s] Level 1:colcon.colcon_core.package_identification:_identify(leo_simulator) by extensions ['colcon_meta']
[0.953s] Level 1:colcon.colcon_core.package_identification:_identify(leo_simulator) by extension 'colcon_meta'
[0.953s] Level 1:colcon.colcon_core.package_identification:_identify(leo_simulator) by extensions ['ros']
[0.953s] Level 1:colcon.colcon_core.package_identification:_identify(leo_simulator) by extension 'ros'
[0.953s] DEBUG:colcon.colcon_core.package_identification:Package 'leo_simulator' with type 'ros.ament_cmake' and name 'leo_simulator'
[0.953s] Level 1:colcon.colcon_core.package_identification:_identify(log) by extensions ['ignore', 'ignore_ament_install']
[0.954s] Level 1:colcon.colcon_core.package_identification:_identify(log) by extension 'ignore'
[0.954s] Level 1:colcon.colcon_core.package_identification:_identify(log) ignored
[0.954s] Level 1:colcon.colcon_core.package_discovery:discover_packages(recursive) using defaults
[0.954s] Level 1:colcon.colcon_core.package_discovery:discover_packages(ignore) discover
[0.954s] Level 1:colcon.colcon_core.package_discovery:discover_packages(ignore) using defaults
[0.954s] Level 1:colcon.colcon_core.package_discovery:discover_packages(path) discover
[0.954s] Level 1:colcon.colcon_core.package_discovery:discover_packages(path) using defaults
[1.041s] Level 1:colcon.colcon_core.package_discovery:discover_packages(prefix_path) check parameters
[1.041s] Level 1:colcon.colcon_core.package_discovery:discover_packages(prefix_path) discover
[1.068s] DEBUG:colcon.colcon_installed_package_information.package_discovery:Found 9 installed packages in /home/ism_student_2023/ros2_ws/install
[1.082s] DEBUG:colcon.colcon_installed_package_information.package_discovery:Found 8 installed packages in /home/ism_student_2023/leosim_ws/install
[1.096s] DEBUG:colcon.colcon_installed_package_information.package_discovery:Found 378 installed packages in /opt/ros/humble
[1.097s] Level 1:colcon.colcon_core.package_discovery:discover_packages(prefix_path) using defaults
[1.182s] Level 5:colcon.colcon_core.verb:set package 'leo_gz_plugins' build argument 'cmake_args' from command line to 'None'
[1.182s] Level 5:colcon.colcon_core.verb:set package 'leo_gz_plugins' build argument 'cmake_target' from command line to 'None'
[1.182s] Level 5:colcon.colcon_core.verb:set package 'leo_gz_plugins' build argument 'cmake_target_skip_unavailable' from command line to 'False'
[1.182s] Level 5:colcon.colcon_core.verb:set package 'leo_gz_plugins' build argument 'cmake_clean_cache' from command line to 'False'
[1.182s] Level 5:colcon.colcon_core.verb:set package 'leo_gz_plugins' build argument 'cmake_clean_first' from command line to 'False'
[1.182s] Level 5:colcon.colcon_core.verb:set package 'leo_gz_plugins' build argument 'cmake_force_configure' from command line to 'False'
[1.182s] Level 5:colcon.colcon_core.verb:set package 'leo_gz_plugins' build argument 'ament_cmake_args' from command line to 'None'
[1.182s] Level 5:colcon.colcon_core.verb:set package 'leo_gz_plugins' build argument 'catkin_cmake_args' from command line to 'None'
[1.182s] Level 5:colcon.colcon_core.verb:set package 'leo_gz_plugins' build argument 'catkin_skip_building_tests' from command line to 'False'
[1.182s] DEBUG:colcon.colcon_core.verb:Building package 'leo_gz_plugins' with the following arguments: {'ament_cmake_args': None, 'build_base': '/home/ism_student_2023/ros2_ws/src/leo_simulator-ros2/build/leo_gz_plugins', 'catkin_cmake_args': None, 'catkin_skip_building_tests': False, 'cmake_args': None, 'cmake_clean_cache': False, 'cmake_clean_first': False, 'cmake_force_configure': False, 'cmake_target': None, 'cmake_target_skip_unavailable': False, 'install_base': '/home/ism_student_2023/ros2_ws/src/leo_simulator-ros2/install/leo_gz_plugins', 'merge_install': False, 'path': '/home/ism_student_2023/ros2_ws/src/leo_simulator-ros2/leo_gz_plugins', 'symlink_install': False, 'test_result_base': None}
[1.195s] Level 5:colcon.colcon_core.verb:set package 'leo_gz_worlds' build argument 'cmake_args' from command line to 'None'
[1.195s] Level 5:colcon.colcon_core.verb:set package 'leo_gz_worlds' build argument 'cmake_target' from command line to 'None'
[1.195s] Level 5:colcon.colcon_core.verb:set package 'leo_gz_worlds' build argument 'cmake_target_skip_unavailable' from command line to 'False'
[1.195s] Level 5:colcon.colcon_core.verb:set package 'leo_gz_worlds' build argument 'cmake_clean_cache' from command line to 'False'
[1.195s] Level 5:colcon.colcon_core.verb:set package 'leo_gz_worlds' build argument 'cmake_clean_first' from command line to 'False'
[1.195s] Level 5:colcon.colcon_core.verb:set package 'leo_gz_worlds' build argument 'cmake_force_configure' from command line to 'False'
[1.195s] Level 5:colcon.colcon_core.verb:set package 'leo_gz_worlds' build argument 'ament_cmake_args' from command line to 'None'
[1.196s] Level 5:colcon.colcon_core.verb:set package 'leo_gz_worlds' build argument 'catkin_cmake_args' from command line to 'None'
[1.196s] Level 5:colcon.colcon_core.verb:set package 'leo_gz_worlds' build argument 'catkin_skip_building_tests' from command line to 'False'
[1.196s] DEBUG:colcon.colcon_core.verb:Building package 'leo_gz_worlds' with the following arguments: {'ament_cmake_args': None, 'build_base': '/home/ism_student_2023/ros2_ws/src/leo_simulator-ros2/build/leo_gz_worlds', 'catkin_cmake_args': None, 'catkin_skip_building_tests': False, 'cmake_args': None, 'cmake_clean_cache': False, 'cmake_clean_first': False, 'cmake_force_configure': False, 'cmake_target': None, 'cmake_target_skip_unavailable': False, 'install_base': '/home/ism_student_2023/ros2_ws/src/leo_simulator-ros2/install/leo_gz_worlds', 'merge_install': False, 'path': '/home/ism_student_2023/ros2_ws/src/leo_simulator-ros2/leo_gz_worlds', 'symlink_install': False, 'test_result_base': None}
[1.209s] Level 5:colcon.colcon_core.verb:set package 'leo_gz_bringup' build argument 'cmake_args' from command line to 'None'
[1.209s] Level 5:colcon.colcon_core.verb:set package 'leo_gz_bringup' build argument 'cmake_target' from command line to 'None'
[1.209s] Level 5:colcon.colcon_core.verb:set package 'leo_gz_bringup' build argument 'cmake_target_skip_unavailable' from command line to 'False'
[1.209s] Level 5:colcon.colcon_core.verb:set package 'leo_gz_bringup' build argument 'cmake_clean_cache' from command line to 'False'
[1.209s] Level 5:colcon.colcon_core.verb:set package 'leo_gz_bringup' build argument 'cmake_clean_first' from command line to 'False'
[1.209s] Level 5:colcon.colcon_core.verb:set package 'leo_gz_bringup' build argument 'cmake_force_configure' from command line to 'False'
[1.209s] Level 5:colcon.colcon_core.verb:set package 'leo_gz_bringup' build argument 'ament_cmake_args' from command line to 'None'
[1.209s] Level 5:colcon.colcon_core.verb:set package 'leo_gz_bringup' build argument 'catkin_cmake_args' from command line to 'None'
[1.209s] Level 5:colcon.colcon_core.verb:set package 'leo_gz_bringup' build argument 'catkin_skip_building_tests' from command line to 'False'
[1.209s] DEBUG:colcon.colcon_core.verb:Building package 'leo_gz_bringup' with the following arguments: {'ament_cmake_args': None, 'build_base': '/home/ism_student_2023/ros2_ws/src/leo_simulator-ros2/build/leo_gz_bringup', 'catkin_cmake_args': None, 'catkin_skip_building_tests': False, 'cmake_args': None, 'cmake_clean_cache': False, 'cmake_clean_first': False, 'cmake_force_configure': False, 'cmake_target': None, 'cmake_target_skip_unavailable': False, 'install_base': '/home/ism_student_2023/ros2_ws/src/leo_simulator-ros2/install/leo_gz_bringup', 'merge_install': False, 'path': '/home/ism_student_2023/ros2_ws/src/leo_simulator-ros2/leo_gz_bringup', 'symlink_install': False, 'test_result_base': None}
[1.222s] Level 5:colcon.colcon_core.verb:set package 'leo_simulator' build argument 'cmake_args' from command line to 'None'
[1.222s] Level 5:colcon.colcon_core.verb:set package 'leo_simulator' build argument 'cmake_target' from command line to 'None'
[1.222s] Level 5:colcon.colcon_core.verb:set package 'leo_simulator' build argument 'cmake_target_skip_unavailable' from command line to 'False'
[1.222s] Level 5:colcon.colcon_core.verb:set package 'leo_simulator' build argument 'cmake_clean_cache' from command line to 'False'
[1.222s] Level 5:colcon.colcon_core.verb:set package 'leo_simulator' build argument 'cmake_clean_first' from command line to 'False'
[1.222s] Level 5:colcon.colcon_core.verb:set package 'leo_simulator' build argument 'cmake_force_configure' from command line to 'False'
[1.222s] Level 5:colcon.colcon_core.verb:set package 'leo_simulator' build argument 'ament_cmake_args' from command line to 'None'
[1.222s] Level 5:colcon.colcon_core.verb:set package 'leo_simulator' build argument 'catkin_cmake_args' from command line to 'None'
[1.222s] Level 5:colcon.colcon_core.verb:set package 'leo_simulator' build argument 'catkin_skip_building_tests' from command line to 'False'
[1.222s] DEBUG:colcon.colcon_core.verb:Building package 'leo_simulator' with the following arguments: {'ament_cmake_args': None, 'build_base': '/home/ism_student_2023/ros2_ws/src/leo_simulator-ros2/build/leo_simulator', 'catkin_cmake_args': None, 'catkin_skip_building_tests': False, 'cmake_args': None, 'cmake_clean_cache': False, 'cmake_clean_first': False, 'cmake_force_configure': False, 'cmake_target': None, 'cmake_target_skip_unavailable': False, 'install_base': '/home/ism_student_2023/ros2_ws/src/leo_simulator-ros2/install/leo_simulator', 'merge_install': False, 'path': '/home/ism_student_2023/ros2_ws/src/leo_simulator-ros2/leo_simulator', 'symlink_install': False, 'test_result_base': None}
[1.235s] INFO:colcon.colcon_core.executor:Executing jobs using 'parallel' executor
[1.248s] DEBUG:colcon.colcon_parallel_executor.executor.parallel:run_until_complete
[1.248s] INFO:colcon.colcon_ros.task.ament_cmake.build:Building ROS package in '/home/ism_student_2023/ros2_ws/src/leo_simulator-ros2/leo_gz_plugins' with build type 'ament_cmake'
[1.248s] INFO:colcon.colcon_cmake.task.cmake.build:Building CMake package in '/home/ism_student_2023/ros2_ws/src/leo_simulator-ros2/leo_gz_plugins'
[1.263s] INFO:colcon.colcon_core.plugin_system:Skipping extension 'colcon_core.shell.bat': Not used on non-Windows systems
[1.263s] INFO:colcon.colcon_core.shell:Skip shell extension 'powershell' for command environment: Not usable outside of PowerShell
[1.263s] DEBUG:colcon.colcon_core.shell:Skip shell extension 'dsv' for command environment
[1.318s] INFO:colcon.colcon_ros.task.ament_cmake.build:Building ROS package in '/home/ism_student_2023/ros2_ws/src/leo_simulator-ros2/leo_gz_worlds' with build type 'ament_cmake'
[1.318s] INFO:colcon.colcon_cmake.task.cmake.build:Building CMake package in '/home/ism_student_2023/ros2_ws/src/leo_simulator-ros2/leo_gz_worlds'
[1.332s] INFO:colcon.colcon_core.shell:Skip shell extension 'powershell' for command environment: Not usable outside of PowerShell
[1.332s] DEBUG:colcon.colcon_core.shell:Skip shell extension 'dsv' for command environment
[1.393s] DEBUG:colcon.colcon_core.event_handler.log_command:Invoking command in '/home/ism_student_2023/ros2_ws/src/leo_simulator-ros2/build/leo_gz_plugins': CMAKE_PREFIX_PATH=${CMAKE_PREFIX_PATH}:/home/ism_student_2023/ros2_ws/install/rtabmap_livox:/opt/ros/humble /usr/bin/cmake --build /home/ism_student_2023/ros2_ws/src/leo_simulator-ros2/build/leo_gz_plugins -- -j16 -l16
[1.396s] DEBUG:colcon.colcon_core.event_handler.log_command:Invoking command in '/home/ism_student_2023/ros2_ws/src/leo_simulator-ros2/build/leo_gz_worlds': CMAKE_PREFIX_PATH=${CMAKE_PREFIX_PATH}:/home/ism_student_2023/ros2_ws/install/rtabmap_livox:/opt/ros/humble /usr/bin/cmake --build /home/ism_student_2023/ros2_ws/src/leo_simulator-ros2/build/leo_gz_worlds -- -j16 -l16
[1.419s] DEBUG:colcon.colcon_core.event_handler.log_command:Invoked command in '/home/ism_student_2023/ros2_ws/src/leo_simulator-ros2/build/leo_gz_worlds' returned '0': CMAKE_PREFIX_PATH=${CMAKE_PREFIX_PATH}:/home/ism_student_2023/ros2_ws/install/rtabmap_livox:/opt/ros/humble /usr/bin/cmake --build /home/ism_student_2023/ros2_ws/src/leo_simulator-ros2/build/leo_gz_worlds -- -j16 -l16
[1.438s] DEBUG:colcon.colcon_core.event_handler.log_command:Invoking command in '/home/ism_student_2023/ros2_ws/src/leo_simulator-ros2/build/leo_gz_worlds': CMAKE_PREFIX_PATH=${CMAKE_PREFIX_PATH}:/home/ism_student_2023/ros2_ws/install/rtabmap_livox:/opt/ros/humble /usr/bin/cmake --install /home/ism_student_2023/ros2_ws/src/leo_simulator-ros2/build/leo_gz_worlds
[1.439s] DEBUG:colcon.colcon_core.event_handler.log_command:Invoked command in '/home/ism_student_2023/ros2_ws/src/leo_simulator-ros2/build/leo_gz_plugins' returned '0': CMAKE_PREFIX_PATH=${CMAKE_PREFIX_PATH}:/home/ism_student_2023/ros2_ws/install/rtabmap_livox:/opt/ros/humble /usr/bin/cmake --build /home/ism_student_2023/ros2_ws/src/leo_simulator-ros2/build/leo_gz_plugins -- -j16 -l16
[1.445s] Level 1:colcon.colcon_core.environment:create_environment_scripts_only(leo_gz_worlds)
[1.452s] DEBUG:colcon.colcon_core.event_handler.log_command:Invoked command in '/home/ism_student_2023/ros2_ws/src/leo_simulator-ros2/build/leo_gz_worlds' returned '0': CMAKE_PREFIX_PATH=${CMAKE_PREFIX_PATH}:/home/ism_student_2023/ros2_ws/install/rtabmap_livox:/opt/ros/humble /usr/bin/cmake --install /home/ism_student_2023/ros2_ws/src/leo_simulator-ros2/build/leo_gz_worlds
[1.464s] Level 1:colcon.colcon_core.environment:checking '/home/ism_student_2023/ros2_ws/src/leo_simulator-ros2/install/leo_gz_worlds' for CMake module files
[1.465s] Level 1:colcon.colcon_core.environment:checking '/home/ism_student_2023/ros2_ws/src/leo_simulator-ros2/install/leo_gz_worlds' for CMake config files
[1.465s] Level 1:colcon.colcon_core.shell:create_environment_hook('leo_gz_worlds', 'cmake_prefix_path')
[1.478s] INFO:colcon.colcon_core.shell:Creating environment hook '/home/ism_student_2023/ros2_ws/src/leo_simulator-ros2/install/leo_gz_worlds/share/leo_gz_worlds/hook/cmake_prefix_path.ps1'
[1.479s] INFO:colcon.colcon_core.shell:Creating environment descriptor '/home/ism_student_2023/ros2_ws/src/leo_simulator-ros2/install/leo_gz_worlds/share/leo_gz_worlds/hook/cmake_prefix_path.dsv'
[1.479s] INFO:colcon.colcon_core.shell:Creating environment hook '/home/ism_student_2023/ros2_ws/src/leo_simulator-ros2/install/leo_gz_worlds/share/leo_gz_worlds/hook/cmake_prefix_path.sh'
[1.479s] Level 1:colcon.colcon_core.environment:checking '/home/ism_student_2023/ros2_ws/src/leo_simulator-ros2/install/leo_gz_worlds/bin'
[1.480s] Level 1:colcon.colcon_core.environment:checking '/home/ism_student_2023/ros2_ws/src/leo_simulator-ros2/install/leo_gz_worlds/lib/pkgconfig/leo_gz_worlds.pc'
[1.480s] Level 1:colcon.colcon_core.environment:checking '/home/ism_student_2023/ros2_ws/src/leo_simulator-ros2/install/leo_gz_worlds/lib/python3.10/site-packages'
[1.480s] Level 1:colcon.colcon_core.environment:checking '/home/ism_student_2023/ros2_ws/src/leo_simulator-ros2/install/leo_gz_worlds/bin'
[1.493s] INFO:colcon.colcon_core.shell:Creating package script '/home/ism_student_2023/ros2_ws/src/leo_simulator-ros2/install/leo_gz_worlds/share/leo_gz_worlds/package.ps1'
[1.494s] INFO:colcon.colcon_core.shell:Creating package descriptor '/home/ism_student_2023/ros2_ws/src/leo_simulator-ros2/install/leo_gz_worlds/share/leo_gz_worlds/package.dsv'
[1.494s] INFO:colcon.colcon_core.shell:Creating package script '/home/ism_student_2023/ros2_ws/src/leo_simulator-ros2/install/leo_gz_worlds/share/leo_gz_worlds/package.sh'
[1.495s] INFO:colcon.colcon_core.shell:Creating package script '/home/ism_student_2023/ros2_ws/src/leo_simulator-ros2/install/leo_gz_worlds/share/leo_gz_worlds/package.bash'
[1.495s] INFO:colcon.colcon_core.shell:Creating package script '/home/ism_student_2023/ros2_ws/src/leo_simulator-ros2/install/leo_gz_worlds/share/leo_gz_worlds/package.zsh'
[1.496s] Level 1:colcon.colcon_core.environment:create_file_with_runtime_dependencies(/home/ism_student_2023/ros2_ws/src/leo_simulator-ros2/install/leo_gz_worlds/share/colcon-core/packages/leo_gz_worlds)
[1.498s] DEBUG:colcon.colcon_core.event_handler.log_command:Invoking command in '/home/ism_student_2023/ros2_ws/src/leo_simulator-ros2/build/leo_gz_plugins': CMAKE_PREFIX_PATH=${CMAKE_PREFIX_PATH}:/home/ism_student_2023/ros2_ws/install/rtabmap_livox:/opt/ros/humble /usr/bin/cmake --install /home/ism_student_2023/ros2_ws/src/leo_simulator-ros2/build/leo_gz_plugins
[1.504s] Level 1:colcon.colcon_core.environment:create_environment_scripts_only(leo_gz_plugins)
[1.505s] DEBUG:colcon.colcon_core.event_handler.log_command:Invoked command in '/home/ism_student_2023/ros2_ws/src/leo_simulator-ros2/build/leo_gz_plugins' returned '0': CMAKE_PREFIX_PATH=${CMAKE_PREFIX_PATH}:/home/ism_student_2023/ros2_ws/install/rtabmap_livox:/opt/ros/humble /usr/bin/cmake --install /home/ism_student_2023/ros2_ws/src/leo_simulator-ros2/build/leo_gz_plugins
[1.518s] Level 1:colcon.colcon_core.environment:checking '/home/ism_student_2023/ros2_ws/src/leo_simulator-ros2/install/leo_gz_plugins' for CMake module files
[1.518s] Level 1:colcon.colcon_core.environment:checking '/home/ism_student_2023/ros2_ws/src/leo_simulator-ros2/install/leo_gz_plugins' for CMake config files
[1.518s] Level 1:colcon.colcon_core.shell:create_environment_hook('leo_gz_plugins', 'cmake_prefix_path')
[1.531s] INFO:colcon.colcon_core.shell:Creating environment hook '/home/ism_student_2023/ros2_ws/src/leo_simulator-ros2/install/leo_gz_plugins/share/leo_gz_plugins/hook/cmake_prefix_path.ps1'
[1.532s] INFO:colcon.colcon_core.shell:Creating environment descriptor '/home/ism_student_2023/ros2_ws/src/leo_simulator-ros2/install/leo_gz_plugins/share/leo_gz_plugins/hook/cmake_prefix_path.dsv'
[1.532s] INFO:colcon.colcon_core.shell:Creating environment hook '/home/ism_student_2023/ros2_ws/src/leo_simulator-ros2/install/leo_gz_plugins/share/leo_gz_plugins/hook/cmake_prefix_path.sh'
[1.532s] Level 1:colcon.colcon_core.environment:checking '/home/ism_student_2023/ros2_ws/src/leo_simulator-ros2/install/leo_gz_plugins/lib'
[1.532s] Level 1:colcon.colcon_core.shell:create_environment_hook('leo_gz_plugins', 'ld_library_path_lib')
[1.545s] INFO:colcon.colcon_core.shell:Creating environment hook '/home/ism_student_2023/ros2_ws/src/leo_simulator-ros2/install/leo_gz_plugins/share/leo_gz_plugins/hook/ld_library_path_lib.ps1'
[1.545s] INFO:colcon.colcon_core.shell:Creating environment descriptor '/home/ism_student_2023/ros2_ws/src/leo_simulator-ros2/install/leo_gz_plugins/share/leo_gz_plugins/hook/ld_library_path_lib.dsv'
[1.546s] INFO:colcon.colcon_core.shell:Creating environment hook '/home/ism_student_2023/ros2_ws/src/leo_simulator-ros2/install/leo_gz_plugins/share/leo_gz_plugins/hook/ld_library_path_lib.sh'
[1.546s] Level 1:colcon.colcon_core.environment:checking '/home/ism_student_2023/ros2_ws/src/leo_simulator-ros2/install/leo_gz_plugins/bin'
[1.546s] Level 1:colcon.colcon_core.environment:checking '/home/ism_student_2023/ros2_ws/src/leo_simulator-ros2/install/leo_gz_plugins/lib/pkgconfig/leo_gz_plugins.pc'
[1.546s] Level 1:colcon.colcon_core.environment:checking '/home/ism_student_2023/ros2_ws/src/leo_simulator-ros2/install/leo_gz_plugins/lib/python3.10/site-packages'
[1.546s] Level 1:colcon.colcon_core.environment:checking '/home/ism_student_2023/ros2_ws/src/leo_simulator-ros2/install/leo_gz_plugins/bin'
[1.559s] INFO:colcon.colcon_core.shell:Creating package script '/home/ism_student_2023/ros2_ws/src/leo_simulator-ros2/install/leo_gz_plugins/share/leo_gz_plugins/package.ps1'
[1.560s] INFO:colcon.colcon_core.shell:Creating package descriptor '/home/ism_student_2023/ros2_ws/src/leo_simulator-ros2/install/leo_gz_plugins/share/leo_gz_plugins/package.dsv'
[1.560s] INFO:colcon.colcon_core.shell:Creating package script '/home/ism_student_2023/ros2_ws/src/leo_simulator-ros2/install/leo_gz_plugins/share/leo_gz_plugins/package.sh'
[1.560s] INFO:colcon.colcon_core.shell:Creating package script '/home/ism_student_2023/ros2_ws/src/leo_simulator-ros2/install/leo_gz_plugins/share/leo_gz_plugins/package.bash'
[1.560s] INFO:colcon.colcon_core.shell:Creating package script '/home/ism_student_2023/ros2_ws/src/leo_simulator-ros2/install/leo_gz_plugins/share/leo_gz_plugins/package.zsh'
[1.561s] Level 1:colcon.colcon_core.environment:create_file_with_runtime_dependencies(/home/ism_student_2023/ros2_ws/src/leo_simulator-ros2/install/leo_gz_plugins/share/colcon-core/packages/leo_gz_plugins)
[1.574s] Level 1:colcon.colcon_core.environment:create_environment_scripts_only(leo_gz_worlds)
[1.588s] Level 1:colcon.colcon_core.environment:checking '/home/ism_student_2023/ros2_ws/src/leo_simulator-ros2/install/leo_gz_worlds' for CMake module files
[1.588s] Level 1:colcon.colcon_core.environment:checking '/home/ism_student_2023/ros2_ws/src/leo_simulator-ros2/install/leo_gz_worlds' for CMake config files
[1.589s] Level 1:colcon.colcon_core.shell:create_environment_hook('leo_gz_worlds', 'cmake_prefix_path')
[1.602s] INFO:colcon.colcon_core.shell:Creating environment hook '/home/ism_student_2023/ros2_ws/src/leo_simulator-ros2/install/leo_gz_worlds/share/leo_gz_worlds/hook/cmake_prefix_path.ps1'
[1.602s] INFO:colcon.colcon_core.shell:Creating environment descriptor '/home/ism_student_2023/ros2_ws/src/leo_simulator-ros2/install/leo_gz_worlds/share/leo_gz_worlds/hook/cmake_prefix_path.dsv'
[1.602s] INFO:colcon.colcon_core.shell:Creating environment hook '/home/ism_student_2023/ros2_ws/src/leo_simulator-ros2/install/leo_gz_worlds/share/leo_gz_worlds/hook/cmake_prefix_path.sh'
[1.603s] Level 1:colcon.colcon_core.environment:checking '/home/ism_student_2023/ros2_ws/src/leo_simulator-ros2/install/leo_gz_worlds/bin'
[1.603s] Level 1:colcon.colcon_core.environment:checking '/home/ism_student_2023/ros2_ws/src/leo_simulator-ros2/install/leo_gz_worlds/lib/pkgconfig/leo_gz_worlds.pc'
[1.603s] Level 1:colcon.colcon_core.environment:checking '/home/ism_student_2023/ros2_ws/src/leo_simulator-ros2/install/leo_gz_worlds/lib/python3.10/site-packages'
[1.603s] Level 1:colcon.colcon_core.environment:checking '/home/ism_student_2023/ros2_ws/src/leo_simulator-ros2/install/leo_gz_worlds/bin'
[1.616s] INFO:colcon.colcon_core.shell:Creating package script '/home/ism_student_2023/ros2_ws/src/leo_simulator-ros2/install/leo_gz_worlds/share/leo_gz_worlds/package.ps1'
[1.617s] INFO:colcon.colcon_core.shell:Creating package descriptor '/home/ism_student_2023/ros2_ws/src/leo_simulator-ros2/install/leo_gz_worlds/share/leo_gz_worlds/package.dsv'
[1.617s] INFO:colcon.colcon_core.shell:Creating package script '/home/ism_student_2023/ros2_ws/src/leo_simulator-ros2/install/leo_gz_worlds/share/leo_gz_worlds/package.sh'
[1.617s] INFO:colcon.colcon_core.shell:Creating package script '/home/ism_student_2023/ros2_ws/src/leo_simulator-ros2/install/leo_gz_worlds/share/leo_gz_worlds/package.bash'
[1.617s] INFO:colcon.colcon_core.shell:Creating package script '/home/ism_student_2023/ros2_ws/src/leo_simulator-ros2/install/leo_gz_worlds/share/leo_gz_worlds/package.zsh'
[1.618s] Level 1:colcon.colcon_core.environment:create_file_with_runtime_dependencies(/home/ism_student_2023/ros2_ws/src/leo_simulator-ros2/install/leo_gz_worlds/share/colcon-core/packages/leo_gz_worlds)
[1.632s] Level 1:colcon.colcon_core.environment:create_environment_scripts_only(leo_gz_plugins)
[1.645s] Level 1:colcon.colcon_core.environment:checking '/home/ism_student_2023/ros2_ws/src/leo_simulator-ros2/install/leo_gz_plugins' for CMake module files
[1.645s] Level 1:colcon.colcon_core.environment:checking '/home/ism_student_2023/ros2_ws/src/leo_simulator-ros2/install/leo_gz_plugins' for CMake config files
[1.645s] Level 1:colcon.colcon_core.shell:create_environment_hook('leo_gz_plugins', 'cmake_prefix_path')
[1.659s] INFO:colcon.colcon_core.shell:Creating environment hook '/home/ism_student_2023/ros2_ws/src/leo_simulator-ros2/install/leo_gz_plugins/share/leo_gz_plugins/hook/cmake_prefix_path.ps1'
[1.659s] INFO:colcon.colcon_core.shell:Creating environment descriptor '/home/ism_student_2023/ros2_ws/src/leo_simulator-ros2/install/leo_gz_plugins/share/leo_gz_plugins/hook/cmake_prefix_path.dsv'
[1.659s] INFO:colcon.colcon_core.shell:Creating environment hook '/home/ism_student_2023/ros2_ws/src/leo_simulator-ros2/install/leo_gz_plugins/share/leo_gz_plugins/hook/cmake_prefix_path.sh'
[1.659s] Level 1:colcon.colcon_core.environment:checking '/home/ism_student_2023/ros2_ws/src/leo_simulator-ros2/install/leo_gz_plugins/lib'
[1.659s] Level 1:colcon.colcon_core.shell:create_environment_hook('leo_gz_plugins', 'ld_library_path_lib')
[1.673s] INFO:colcon.colcon_core.shell:Creating environment hook '/home/ism_student_2023/ros2_ws/src/leo_simulator-ros2/install/leo_gz_plugins/share/leo_gz_plugins/hook/ld_library_path_lib.ps1'
[1.673s] INFO:colcon.colcon_core.shell:Creating environment descriptor '/home/ism_student_2023/ros2_ws/src/leo_simulator-ros2/install/leo_gz_plugins/share/leo_gz_plugins/hook/ld_library_path_lib.dsv'
[1.673s] INFO:colcon.colcon_core.shell:Creating environment hook '/home/ism_student_2023/ros2_ws/src/leo_simulator-ros2/install/leo_gz_plugins/share/leo_gz_plugins/hook/ld_library_path_lib.sh'
[1.673s] Level 1:colcon.colcon_core.environment:checking '/home/ism_student_2023/ros2_ws/src/leo_simulator-ros2/install/leo_gz_plugins/bin'
[1.673s] Level 1:colcon.colcon_core.environment:checking '/home/ism_student_2023/ros2_ws/src/leo_simulator-ros2/install/leo_gz_plugins/lib/pkgconfig/leo_gz_plugins.pc'
[1.674s] Level 1:colcon.colcon_core.environment:checking '/home/ism_student_2023/ros2_ws/src/leo_simulator-ros2/install/leo_gz_plugins/lib/python3.10/site-packages'
[1.674s] Level 1:colcon.colcon_core.environment:checking '/home/ism_student_2023/ros2_ws/src/leo_simulator-ros2/install/leo_gz_plugins/bin'
[1.688s] INFO:colcon.colcon_core.shell:Creating package script '/home/ism_student_2023/ros2_ws/src/leo_simulator-ros2/install/leo_gz_plugins/share/leo_gz_plugins/package.ps1'
[1.689s] INFO:colcon.colcon_core.shell:Creating package descriptor '/home/ism_student_2023/ros2_ws/src/leo_simulator-ros2/install/leo_gz_plugins/share/leo_gz_plugins/package.dsv'
[1.689s] INFO:colcon.colcon_core.shell:Creating package script '/home/ism_student_2023/ros2_ws/src/leo_simulator-ros2/install/leo_gz_plugins/share/leo_gz_plugins/package.sh'
[1.689s] INFO:colcon.colcon_core.shell:Creating package script '/home/ism_student_2023/ros2_ws/src/leo_simulator-ros2/install/leo_gz_plugins/share/leo_gz_plugins/package.bash'
[1.690s] INFO:colcon.colcon_core.shell:Creating package script '/home/ism_student_2023/ros2_ws/src/leo_simulator-ros2/install/leo_gz_plugins/share/leo_gz_plugins/package.zsh'
[1.690s] Level 1:colcon.colcon_core.environment:create_file_with_runtime_dependencies(/home/ism_student_2023/ros2_ws/src/leo_simulator-ros2/install/leo_gz_plugins/share/colcon-core/packages/leo_gz_plugins)
[1.690s] INFO:colcon.colcon_ros.task.ament_cmake.build:Building ROS package in '/home/ism_student_2023/ros2_ws/src/leo_simulator-ros2/leo_gz_bringup' with build type 'ament_cmake'
[1.690s] INFO:colcon.colcon_cmake.task.cmake.build:Building CMake package in '/home/ism_student_2023/ros2_ws/src/leo_simulator-ros2/leo_gz_bringup'
[1.703s] INFO:colcon.colcon_core.shell:Skip shell extension 'powershell' for command environment: Not usable outside of PowerShell
[1.704s] DEBUG:colcon.colcon_core.shell:Skip shell extension 'dsv' for command environment
[1.763s] DEBUG:colcon.colcon_core.event_handler.log_command:Invoking command in '/home/ism_student_2023/ros2_ws/src/leo_simulator-ros2/build/leo_gz_bringup': AMENT_PREFIX_PATH=/home/ism_student_2023/ros2_ws/src/leo_simulator-ros2/install/leo_gz_worlds:/home/ism_student_2023/ros2_ws/src/leo_simulator-ros2/install/leo_gz_plugins:${AMENT_PREFIX_PATH} CMAKE_PREFIX_PATH=/home/ism_student_2023/ros2_ws/src/leo_simulator-ros2/install/leo_gz_worlds:/home/ism_student_2023/ros2_ws/src/leo_simulator-ros2/install/leo_gz_plugins:/home/ism_student_2023/ros2_ws/install/leo:/home/ism_student_2023/ros2_ws/install/leo_teleop:/home/ism_student_2023/ros2_ws/install/leo_simulator:/home/ism_student_2023/ros2_ws/install/leo_msgs:/home/ism_student_2023/ros2_ws/install/leo_gz_bringup:/home/ism_student_2023/ros2_ws/install/leo_gz_worlds:/home/ism_student_2023/ros2_ws/install/leo_gz_plugins:/home/ism_student_2023/ros2_ws/install/leo_description:/home/ism_student_2023/leosim_ws/install/leo:/home/ism_student_2023/leosim_ws/install/leo_teleop:/home/ism_student_2023/leosim_ws/install/leo_simulator:/home/ism_student_2023/leosim_ws/install/leo_msgs:/home/ism_student_2023/leosim_ws/install/leo_gz_bringup:/home/ism_student_2023/leosim_ws/install/leo_gz_worlds:/home/ism_student_2023/leosim_ws/install/leo_gz_plugins:/home/ism_student_2023/leosim_ws/install/leo_description:/home/ism_student_2023/ros2_ws/install/rtabmap_livox:/opt/ros/humble LD_LIBRARY_PATH=/home/ism_student_2023/ros2_ws/src/leo_simulator-ros2/install/leo_gz_plugins/lib:${LD_LIBRARY_PATH} /usr/bin/cmake --build /home/ism_student_2023/ros2_ws/src/leo_simulator-ros2/build/leo_gz_bringup -- -j16 -l16
[1.789s] DEBUG:colcon.colcon_core.event_handler.log_command:Invoked command in '/home/ism_student_2023/ros2_ws/src/leo_simulator-ros2/build/leo_gz_bringup' returned '0': AMENT_PREFIX_PATH=/home/ism_student_2023/ros2_ws/src/leo_simulator-ros2/install/leo_gz_worlds:/home/ism_student_2023/ros2_ws/src/leo_simulator-ros2/install/leo_gz_plugins:${AMENT_PREFIX_PATH} CMAKE_PREFIX_PATH=/home/ism_student_2023/ros2_ws/src/leo_simulator-ros2/install/leo_gz_worlds:/home/ism_student_2023/ros2_ws/src/leo_simulator-ros2/install/leo_gz_plugins:/home/ism_student_2023/ros2_ws/install/leo:/home/ism_student_2023/ros2_ws/install/leo_teleop:/home/ism_student_2023/ros2_ws/install/leo_simulator:/home/ism_student_2023/ros2_ws/install/leo_msgs:/home/ism_student_2023/ros2_ws/install/leo_gz_bringup:/home/ism_student_2023/ros2_ws/install/leo_gz_worlds:/home/ism_student_2023/ros2_ws/install/leo_gz_plugins:/home/ism_student_2023/ros2_ws/install/leo_description:/home/ism_student_2023/leosim_ws/install/leo:/home/ism_student_2023/leosim_ws/install/leo_teleop:/home/ism_student_2023/leosim_ws/install/leo_simulator:/home/ism_student_2023/leosim_ws/install/leo_msgs:/home/ism_student_2023/leosim_ws/install/leo_gz_bringup:/home/ism_student_2023/leosim_ws/install/leo_gz_worlds:/home/ism_student_2023/leosim_ws/install/leo_gz_plugins:/home/ism_student_2023/leosim_ws/install/leo_description:/home/ism_student_2023/ros2_ws/install/rtabmap_livox:/opt/ros/humble LD_LIBRARY_PATH=/home/ism_student_2023/ros2_ws/src/leo_simulator-ros2/install/leo_gz_plugins/lib:${LD_LIBRARY_PATH} /usr/bin/cmake --build /home/ism_student_2023/ros2_ws/src/leo_simulator-ros2/build/leo_gz_bringup -- -j16 -l16
[1.804s] DEBUG:colcon.colcon_core.event_handler.log_command:Invoking command in '/home/ism_student_2023/ros2_ws/src/leo_simulator-ros2/build/leo_gz_bringup': AMENT_PREFIX_PATH=/home/ism_student_2023/ros2_ws/src/leo_simulator-ros2/install/leo_gz_worlds:/home/ism_student_2023/ros2_ws/src/leo_simulator-ros2/install/leo_gz_plugins:${AMENT_PREFIX_PATH} CMAKE_PREFIX_PATH=/home/ism_student_2023/ros2_ws/src/leo_simulator-ros2/install/leo_gz_worlds:/home/ism_student_2023/ros2_ws/src/leo_simulator-ros2/install/leo_gz_plugins:/home/ism_student_2023/ros2_ws/install/leo:/home/ism_student_2023/ros2_ws/install/leo_teleop:/home/ism_student_2023/ros2_ws/install/leo_simulator:/home/ism_student_2023/ros2_ws/install/leo_msgs:/home/ism_student_2023/ros2_ws/install/leo_gz_bringup:/home/ism_student_2023/ros2_ws/install/leo_gz_worlds:/home/ism_student_2023/ros2_ws/install/leo_gz_plugins:/home/ism_student_2023/ros2_ws/install/leo_description:/home/ism_student_2023/leosim_ws/install/leo:/home/ism_student_2023/leosim_ws/install/leo_teleop:/home/ism_student_2023/leosim_ws/install/leo_simulator:/home/ism_student_2023/leosim_ws/install/leo_msgs:/home/ism_student_2023/leosim_ws/install/leo_gz_bringup:/home/ism_student_2023/leosim_ws/install/leo_gz_worlds:/home/ism_student_2023/leosim_ws/install/leo_gz_plugins:/home/ism_student_2023/leosim_ws/install/leo_description:/home/ism_student_2023/ros2_ws/install/rtabmap_livox:/opt/ros/humble LD_LIBRARY_PATH=/home/ism_student_2023/ros2_ws/src/leo_simulator-ros2/install/leo_gz_plugins/lib:${LD_LIBRARY_PATH} /usr/bin/cmake --install /home/ism_student_2023/ros2_ws/src/leo_simulator-ros2/build/leo_gz_bringup
[1.810s] Level 1:colcon.colcon_core.environment:create_environment_scripts_only(leo_gz_bringup)
[1.810s] DEBUG:colcon.colcon_core.event_handler.log_command:Invoked command in '/home/ism_student_2023/ros2_ws/src/leo_simulator-ros2/build/leo_gz_bringup' returned '0': AMENT_PREFIX_PATH=/home/ism_student_2023/ros2_ws/src/leo_simulator-ros2/install/leo_gz_worlds:/home/ism_student_2023/ros2_ws/src/leo_simulator-ros2/install/leo_gz_plugins:${AMENT_PREFIX_PATH} CMAKE_PREFIX_PATH=/home/ism_student_2023/ros2_ws/src/leo_simulator-ros2/install/leo_gz_worlds:/home/ism_student_2023/ros2_ws/src/leo_simulator-ros2/install/leo_gz_plugins:/home/ism_student_2023/ros2_ws/install/leo:/home/ism_student_2023/ros2_ws/install/leo_teleop:/home/ism_student_2023/ros2_ws/install/leo_simulator:/home/ism_student_2023/ros2_ws/install/leo_msgs:/home/ism_student_2023/ros2_ws/install/leo_gz_bringup:/home/ism_student_2023/ros2_ws/install/leo_gz_worlds:/home/ism_student_2023/ros2_ws/install/leo_gz_plugins:/home/ism_student_2023/ros2_ws/install/leo_description:/home/ism_student_2023/leosim_ws/install/leo:/home/ism_student_2023/leosim_ws/install/leo_teleop:/home/ism_student_2023/leosim_ws/install/leo_simulator:/home/ism_student_2023/leosim_ws/install/leo_msgs:/home/ism_student_2023/leosim_ws/install/leo_gz_bringup:/home/ism_student_2023/leosim_ws/install/leo_gz_worlds:/home/ism_student_2023/leosim_ws/install/leo_gz_plugins:/home/ism_student_2023/leosim_ws/install/leo_description:/home/ism_student_2023/ros2_ws/install/rtabmap_livox:/opt/ros/humble LD_LIBRARY_PATH=/home/ism_student_2023/ros2_ws/src/leo_simulator-ros2/install/leo_gz_plugins/lib:${LD_LIBRARY_PATH} /usr/bin/cmake --install /home/ism_student_2023/ros2_ws/src/leo_simulator-ros2/build/leo_gz_bringup
[1.823s] Level 1:colcon.colcon_core.environment:checking '/home/ism_student_2023/ros2_ws/src/leo_simulator-ros2/install/leo_gz_bringup' for CMake module files
[1.824s] Level 1:colcon.colcon_core.environment:checking '/home/ism_student_2023/ros2_ws/src/leo_simulator-ros2/install/leo_gz_bringup' for CMake config files
[1.824s] Level 1:colcon.colcon_core.shell:create_environment_hook('leo_gz_bringup', 'cmake_prefix_path')
[1.837s] INFO:colcon.colcon_core.shell:Creating environment hook '/home/ism_student_2023/ros2_ws/src/leo_simulator-ros2/install/leo_gz_bringup/share/leo_gz_bringup/hook/cmake_prefix_path.ps1'
[1.837s] INFO:colcon.colcon_core.shell:Creating environment descriptor '/home/ism_student_2023/ros2_ws/src/leo_simulator-ros2/install/leo_gz_bringup/share/leo_gz_bringup/hook/cmake_prefix_path.dsv'
[1.837s] INFO:colcon.colcon_core.shell:Creating environment hook '/home/ism_student_2023/ros2_ws/src/leo_simulator-ros2/install/leo_gz_bringup/share/leo_gz_bringup/hook/cmake_prefix_path.sh'
[1.838s] Level 1:colcon.colcon_core.environment:checking '/home/ism_student_2023/ros2_ws/src/leo_simulator-ros2/install/leo_gz_bringup/bin'
[1.838s] Level 1:colcon.colcon_core.environment:checking '/home/ism_student_2023/ros2_ws/src/leo_simulator-ros2/install/leo_gz_bringup/lib/pkgconfig/leo_gz_bringup.pc'
[1.838s] Level 1:colcon.colcon_core.environment:checking '/home/ism_student_2023/ros2_ws/src/leo_simulator-ros2/install/leo_gz_bringup/lib/python3.10/site-packages'
[1.838s] Level 1:colcon.colcon_core.environment:checking '/home/ism_student_2023/ros2_ws/src/leo_simulator-ros2/install/leo_gz_bringup/bin'
[1.851s] INFO:colcon.colcon_core.shell:Creating package script '/home/ism_student_2023/ros2_ws/src/leo_simulator-ros2/install/leo_gz_bringup/share/leo_gz_bringup/package.ps1'
[1.852s] INFO:colcon.colcon_core.shell:Creating package descriptor '/home/ism_student_2023/ros2_ws/src/leo_simulator-ros2/install/leo_gz_bringup/share/leo_gz_bringup/package.dsv'
[1.852s] INFO:colcon.colcon_core.shell:Creating package script '/home/ism_student_2023/ros2_ws/src/leo_simulator-ros2/install/leo_gz_bringup/share/leo_gz_bringup/package.sh'
[1.852s] INFO:colcon.colcon_core.shell:Creating package script '/home/ism_student_2023/ros2_ws/src/leo_simulator-ros2/install/leo_gz_bringup/share/leo_gz_bringup/package.bash'
[1.852s] INFO:colcon.colcon_core.shell:Creating package script '/home/ism_student_2023/ros2_ws/src/leo_simulator-ros2/install/leo_gz_bringup/share/leo_gz_bringup/package.zsh'
[1.853s] Level 1:colcon.colcon_core.environment:create_file_with_runtime_dependencies(/home/ism_student_2023/ros2_ws/src/leo_simulator-ros2/install/leo_gz_bringup/share/colcon-core/packages/leo_gz_bringup)
[1.879s] Level 1:colcon.colcon_core.environment:create_environment_scripts_only(leo_gz_bringup)
[1.893s] Level 1:colcon.colcon_core.environment:checking '/home/ism_student_2023/ros2_ws/src/leo_simulator-ros2/install/leo_gz_bringup' for CMake module files
[1.893s] Level 1:colcon.colcon_core.environment:checking '/home/ism_student_2023/ros2_ws/src/leo_simulator-ros2/install/leo_gz_bringup' for CMake config files
[1.893s] Level 1:colcon.colcon_core.shell:create_environment_hook('leo_gz_bringup', 'cmake_prefix_path')
[1.907s] INFO:colcon.colcon_core.shell:Creating environment hook '/home/ism_student_2023/ros2_ws/src/leo_simulator-ros2/install/leo_gz_bringup/share/leo_gz_bringup/hook/cmake_prefix_path.ps1'
[1.908s] INFO:colcon.colcon_core.shell:Creating environment descriptor '/home/ism_student_2023/ros2_ws/src/leo_simulator-ros2/install/leo_gz_bringup/share/leo_gz_bringup/hook/cmake_prefix_path.dsv'
[1.908s] INFO:colcon.colcon_core.shell:Creating environment hook '/home/ism_student_2023/ros2_ws/src/leo_simulator-ros2/install/leo_gz_bringup/share/leo_gz_bringup/hook/cmake_prefix_path.sh'
[1.908s] Level 1:colcon.colcon_core.environment:checking '/home/ism_student_2023/ros2_ws/src/leo_simulator-ros2/install/leo_gz_bringup/bin'
[1.908s] Level 1:colcon.colcon_core.environment:checking '/home/ism_student_2023/ros2_ws/src/leo_simulator-ros2/install/leo_gz_bringup/lib/pkgconfig/leo_gz_bringup.pc'
[1.908s] Level 1:colcon.colcon_core.environment:checking '/home/ism_student_2023/ros2_ws/src/leo_simulator-ros2/install/leo_gz_bringup/lib/python3.10/site-packages'
[1.909s] Level 1:colcon.colcon_core.environment:checking '/home/ism_student_2023/ros2_ws/src/leo_simulator-ros2/install/leo_gz_bringup/bin'
[1.929s] INFO:colcon.colcon_core.shell:Creating package script '/home/ism_student_2023/ros2_ws/src/leo_simulator-ros2/install/leo_gz_bringup/share/leo_gz_bringup/package.ps1'
[1.929s] INFO:colcon.colcon_core.shell:Creating package descriptor '/home/ism_student_2023/ros2_ws/src/leo_simulator-ros2/install/leo_gz_bringup/share/leo_gz_bringup/package.dsv'
[1.929s] INFO:colcon.colcon_core.shell:Creating package script '/home/ism_student_2023/ros2_ws/src/leo_simulator-ros2/install/leo_gz_bringup/share/leo_gz_bringup/package.sh'
[1.930s] INFO:colcon.colcon_core.shell:Creating package script '/home/ism_student_2023/ros2_ws/src/leo_simulator-ros2/install/leo_gz_bringup/share/leo_gz_bringup/package.bash'
[1.930s] INFO:colcon.colcon_core.shell:Creating package script '/home/ism_student_2023/ros2_ws/src/leo_simulator-ros2/install/leo_gz_bringup/share/leo_gz_bringup/package.zsh'
[1.930s] Level 1:colcon.colcon_core.environment:create_file_with_runtime_dependencies(/home/ism_student_2023/ros2_ws/src/leo_simulator-ros2/install/leo_gz_bringup/share/colcon-core/packages/leo_gz_bringup)
[1.930s] INFO:colcon.colcon_ros.task.ament_cmake.build:Building ROS package in '/home/ism_student_2023/ros2_ws/src/leo_simulator-ros2/leo_simulator' with build type 'ament_cmake'
[1.931s] INFO:colcon.colcon_cmake.task.cmake.build:Building CMake package in '/home/ism_student_2023/ros2_ws/src/leo_simulator-ros2/leo_simulator'
[1.944s] INFO:colcon.colcon_core.shell:Skip shell extension 'powershell' for command environment: Not usable outside of PowerShell
[1.944s] DEBUG:colcon.colcon_core.shell:Skip shell extension 'dsv' for command environment
[2.006s] DEBUG:colcon.colcon_core.event_handler.log_command:Invoking command in '/home/ism_student_2023/ros2_ws/src/leo_simulator-ros2/build/leo_simulator': AMENT_PREFIX_PATH=/home/ism_student_2023/ros2_ws/src/leo_simulator-ros2/install/leo_gz_bringup:/home/ism_student_2023/ros2_ws/src/leo_simulator-ros2/install/leo_gz_worlds:/home/ism_student_2023/ros2_ws/src/leo_simulator-ros2/install/leo_gz_plugins:${AMENT_PREFIX_PATH} CMAKE_PREFIX_PATH=/home/ism_student_2023/ros2_ws/src/leo_simulator-ros2/install/leo_gz_bringup:/home/ism_student_2023/ros2_ws/src/leo_simulator-ros2/install/leo_gz_worlds:/home/ism_student_2023/ros2_ws/src/leo_simulator-ros2/install/leo_gz_plugins:/home/ism_student_2023/ros2_ws/install/leo:/home/ism_student_2023/ros2_ws/install/leo_teleop:/home/ism_student_2023/ros2_ws/install/leo_simulator:/home/ism_student_2023/ros2_ws/install/leo_msgs:/home/ism_student_2023/ros2_ws/install/leo_gz_bringup:/home/ism_student_2023/ros2_ws/install/leo_gz_worlds:/home/ism_student_2023/ros2_ws/install/leo_gz_plugins:/home/ism_student_2023/ros2_ws/install/leo_description:/home/ism_student_2023/leosim_ws/install/leo:/home/ism_student_2023/leosim_ws/install/leo_teleop:/home/ism_student_2023/leosim_ws/install/leo_simulator:/home/ism_student_2023/leosim_ws/install/leo_msgs:/home/ism_student_2023/leosim_ws/install/leo_gz_bringup:/home/ism_student_2023/leosim_ws/install/leo_gz_worlds:/home/ism_student_2023/leosim_ws/install/leo_gz_plugins:/home/ism_student_2023/leosim_ws/install/leo_description:/home/ism_student_2023/ros2_ws/install/rtabmap_livox:/opt/ros/humble LD_LIBRARY_PATH=/home/ism_student_2023/ros2_ws/src/leo_simulator-ros2/install/leo_gz_plugins/lib:${LD_LIBRARY_PATH} /usr/bin/cmake --build /home/ism_student_2023/ros2_ws/src/leo_simulator-ros2/build/leo_simulator -- -j16 -l16
[2.028s] DEBUG:colcon.colcon_core.event_handler.log_command:Invoked command in '/home/ism_student_2023/ros2_ws/src/leo_simulator-ros2/build/leo_simulator' returned '0': AMENT_PREFIX_PATH=/home/ism_student_2023/ros2_ws/src/leo_simulator-ros2/install/leo_gz_bringup:/home/ism_student_2023/ros2_ws/src/leo_simulator-ros2/install/leo_gz_worlds:/home/ism_student_2023/ros2_ws/src/leo_simulator-ros2/install/leo_gz_plugins:${AMENT_PREFIX_PATH} CMAKE_PREFIX_PATH=/home/ism_student_2023/ros2_ws/src/leo_simulator-ros2/install/leo_gz_bringup:/home/ism_student_2023/ros2_ws/src/leo_simulator-ros2/install/leo_gz_worlds:/home/ism_student_2023/ros2_ws/src/leo_simulator-ros2/install/leo_gz_plugins:/home/ism_student_2023/ros2_ws/install/leo:/home/ism_student_2023/ros2_ws/install/leo_teleop:/home/ism_student_2023/ros2_ws/install/leo_simulator:/home/ism_student_2023/ros2_ws/install/leo_msgs:/home/ism_student_2023/ros2_ws/install/leo_gz_bringup:/home/ism_student_2023/ros2_ws/install/leo_gz_worlds:/home/ism_student_2023/ros2_ws/install/leo_gz_plugins:/home/ism_student_2023/ros2_ws/install/leo_description:/home/ism_student_2023/leosim_ws/install/leo:/home/ism_student_2023/leosim_ws/install/leo_teleop:/home/ism_student_2023/leosim_ws/install/leo_simulator:/home/ism_student_2023/leosim_ws/install/leo_msgs:/home/ism_student_2023/leosim_ws/install/leo_gz_bringup:/home/ism_student_2023/leosim_ws/install/leo_gz_worlds:/home/ism_student_2023/leosim_ws/install/leo_gz_plugins:/home/ism_student_2023/leosim_ws/install/leo_description:/home/ism_student_2023/ros2_ws/install/rtabmap_livox:/opt/ros/humble LD_LIBRARY_PATH=/home/ism_student_2023/ros2_ws/src/leo_simulator-ros2/install/leo_gz_plugins/lib:${LD_LIBRARY_PATH} /usr/bin/cmake --build /home/ism_student_2023/ros2_ws/src/leo_simulator-ros2/build/leo_simulator -- -j16 -l16
[2.041s] DEBUG:colcon.colcon_core.event_handler.log_command:Invoking command in '/home/ism_student_2023/ros2_ws/src/leo_simulator-ros2/build/leo_simulator': AMENT_PREFIX_PATH=/home/ism_student_2023/ros2_ws/src/leo_simulator-ros2/install/leo_gz_bringup:/home/ism_student_2023/ros2_ws/src/leo_simulator-ros2/install/leo_gz_worlds:/home/ism_student_2023/ros2_ws/src/leo_simulator-ros2/install/leo_gz_plugins:${AMENT_PREFIX_PATH} CMAKE_PREFIX_PATH=/home/ism_student_2023/ros2_ws/src/leo_simulator-ros2/install/leo_gz_bringup:/home/ism_student_2023/ros2_ws/src/leo_simulator-ros2/install/leo_gz_worlds:/home/ism_student_2023/ros2_ws/src/leo_simulator-ros2/install/leo_gz_plugins:/home/ism_student_2023/ros2_ws/install/leo:/home/ism_student_2023/ros2_ws/install/leo_teleop:/home/ism_student_2023/ros2_ws/install/leo_simulator:/home/ism_student_2023/ros2_ws/install/leo_msgs:/home/ism_student_2023/ros2_ws/install/leo_gz_bringup:/home/ism_student_2023/ros2_ws/install/leo_gz_worlds:/home/ism_student_2023/ros2_ws/install/leo_gz_plugins:/home/ism_student_2023/ros2_ws/install/leo_description:/home/ism_student_2023/leosim_ws/install/leo:/home/ism_student_2023/leosim_ws/install/leo_teleop:/home/ism_student_2023/leosim_ws/install/leo_simulator:/home/ism_student_2023/leosim_ws/install/leo_msgs:/home/ism_student_2023/leosim_ws/install/leo_gz_bringup:/home/ism_student_2023/leosim_ws/install/leo_gz_worlds:/home/ism_student_2023/leosim_ws/install/leo_gz_plugins:/home/ism_student_2023/leosim_ws/install/leo_description:/home/ism_student_2023/ros2_ws/install/rtabmap_livox:/opt/ros/humble LD_LIBRARY_PATH=/home/ism_student_2023/ros2_ws/src/leo_simulator-ros2/install/leo_gz_plugins/lib:${LD_LIBRARY_PATH} /usr/bin/cmake --install /home/ism_student_2023/ros2_ws/src/leo_simulator-ros2/build/leo_simulator
[2.047s] Level 1:colcon.colcon_core.environment:create_environment_scripts_only(leo_simulator)
[2.048s] DEBUG:colcon.colcon_core.event_handler.log_command:Invoked command in '/home/ism_student_2023/ros2_ws/src/leo_simulator-ros2/build/leo_simulator' returned '0': AMENT_PREFIX_PATH=/home/ism_student_2023/ros2_ws/src/leo_simulator-ros2/install/leo_gz_bringup:/home/ism_student_2023/ros2_ws/src/leo_simulator-ros2/install/leo_gz_worlds:/home/ism_student_2023/ros2_ws/src/leo_simulator-ros2/install/leo_gz_plugins:${AMENT_PREFIX_PATH} CMAKE_PREFIX_PATH=/home/ism_student_2023/ros2_ws/src/leo_simulator-ros2/install/leo_gz_bringup:/home/ism_student_2023/ros2_ws/src/leo_simulator-ros2/install/leo_gz_worlds:/home/ism_student_2023/ros2_ws/src/leo_simulator-ros2/install/leo_gz_plugins:/home/ism_student_2023/ros2_ws/install/leo:/home/ism_student_2023/ros2_ws/install/leo_teleop:/home/ism_student_2023/ros2_ws/install/leo_simulator:/home/ism_student_2023/ros2_ws/install/leo_msgs:/home/ism_student_2023/ros2_ws/install/leo_gz_bringup:/home/ism_student_2023/ros2_ws/install/leo_gz_worlds:/home/ism_student_2023/ros2_ws/install/leo_gz_plugins:/home/ism_student_2023/ros2_ws/install/leo_description:/home/ism_student_2023/leosim_ws/install/leo:/home/ism_student_2023/leosim_ws/install/leo_teleop:/home/ism_student_2023/leosim_ws/install/leo_simulator:/home/ism_student_2023/leosim_ws/install/leo_msgs:/home/ism_student_2023/leosim_ws/install/leo_gz_bringup:/home/ism_student_2023/leosim_ws/install/leo_gz_worlds:/home/ism_student_2023/leosim_ws/install/leo_gz_plugins:/home/ism_student_2023/leosim_ws/install/leo_description:/home/ism_student_2023/ros2_ws/install/rtabmap_livox:/opt/ros/humble LD_LIBRARY_PATH=/home/ism_student_2023/ros2_ws/src/leo_simulator-ros2/install/leo_gz_plugins/lib:${LD_LIBRARY_PATH} /usr/bin/cmake --install /home/ism_student_2023/ros2_ws/src/leo_simulator-ros2/build/leo_simulator
[2.061s] Level 1:colcon.colcon_core.environment:checking '/home/ism_student_2023/ros2_ws/src/leo_simulator-ros2/install/leo_simulator' for CMake module files
[2.061s] Level 1:colcon.colcon_core.environment:checking '/home/ism_student_2023/ros2_ws/src/leo_simulator-ros2/install/leo_simulator' for CMake config files
[2.061s] Level 1:colcon.colcon_core.shell:create_environment_hook('leo_simulator', 'cmake_prefix_path')
[2.074s] INFO:colcon.colcon_core.shell:Creating environment hook '/home/ism_student_2023/ros2_ws/src/leo_simulator-ros2/install/leo_simulator/share/leo_simulator/hook/cmake_prefix_path.ps1'
[2.075s] INFO:colcon.colcon_core.shell:Creating environment descriptor '/home/ism_student_2023/ros2_ws/src/leo_simulator-ros2/install/leo_simulator/share/leo_simulator/hook/cmake_prefix_path.dsv'
[2.075s] INFO:colcon.colcon_core.shell:Creating environment hook '/home/ism_student_2023/ros2_ws/src/leo_simulator-ros2/install/leo_simulator/share/leo_simulator/hook/cmake_prefix_path.sh'
[2.075s] Level 1:colcon.colcon_core.environment:checking '/home/ism_student_2023/ros2_ws/src/leo_simulator-ros2/install/leo_simulator/bin'
[2.075s] Level 1:colcon.colcon_core.environment:checking '/home/ism_student_2023/ros2_ws/src/leo_simulator-ros2/install/leo_simulator/lib/pkgconfig/leo_simulator.pc'
[2.076s] Level 1:colcon.colcon_core.environment:checking '/home/ism_student_2023/ros2_ws/src/leo_simulator-ros2/install/leo_simulator/lib/python3.10/site-packages'
[2.076s] Level 1:colcon.colcon_core.environment:checking '/home/ism_student_2023/ros2_ws/src/leo_simulator-ros2/install/leo_simulator/bin'
[2.089s] INFO:colcon.colcon_core.shell:Creating package script '/home/ism_student_2023/ros2_ws/src/leo_simulator-ros2/install/leo_simulator/share/leo_simulator/package.ps1'
[2.090s] INFO:colcon.colcon_core.shell:Creating package descriptor '/home/ism_student_2023/ros2_ws/src/leo_simulator-ros2/install/leo_simulator/share/leo_simulator/package.dsv'
[2.090s] INFO:colcon.colcon_core.shell:Creating package script '/home/ism_student_2023/ros2_ws/src/leo_simulator-ros2/install/leo_simulator/share/leo_simulator/package.sh'
[2.090s] INFO:colcon.colcon_core.shell:Creating package script '/home/ism_student_2023/ros2_ws/src/leo_simulator-ros2/install/leo_simulator/share/leo_simulator/package.bash'
[2.090s] INFO:colcon.colcon_core.shell:Creating package script '/home/ism_student_2023/ros2_ws/src/leo_simulator-ros2/install/leo_simulator/share/leo_simulator/package.zsh'
[2.090s] Level 1:colcon.colcon_core.environment:create_file_with_runtime_dependencies(/home/ism_student_2023/ros2_ws/src/leo_simulator-ros2/install/leo_simulator/share/colcon-core/packages/leo_simulator)
[2.117s] Level 1:colcon.colcon_core.environment:create_environment_scripts_only(leo_simulator)
[2.130s] Level 1:colcon.colcon_core.environment:checking '/home/ism_student_2023/ros2_ws/src/leo_simulator-ros2/install/leo_simulator' for CMake module files
[2.130s] Level 1:colcon.colcon_core.environment:checking '/home/ism_student_2023/ros2_ws/src/leo_simulator-ros2/install/leo_simulator' for CMake config files
[2.130s] Level 1:colcon.colcon_core.shell:create_environment_hook('leo_simulator', 'cmake_prefix_path')
[2.143s] INFO:colcon.colcon_core.shell:Creating environment hook '/home/ism_student_2023/ros2_ws/src/leo_simulator-ros2/install/leo_simulator/share/leo_simulator/hook/cmake_prefix_path.ps1'
[2.144s] INFO:colcon.colcon_core.shell:Creating environment descriptor '/home/ism_student_2023/ros2_ws/src/leo_simulator-ros2/install/leo_simulator/share/leo_simulator/hook/cmake_prefix_path.dsv'
[2.144s] INFO:colcon.colcon_core.shell:Creating environment hook '/home/ism_student_2023/ros2_ws/src/leo_simulator-ros2/install/leo_simulator/share/leo_simulator/hook/cmake_prefix_path.sh'
[2.144s] Level 1:colcon.colcon_core.environment:checking '/home/ism_student_2023/ros2_ws/src/leo_simulator-ros2/install/leo_simulator/bin'
[2.144s] Level 1:colcon.colcon_core.environment:checking '/home/ism_student_2023/ros2_ws/src/leo_simulator-ros2/install/leo_simulator/lib/pkgconfig/leo_simulator.pc'
[2.144s] Level 1:colcon.colcon_core.environment:checking '/home/ism_student_2023/ros2_ws/src/leo_simulator-ros2/install/leo_simulator/lib/python3.10/site-packages'
[2.145s] Level 1:colcon.colcon_core.environment:checking '/home/ism_student_2023/ros2_ws/src/leo_simulator-ros2/install/leo_simulator/bin'
[2.158s] INFO:colcon.colcon_core.shell:Creating package script '/home/ism_student_2023/ros2_ws/src/leo_simulator-ros2/install/leo_simulator/share/leo_simulator/package.ps1'
[2.158s] INFO:colcon.colcon_core.shell:Creating package descriptor '/home/ism_student_2023/ros2_ws/src/leo_simulator-ros2/install/leo_simulator/share/leo_simulator/package.dsv'
[2.158s] INFO:colcon.colcon_core.shell:Creating package script '/home/ism_student_2023/ros2_ws/src/leo_simulator-ros2/install/leo_simulator/share/leo_simulator/package.sh'
[2.159s] INFO:colcon.colcon_core.shell:Creating package script '/home/ism_student_2023/ros2_ws/src/leo_simulator-ros2/install/leo_simulator/share/leo_simulator/package.bash'
[2.159s] INFO:colcon.colcon_core.shell:Creating package script '/home/ism_student_2023/ros2_ws/src/leo_simulator-ros2/install/leo_simulator/share/leo_simulator/package.zsh'
[2.159s] Level 1:colcon.colcon_core.environment:create_file_with_runtime_dependencies(/home/ism_student_2023/ros2_ws/src/leo_simulator-ros2/install/leo_simulator/share/colcon-core/packages/leo_simulator)
[2.159s] DEBUG:colcon.colcon_parallel_executor.executor.parallel:closing loop
[2.159s] DEBUG:colcon.colcon_parallel_executor.executor.parallel:loop closed
[2.159s] DEBUG:colcon.colcon_parallel_executor.executor.parallel:run_until_complete finished with '0'
[2.159s] DEBUG:colcon.colcon_core.event_reactor:joining thread
[2.180s] INFO:colcon.colcon_core.plugin_system:Skipping extension 'colcon_notification.desktop_notification.terminal_notifier': Not used on non-Darwin systems
[2.180s] INFO:colcon.colcon_core.plugin_system:Skipping extension 'colcon_notification.desktop_notification.win32': Not used on non-Windows systems
[2.180s] INFO:colcon.colcon_notification.desktop_notification:Sending desktop notification using 'notify2'
[2.189s] DEBUG:colcon.colcon_core.event_reactor:joined thread
[2.203s] INFO:colcon.colcon_core.shell:Creating prefix script '/home/ism_student_2023/ros2_ws/src/leo_simulator-ros2/install/local_setup.ps1'
[2.203s] INFO:colcon.colcon_core.shell:Creating prefix util module '/home/ism_student_2023/ros2_ws/src/leo_simulator-ros2/install/_local_setup_util_ps1.py'
[2.204s] INFO:colcon.colcon_core.shell:Creating prefix chain script '/home/ism_student_2023/ros2_ws/src/leo_simulator-ros2/install/setup.ps1'
[2.219s] INFO:colcon.colcon_core.shell:Creating prefix script '/home/ism_student_2023/ros2_ws/src/leo_simulator-ros2/install/local_setup.sh'
[2.219s] INFO:colcon.colcon_core.shell:Creating prefix util module '/home/ism_student_2023/ros2_ws/src/leo_simulator-ros2/install/_local_setup_util_sh.py'
[2.219s] INFO:colcon.colcon_core.shell:Creating prefix chain script '/home/ism_student_2023/ros2_ws/src/leo_simulator-ros2/install/setup.sh'
[2.234s] INFO:colcon.colcon_core.shell:Creating prefix script '/home/ism_student_2023/ros2_ws/src/leo_simulator-ros2/install/local_setup.bash'
[2.234s] INFO:colcon.colcon_core.shell:Creating prefix chain script '/home/ism_student_2023/ros2_ws/src/leo_simulator-ros2/install/setup.bash'
[2.248s] INFO:colcon.colcon_core.shell:Creating prefix script '/home/ism_student_2023/ros2_ws/src/leo_simulator-ros2/install/local_setup.zsh'
[2.248s] INFO:colcon.colcon_core.shell:Creating prefix chain script '/home/ism_student_2023/ros2_ws/src/leo_simulator-ros2/install/setup.zsh'
