[0.074s] Invoking command in '/home/ism_student_2023/ros2_ws/src/leo_simulator-ros2/build/leo_gz_bringup': AMENT_PREFIX_PATH=/home/ism_student_2023/ros2_ws/src/leo_simulator-ros2/install/leo_gz_worlds:/home/ism_student_2023/ros2_ws/src/leo_simulator-ros2/install/leo_gz_plugins:${AMENT_PREFIX_PATH} CMAKE_PREFIX_PATH=/home/ism_student_2023/ros2_ws/src/leo_simulator-ros2/install/leo_gz_worlds:/home/ism_student_2023/ros2_ws/src/leo_simulator-ros2/install/leo_gz_plugins:/home/ism_student_2023/ros2_ws/install/leo:/home/ism_student_2023/ros2_ws/install/leo_teleop:/home/ism_student_2023/ros2_ws/install/leo_simulator:/home/ism_student_2023/ros2_ws/install/leo_msgs:/home/ism_student_2023/ros2_ws/install/leo_gz_bringup:/home/ism_student_2023/ros2_ws/install/leo_gz_worlds:/home/ism_student_2023/ros2_ws/install/leo_gz_plugins:/home/ism_student_2023/ros2_ws/install/leo_description:/home/ism_student_2023/leosim_ws/install/leo:/home/ism_student_2023/leosim_ws/install/leo_teleop:/home/ism_student_2023/leosim_ws/install/leo_simulator:/home/ism_student_2023/leosim_ws/install/leo_msgs:/home/ism_student_2023/leosim_ws/install/leo_gz_bringup:/home/ism_student_2023/leosim_ws/install/leo_gz_worlds:/home/ism_student_2023/leosim_ws/install/leo_gz_plugins:/home/ism_student_2023/leosim_ws/install/leo_description:/home/ism_student_2023/ros2_ws/install/rtabmap_livox:/opt/ros/humble LD_LIBRARY_PATH=/home/ism_student_2023/ros2_ws/src/leo_simulator-ros2/install/leo_gz_plugins/lib:${LD_LIBRARY_PATH} /usr/bin/cmake /home/ism_student_2023/ros2_ws/src/leo_simulator-ros2/leo_gz_bringup -DCMAKE_INSTALL_PREFIX=/home/ism_student_2023/ros2_ws/src/leo_simulator-ros2/install/leo_gz_bringup
[0.109s] -- The C compiler identification is GNU 11.4.0
[0.145s] -- The CXX compiler identification is GNU 11.4.0
[0.150s] -- Detecting C compiler ABI info
[0.194s] -- Detecting C compiler ABI info - done
[0.200s] -- Check for working C compiler: /usr/bin/cc - skipped
[0.200s] -- Detecting C compile features
[0.200s] -- Detecting C compile features - done
[0.202s] -- Detecting CXX compiler ABI info
[0.254s] -- Detecting CXX compiler ABI info - done
[0.259s] -- Check for working CXX compiler: /usr/bin/c++ - skipped
[0.259s] -- Detecting CXX compile features
[0.260s] -- Detecting CXX compile features - done
[0.262s] -- Found ament_cmake: 1.3.7 (/opt/ros/humble/share/ament_cmake/cmake)
[0.386s] -- Found Python3: /usr/bin/python3.10 (found version "3.10.12") found components: Interpreter 
[0.463s] -- Found ament_lint_auto: 0.12.10 (/opt/ros/humble/share/ament_lint_auto/cmake)
[0.522s] -- Added test 'black' to check Python code style
[0.522s] -- Added test 'copyright' to check source files copyright and LICENSE
[0.523s] -- Added test 'lint_cmake' to check CMake code style
[0.523s] -- Added test 'mypy' to statically type check Python code.
[0.524s] -- Added test 'xmllint' to check XML markup files
[0.525s] -- Configuring done
[0.527s] -- Generating done
[0.527s] -- Build files have been written to: /home/ism_student_2023/ros2_ws/src/leo_simulator-ros2/build/leo_gz_bringup
[0.530s] Invoked command in '/home/ism_student_2023/ros2_ws/src/leo_simulator-ros2/build/leo_gz_bringup' returned '0': AMENT_PREFIX_PATH=/home/ism_student_2023/ros2_ws/src/leo_simulator-ros2/install/leo_gz_worlds:/home/ism_student_2023/ros2_ws/src/leo_simulator-ros2/install/leo_gz_plugins:${AMENT_PREFIX_PATH} CMAKE_PREFIX_PATH=/home/ism_student_2023/ros2_ws/src/leo_simulator-ros2/install/leo_gz_worlds:/home/ism_student_2023/ros2_ws/src/leo_simulator-ros2/install/leo_gz_plugins:/home/ism_student_2023/ros2_ws/install/leo:/home/ism_student_2023/ros2_ws/install/leo_teleop:/home/ism_student_2023/ros2_ws/install/leo_simulator:/home/ism_student_2023/ros2_ws/install/leo_msgs:/home/ism_student_2023/ros2_ws/install/leo_gz_bringup:/home/ism_student_2023/ros2_ws/install/leo_gz_worlds:/home/ism_student_2023/ros2_ws/install/leo_gz_plugins:/home/ism_student_2023/ros2_ws/install/leo_description:/home/ism_student_2023/leosim_ws/install/leo:/home/ism_student_2023/leosim_ws/install/leo_teleop:/home/ism_student_2023/leosim_ws/install/leo_simulator:/home/ism_student_2023/leosim_ws/install/leo_msgs:/home/ism_student_2023/leosim_ws/install/leo_gz_bringup:/home/ism_student_2023/leosim_ws/install/leo_gz_worlds:/home/ism_student_2023/leosim_ws/install/leo_gz_plugins:/home/ism_student_2023/leosim_ws/install/leo_description:/home/ism_student_2023/ros2_ws/install/rtabmap_livox:/opt/ros/humble LD_LIBRARY_PATH=/home/ism_student_2023/ros2_ws/src/leo_simulator-ros2/install/leo_gz_plugins/lib:${LD_LIBRARY_PATH} /usr/bin/cmake /home/ism_student_2023/ros2_ws/src/leo_simulator-ros2/leo_gz_bringup -DCMAKE_INSTALL_PREFIX=/home/ism_student_2023/ros2_ws/src/leo_simulator-ros2/install/leo_gz_bringup
[0.531s] Invoking command in '/home/ism_student_2023/ros2_ws/src/leo_simulator-ros2/build/leo_gz_bringup': AMENT_PREFIX_PATH=/home/ism_student_2023/ros2_ws/src/leo_simulator-ros2/install/leo_gz_worlds:/home/ism_student_2023/ros2_ws/src/leo_simulator-ros2/install/leo_gz_plugins:${AMENT_PREFIX_PATH} CMAKE_PREFIX_PATH=/home/ism_student_2023/ros2_ws/src/leo_simulator-ros2/install/leo_gz_worlds:/home/ism_student_2023/ros2_ws/src/leo_simulator-ros2/install/leo_gz_plugins:/home/ism_student_2023/ros2_ws/install/leo:/home/ism_student_2023/ros2_ws/install/leo_teleop:/home/ism_student_2023/ros2_ws/install/leo_simulator:/home/ism_student_2023/ros2_ws/install/leo_msgs:/home/ism_student_2023/ros2_ws/install/leo_gz_bringup:/home/ism_student_2023/ros2_ws/install/leo_gz_worlds:/home/ism_student_2023/ros2_ws/install/leo_gz_plugins:/home/ism_student_2023/ros2_ws/install/leo_description:/home/ism_student_2023/leosim_ws/install/leo:/home/ism_student_2023/leosim_ws/install/leo_teleop:/home/ism_student_2023/leosim_ws/install/leo_simulator:/home/ism_student_2023/leosim_ws/install/leo_msgs:/home/ism_student_2023/leosim_ws/install/leo_gz_bringup:/home/ism_student_2023/leosim_ws/install/leo_gz_worlds:/home/ism_student_2023/leosim_ws/install/leo_gz_plugins:/home/ism_student_2023/leosim_ws/install/leo_description:/home/ism_student_2023/ros2_ws/install/rtabmap_livox:/opt/ros/humble LD_LIBRARY_PATH=/home/ism_student_2023/ros2_ws/src/leo_simulator-ros2/install/leo_gz_plugins/lib:${LD_LIBRARY_PATH} /usr/bin/cmake --build /home/ism_student_2023/ros2_ws/src/leo_simulator-ros2/build/leo_gz_bringup -- -j16 -l16
[0.557s] Invoked command in '/home/ism_student_2023/ros2_ws/src/leo_simulator-ros2/build/leo_gz_bringup' returned '0': AMENT_PREFIX_PATH=/home/ism_student_2023/ros2_ws/src/leo_simulator-ros2/install/leo_gz_worlds:/home/ism_student_2023/ros2_ws/src/leo_simulator-ros2/install/leo_gz_plugins:${AMENT_PREFIX_PATH} CMAKE_PREFIX_PATH=/home/ism_student_2023/ros2_ws/src/leo_simulator-ros2/install/leo_gz_worlds:/home/ism_student_2023/ros2_ws/src/leo_simulator-ros2/install/leo_gz_plugins:/home/ism_student_2023/ros2_ws/install/leo:/home/ism_student_2023/ros2_ws/install/leo_teleop:/home/ism_student_2023/ros2_ws/install/leo_simulator:/home/ism_student_2023/ros2_ws/install/leo_msgs:/home/ism_student_2023/ros2_ws/install/leo_gz_bringup:/home/ism_student_2023/ros2_ws/install/leo_gz_worlds:/home/ism_student_2023/ros2_ws/install/leo_gz_plugins:/home/ism_student_2023/ros2_ws/install/leo_description:/home/ism_student_2023/leosim_ws/install/leo:/home/ism_student_2023/leosim_ws/install/leo_teleop:/home/ism_student_2023/leosim_ws/install/leo_simulator:/home/ism_student_2023/leosim_ws/install/leo_msgs:/home/ism_student_2023/leosim_ws/install/leo_gz_bringup:/home/ism_student_2023/leosim_ws/install/leo_gz_worlds:/home/ism_student_2023/leosim_ws/install/leo_gz_plugins:/home/ism_student_2023/leosim_ws/install/leo_description:/home/ism_student_2023/ros2_ws/install/rtabmap_livox:/opt/ros/humble LD_LIBRARY_PATH=/home/ism_student_2023/ros2_ws/src/leo_simulator-ros2/install/leo_gz_plugins/lib:${LD_LIBRARY_PATH} /usr/bin/cmake --build /home/ism_student_2023/ros2_ws/src/leo_simulator-ros2/build/leo_gz_bringup -- -j16 -l16
[0.572s] Invoking command in '/home/ism_student_2023/ros2_ws/src/leo_simulator-ros2/build/leo_gz_bringup': AMENT_PREFIX_PATH=/home/ism_student_2023/ros2_ws/src/leo_simulator-ros2/install/leo_gz_worlds:/home/ism_student_2023/ros2_ws/src/leo_simulator-ros2/install/leo_gz_plugins:${AMENT_PREFIX_PATH} CMAKE_PREFIX_PATH=/home/ism_student_2023/ros2_ws/src/leo_simulator-ros2/install/leo_gz_worlds:/home/ism_student_2023/ros2_ws/src/leo_simulator-ros2/install/leo_gz_plugins:/home/ism_student_2023/ros2_ws/install/leo:/home/ism_student_2023/ros2_ws/install/leo_teleop:/home/ism_student_2023/ros2_ws/install/leo_simulator:/home/ism_student_2023/ros2_ws/install/leo_msgs:/home/ism_student_2023/ros2_ws/install/leo_gz_bringup:/home/ism_student_2023/ros2_ws/install/leo_gz_worlds:/home/ism_student_2023/ros2_ws/install/leo_gz_plugins:/home/ism_student_2023/ros2_ws/install/leo_description:/home/ism_student_2023/leosim_ws/install/leo:/home/ism_student_2023/leosim_ws/install/leo_teleop:/home/ism_student_2023/leosim_ws/install/leo_simulator:/home/ism_student_2023/leosim_ws/install/leo_msgs:/home/ism_student_2023/leosim_ws/install/leo_gz_bringup:/home/ism_student_2023/leosim_ws/install/leo_gz_worlds:/home/ism_student_2023/leosim_ws/install/leo_gz_plugins:/home/ism_student_2023/leosim_ws/install/leo_description:/home/ism_student_2023/ros2_ws/install/rtabmap_livox:/opt/ros/humble LD_LIBRARY_PATH=/home/ism_student_2023/ros2_ws/src/leo_simulator-ros2/install/leo_gz_plugins/lib:${LD_LIBRARY_PATH} /usr/bin/cmake --install /home/ism_student_2023/ros2_ws/src/leo_simulator-ros2/build/leo_gz_bringup
[0.577s] -- Install configuration: ""
[0.577s] -- Installing: /home/ism_student_2023/ros2_ws/src/leo_simulator-ros2/install/leo_gz_bringup/share/leo_gz_bringup/launch
[0.577s] -- Installing: /home/ism_student_2023/ros2_ws/src/leo_simulator-ros2/install/leo_gz_bringup/share/leo_gz_bringup/launch/leo_gz.launch.py
[0.577s] -- Installing: /home/ism_student_2023/ros2_ws/src/leo_simulator-ros2/install/leo_gz_bringup/share/leo_gz_bringup/launch/spawn_robot.launch.py
[0.578s] -- Installing: /home/ism_student_2023/ros2_ws/src/leo_simulator-ros2/install/leo_gz_bringup/share/leo_gz_bringup/config
[0.578s] -- Installing: /home/ism_student_2023/ros2_ws/src/leo_simulator-ros2/install/leo_gz_bringup/share/leo_gz_bringup/config/gz_bridge.yaml
[0.578s] -- Installing: /home/ism_student_2023/ros2_ws/src/leo_simulator-ros2/install/leo_gz_bringup/share/leo_gz_bringup/config/realsense_bridge.yaml
[0.578s] -- Installing: /home/ism_student_2023/ros2_ws/src/leo_simulator-ros2/install/leo_gz_bringup/share/ament_index/resource_index/package_run_dependencies/leo_gz_bringup
[0.578s] -- Installing: /home/ism_student_2023/ros2_ws/src/leo_simulator-ros2/install/leo_gz_bringup/share/ament_index/resource_index/parent_prefix_path/leo_gz_bringup
[0.578s] -- Installing: /home/ism_student_2023/ros2_ws/src/leo_simulator-ros2/install/leo_gz_bringup/share/leo_gz_bringup/environment/ament_prefix_path.sh
[0.578s] -- Installing: /home/ism_student_2023/ros2_ws/src/leo_simulator-ros2/install/leo_gz_bringup/share/leo_gz_bringup/environment/ament_prefix_path.dsv
[0.578s] -- Installing: /home/ism_student_2023/ros2_ws/src/leo_simulator-ros2/install/leo_gz_bringup/share/leo_gz_bringup/environment/path.sh
[0.578s] -- Installing: /home/ism_student_2023/ros2_ws/src/leo_simulator-ros2/install/leo_gz_bringup/share/leo_gz_bringup/environment/path.dsv
[0.579s] -- Installing: /home/ism_student_2023/ros2_ws/src/leo_simulator-ros2/install/leo_gz_bringup/share/leo_gz_bringup/local_setup.bash
[0.579s] -- Installing: /home/ism_student_2023/ros2_ws/src/leo_simulator-ros2/install/leo_gz_bringup/share/leo_gz_bringup/local_setup.sh
[0.579s] -- Installing: /home/ism_student_2023/ros2_ws/src/leo_simulator-ros2/install/leo_gz_bringup/share/leo_gz_bringup/local_setup.zsh
[0.579s] -- Installing: /home/ism_student_2023/ros2_ws/src/leo_simulator-ros2/install/leo_gz_bringup/share/leo_gz_bringup/local_setup.dsv
[0.579s] -- Installing: /home/ism_student_2023/ros2_ws/src/leo_simulator-ros2/install/leo_gz_bringup/share/leo_gz_bringup/package.dsv
[0.579s] -- Installing: /home/ism_student_2023/ros2_ws/src/leo_simulator-ros2/install/leo_gz_bringup/share/ament_index/resource_index/packages/leo_gz_bringup
[0.579s] -- Installing: /home/ism_student_2023/ros2_ws/src/leo_simulator-ros2/install/leo_gz_bringup/share/leo_gz_bringup/cmake/leo_gz_bringupConfig.cmake
[0.579s] -- Installing: /home/ism_student_2023/ros2_ws/src/leo_simulator-ros2/install/leo_gz_bringup/share/leo_gz_bringup/cmake/leo_gz_bringupConfig-version.cmake
[0.579s] -- Installing: /home/ism_student_2023/ros2_ws/src/leo_simulator-ros2/install/leo_gz_bringup/share/leo_gz_bringup/package.xml
[0.580s] Invoked command in '/home/ism_student_2023/ros2_ws/src/leo_simulator-ros2/build/leo_gz_bringup' returned '0': AMENT_PREFIX_PATH=/home/ism_student_2023/ros2_ws/src/leo_simulator-ros2/install/leo_gz_worlds:/home/ism_student_2023/ros2_ws/src/leo_simulator-ros2/install/leo_gz_plugins:${AMENT_PREFIX_PATH} CMAKE_PREFIX_PATH=/home/ism_student_2023/ros2_ws/src/leo_simulator-ros2/install/leo_gz_worlds:/home/ism_student_2023/ros2_ws/src/leo_simulator-ros2/install/leo_gz_plugins:/home/ism_student_2023/ros2_ws/install/leo:/home/ism_student_2023/ros2_ws/install/leo_teleop:/home/ism_student_2023/ros2_ws/install/leo_simulator:/home/ism_student_2023/ros2_ws/install/leo_msgs:/home/ism_student_2023/ros2_ws/install/leo_gz_bringup:/home/ism_student_2023/ros2_ws/install/leo_gz_worlds:/home/ism_student_2023/ros2_ws/install/leo_gz_plugins:/home/ism_student_2023/ros2_ws/install/leo_description:/home/ism_student_2023/leosim_ws/install/leo:/home/ism_student_2023/leosim_ws/install/leo_teleop:/home/ism_student_2023/leosim_ws/install/leo_simulator:/home/ism_student_2023/leosim_ws/install/leo_msgs:/home/ism_student_2023/leosim_ws/install/leo_gz_bringup:/home/ism_student_2023/leosim_ws/install/leo_gz_worlds:/home/ism_student_2023/leosim_ws/install/leo_gz_plugins:/home/ism_student_2023/leosim_ws/install/leo_description:/home/ism_student_2023/ros2_ws/install/rtabmap_livox:/opt/ros/humble LD_LIBRARY_PATH=/home/ism_student_2023/ros2_ws/src/leo_simulator-ros2/install/leo_gz_plugins/lib:${LD_LIBRARY_PATH} /usr/bin/cmake --install /home/ism_student_2023/ros2_ws/src/leo_simulator-ros2/build/leo_gz_bringup
