[0.142s] Invoking command in '/home/ism_student_2023/ros2_ws/src/leo_simulator-ros2/build/leo_gz_plugins': CMAKE_PREFIX_PATH=${CMAKE_PREFIX_PATH}:/home/ism_student_2023/ros2_ws/install/rtabmap_livox:/opt/ros/humble /usr/bin/cmake /home/ism_student_2023/ros2_ws/src/leo_simulator-ros2/leo_gz_plugins -DCMAKE_INSTALL_PREFIX=/home/ism_student_2023/ros2_ws/src/leo_simulator-ros2/install/leo_gz_plugins
[1.553s] -- The C compiler identification is GNU 11.4.0
[2.606s] -- The CXX compiler identification is GNU 11.4.0
[2.612s] -- Detecting C compiler ABI info
[2.798s] -- Detecting C compiler ABI info - done
[2.804s] -- Check for working C compiler: /usr/bin/cc - skipped
[2.805s] -- Detecting C compile features
[2.824s] -- Detecting C compile features - done
[2.827s] -- Detecting CXX compiler ABI info
[2.915s] -- Detecting CXX compiler ABI info - done
[2.921s] -- Check for working CXX compiler: /usr/bin/c++ - skipped
[2.921s] -- Detecting CXX compile features
[2.922s] -- Detecting CXX compile features - done
[2.983s] -- Found ament_cmake: 1.3.7 (/opt/ros/humble/share/ament_cmake/cmake)
[3.110s] -- Found Python3: /usr/bin/python3.10 (found version "3.10.12") found components: Interpreter 
[3.206s] -- Looking for ignition-plugin1 -- found version 1.4.0
[3.211s] -- Searching for dependencies of ignition-plugin1
[3.211s] -- Searching for <ignition-plugin1> component [register]
[3.213s] -- Looking for ignition-plugin1-register -- found version 1.4.0
[3.213s] -- Searching for dependencies of ignition-plugin1-register
[3.267s] -- Looking for ignition-gazebo6 -- found version 6.16.0
[3.268s] -- Searching for dependencies of ignition-gazebo6
[3.278s] -- Looking for sdformat12 -- found version 12.7.2
[3.278s] -- Searching for dependencies of sdformat12
[3.282s] -- Checking for module 'tinyxml2'
[3.290s] --   Found tinyxml2, version 9.0.0
[3.312s] -- Looking for ignition-math6 -- found version 6.15.1
[3.312s] -- Searching for dependencies of ignition-math6
[3.315s] -- Looking for ignition-utils1 -- found version 1.5.1
[3.315s] -- Searching for dependencies of ignition-utils1
[3.316s] -- Looking for ignition-plugin1 -- found version 1.4.0
[3.316s] -- Searching for dependencies of ignition-plugin1
[3.317s] -- Searching for <ignition-plugin1> component [loader]
[3.319s] -- Looking for ignition-plugin1-loader -- found version 1.4.0
[3.319s] -- Searching for dependencies of ignition-plugin1-loader
[3.319s] -- Searching for <ignition-plugin1> component [register]
[3.322s] -- Looking for ignition-transport11 -- found version 11.4.1
[3.323s] -- Searching for dependencies of ignition-transport11
[4.261s] -- Found Protobuf: /usr/lib/x86_64-linux-gnu/libprotobuf.so (found version "3.12.4") 
[4.269s] -- Config-file not installed for ZeroMQ -- checking for pkg-config
[4.272s] -- Checking for module 'libzmq >= 4'
[4.280s] --   Found libzmq , version 4.3.4
[4.300s] -- Found ZeroMQ: TRUE (Required is at least version "4") 
[4.304s] -- Checking for module 'uuid'
[4.311s] --   Found uuid, version 2.37.2
[4.329s] -- Found UUID: TRUE  
[4.330s] -- Looking for ignition-utils1 -- found version 1.5.1
[4.330s] -- Searching for dependencies of ignition-utils1
[4.330s] -- Searching for <ignition-utils1> component [cli]
[4.332s] -- Looking for ignition-utils1-cli -- found version 1.5.1
[4.333s] -- Searching for dependencies of ignition-utils1-cli
[4.688s] -- Looking for ignition-msgs8 -- found version 8.7.0
[4.688s] -- Searching for dependencies of ignition-msgs8
[4.701s] -- Found Protobuf: /usr/lib/x86_64-linux-gnu/libprotobuf.so (found suitable version "3.12.4", minimum required is "3") 
[4.702s] -- Looking for ignition-math6 -- found version 6.15.1
[4.710s] -- Searching for <ignition-transport11> component [log]
[4.712s] -- Looking for ignition-transport11-log -- found version 11.4.1
[4.712s] -- Searching for dependencies of ignition-transport11-log
[4.712s] -- Searching for <ignition-transport11> component [parameters]
[4.714s] -- Looking for ignition-transport11-parameters -- found version 11.4.1
[4.715s] -- Searching for dependencies of ignition-transport11-parameters
[4.715s] -- Looking for ignition-msgs8 -- found version 8.7.0
[4.718s] -- Looking for ignition-common4 -- found version 4.7.0
[4.718s] -- Searching for dependencies of ignition-common4
[4.718s] -- Looking for dlfcn.h - found
[4.719s] -- Looking for libdl - found
[4.719s] -- Found DL: TRUE  
[4.724s] -- Searching for <ignition-common4> component [profiler]
[4.727s] -- Looking for ignition-common4-profiler -- found version 4.7.0
[4.727s] -- Searching for dependencies of ignition-common4-profiler
[4.727s] -- Searching for <ignition-common4> component [events]
[4.729s] -- Looking for ignition-common4-events -- found version 4.7.0
[4.730s] -- Searching for dependencies of ignition-common4-events
[4.730s] -- Looking for ignition-math6 -- found version 6.15.1
[4.730s] -- Searching for <ignition-common4> component [av]
[4.732s] -- Looking for ignition-common4-av -- found version 4.7.0
[4.733s] -- Searching for dependencies of ignition-common4-av
[4.736s] -- Checking for module 'libswscale'
[4.744s] --   Found libswscale, version 5.9.100
[4.763s] -- Found SWSCALE: TRUE  
[4.766s] -- Checking for module 'libavdevice >= 56.4.100'
[4.774s] --   Found libavdevice , version 58.13.100
[4.795s] -- Found AVDEVICE: TRUE (Required is at least version "56.4.100") 
[4.798s] -- Checking for module 'libavformat'
[4.806s] --   Found libavformat, version 58.76.100
[4.826s] -- Found AVFORMAT: TRUE  
[4.829s] -- Checking for module 'libavcodec'
[4.837s] --   Found libavcodec, version 58.134.100
[4.857s] -- Found AVCODEC: TRUE  
[4.860s] -- Checking for module 'libavutil'
[4.868s] --   Found libavutil, version 56.70.100
[4.887s] -- Found AVUTIL: TRUE  
[4.892s] -- Looking for ignition-fuel_tools7 -- found version 7.3.0
[4.893s] -- Searching for dependencies of ignition-fuel_tools7
[4.941s] -- Found CURL: /usr/lib/x86_64-linux-gnu/libcurl.so (found version "7.81.0")  
[4.948s] -- Checking for module 'jsoncpp'
[4.956s] --   Found jsoncpp, version 1.9.5
[4.975s] -- Found JSONCPP: TRUE  
[4.979s] -- Checking for module 'libzip'
[4.987s] --   Found libzip, version 1.7.3
[5.006s] -- Found ZIP: TRUE  
[5.006s] -- Looking for ignition-common4 -- found version 4.7.0
[5.007s] -- Looking for ignition-math6 -- found version 6.15.1
[5.007s] -- Looking for ignition-msgs8 -- found version 8.7.0
[5.009s] -- Looking for ignition-gui6 -- found version 6.8.0
[5.010s] -- Searching for dependencies of ignition-gui6
[5.028s] -- Looking for ignition-math6 -- found version 6.15.1
[5.028s] -- Looking for ignition-common4 -- found version 4.7.0
[5.028s] -- Looking for ignition-plugin1 -- found version 1.4.0
[5.029s] -- Looking for ignition-transport11 -- found version 11.4.1
[5.031s] -- Looking for ignition-rendering6 -- found version 6.6.3
[5.031s] -- Searching for dependencies of ignition-rendering6
[5.032s] -- Looking for ignition-math6 -- found version 6.15.1
[5.032s] -- Searching for dependencies of ignition-math6
[5.032s] -- Searching for <ignition-math6> component [eigen3]
[5.034s] -- Looking for ignition-math6-eigen3 -- found version 6.15.1
[5.034s] -- Searching for dependencies of ignition-math6-eigen3
[5.066s] -- Looking for ignition-common4 -- found version 4.7.0
[5.066s] -- Searching for dependencies of ignition-common4
[5.066s] -- Looking for dlfcn.h - found
[5.066s] -- Looking for libdl - found
[5.073s] -- Searching for <ignition-common4> component [graphics]
[5.075s] -- Looking for ignition-common4-graphics -- found version 4.7.0
[5.075s] -- Searching for dependencies of ignition-common4-graphics
[5.075s] -- Looking for ignition-math6 -- found version 6.15.1
[5.076s] -- Looking for ignition-utils1 -- found version 1.5.1
[5.076s] -- Searching for <ignition-common4> component [events]
[5.077s] -- Looking for ignition-plugin1 -- found version 1.4.0
[5.077s] -- Searching for dependencies of ignition-plugin1
[5.077s] -- Searching for <ignition-plugin1> component [all]
[5.079s] -- Looking for all libraries of ignition-plugin1 -- found version 1.4.0
[5.080s] -- Looking for ignition-plugin1 -- found version 1.4.0
[5.081s] -- Looking for ignition-msgs8 -- found version 8.7.0
[5.333s] -- Looking for ignition-physics5 -- found version 5.3.2
[5.333s] -- Searching for dependencies of ignition-physics5
[5.333s] -- Looking for ignition-math6 -- found version 6.15.1
[5.333s] -- Looking for ignition-plugin1 -- found version 1.4.0
[5.334s] -- Looking for ignition-utils1 -- found version 1.5.1
[5.334s] -- Searching for <ignition-physics5> component [heightmap]
[5.336s] -- Looking for ignition-physics5-heightmap -- found version 5.3.2
[5.337s] -- Searching for dependencies of ignition-physics5-heightmap
[5.337s] -- Looking for ignition-common4 -- found version 4.7.0
[5.337s] -- Searching for <ignition-physics5> component [mesh]
[5.339s] -- Looking for ignition-physics5-mesh -- found version 5.3.2
[5.340s] -- Searching for dependencies of ignition-physics5-mesh
[5.340s] -- Looking for ignition-common4 -- found version 4.7.0
[5.340s] -- Searching for <ignition-physics5> component [sdf]
[5.342s] -- Looking for ignition-physics5-sdf -- found version 5.3.2
[5.343s] -- Searching for dependencies of ignition-physics5-sdf
[5.343s] -- Looking for sdformat12 -- found version 12.7.2
[5.346s] -- Looking for ignition-sensors6 -- found version 6.8.0
[5.346s] -- Searching for dependencies of ignition-sensors6
[5.359s] -- Found Protobuf: /usr/lib/x86_64-linux-gnu/libprotobuf.so (found version "3.12.4") 
[5.359s] -- Looking for ignition-math6 -- found version 6.15.1
[5.360s] -- Looking for ignition-common4 -- found version 4.7.0
[5.360s] -- Looking for ignition-transport11 -- found version 11.4.1
[5.360s] -- Looking for ignition-rendering6 -- found version 6.6.3
[5.361s] -- Looking for ignition-msgs8 -- found version 8.7.0
[5.361s] -- Looking for sdformat12 -- found version 12.7.2
[5.361s] -- Searching for <ignition-sensors6> component [air_pressure]
[5.364s] -- Looking for ignition-sensors6-air_pressure -- found version 6.8.0
[5.364s] -- Searching for dependencies of ignition-sensors6-air_pressure
[5.364s] -- Searching for <ignition-sensors6> component [altimeter]
[5.366s] -- Looking for ignition-sensors6-altimeter -- found version 6.8.0
[5.367s] -- Searching for dependencies of ignition-sensors6-altimeter
[5.367s] -- Searching for <ignition-sensors6> component [imu]
[5.369s] -- Looking for ignition-sensors6-imu -- found version 6.8.0
[5.369s] -- Searching for dependencies of ignition-sensors6-imu
[5.370s] -- Searching for <ignition-sensors6> component [force_torque]
[5.372s] -- Looking for ignition-sensors6-force_torque -- found version 6.8.0
[5.372s] -- Searching for dependencies of ignition-sensors6-force_torque
[5.372s] -- Searching for <ignition-sensors6> component [logical_camera]
[5.375s] -- Looking for ignition-sensors6-logical_camera -- found version 6.8.0
[5.375s] -- Searching for dependencies of ignition-sensors6-logical_camera
[5.375s] -- Searching for <ignition-sensors6> component [magnetometer]
[5.377s] -- Looking for ignition-sensors6-magnetometer -- found version 6.8.0
[5.378s] -- Searching for dependencies of ignition-sensors6-magnetometer
[5.378s] -- Searching for <ignition-sensors6> component [navsat]
[5.380s] -- Looking for ignition-sensors6-navsat -- found version 6.8.0
[5.380s] -- Searching for dependencies of ignition-sensors6-navsat
[5.381s] -- Searching for <ignition-sensors6> component [rendering]
[5.383s] -- Looking for ignition-sensors6-rendering -- found version 6.8.0
[5.383s] -- Searching for dependencies of ignition-sensors6-rendering
[5.383s] -- Searching for <ignition-sensors6> component [lidar]
[5.386s] -- Looking for ignition-sensors6-lidar -- found version 6.8.0
[5.386s] -- Searching for dependencies of ignition-sensors6-lidar
[5.386s] -- Looking for ignition-sensors6 -- found version 6.8.0
[5.387s] -- Searching for <ignition-sensors6> component [gpu_lidar]
[5.389s] -- Looking for ignition-sensors6-gpu_lidar -- found version 6.8.0
[5.389s] -- Searching for dependencies of ignition-sensors6-gpu_lidar
[5.389s] -- Looking for ignition-sensors6 -- found version 6.8.0
[5.390s] -- Searching for <ignition-sensors6> component [camera]
[5.392s] -- Looking for ignition-sensors6-camera -- found version 6.8.0
[5.392s] -- Searching for dependencies of ignition-sensors6-camera
[5.392s] -- Looking for ignition-sensors6 -- found version 6.8.0
[5.393s] -- Searching for <ignition-sensors6> component [boundingbox_camera]
[5.395s] -- Looking for ignition-sensors6-boundingbox_camera -- found version 6.8.0
[5.395s] -- Searching for dependencies of ignition-sensors6-boundingbox_camera
[5.396s] -- Searching for <ignition-sensors6> component [segmentation_camera]
[5.398s] -- Looking for ignition-sensors6-segmentation_camera -- found version 6.8.0
[5.398s] -- Searching for dependencies of ignition-sensors6-segmentation_camera
[5.398s] -- Searching for <ignition-sensors6> component [depth_camera]
[5.400s] -- Looking for ignition-sensors6-depth_camera -- found version 6.8.0
[5.401s] -- Searching for dependencies of ignition-sensors6-depth_camera
[5.401s] -- Looking for ignition-sensors6 -- found version 6.8.0
[5.401s] -- Searching for <ignition-sensors6> component [rgbd_camera]
[5.403s] -- Looking for ignition-sensors6-rgbd_camera -- found version 6.8.0
[5.404s] -- Searching for dependencies of ignition-sensors6-rgbd_camera
[5.404s] -- Looking for ignition-sensors6 -- found version 6.8.0
[5.404s] -- Searching for <ignition-sensors6> component [thermal_camera]
[5.407s] -- Looking for ignition-sensors6-thermal_camera -- found version 6.8.0
[5.407s] -- Searching for dependencies of ignition-sensors6-thermal_camera
[5.407s] -- Looking for ignition-sensors6 -- found version 6.8.0
[5.408s] -- Looking for ignition-rendering6 -- found version 6.6.3
[5.408s] -- Looking for ignition-math6 -- found version 6.15.1
[5.410s] -- Looking for ignition-utils1 -- found version 1.5.1
[5.427s] -- Found ament_lint_auto: 0.12.10 (/opt/ros/humble/share/ament_lint_auto/cmake)
[5.492s] -- Added test 'copyright' to check source files copyright and LICENSE
[5.493s] -- Added test 'cpplint' to check C / C++ code against the Google style
[5.493s] -- Configured cpplint exclude dirs and/or files: 
[5.493s] -- Added test 'lint_cmake' to check CMake code style
[5.494s] -- Added test 'uncrustify' to check C / C++ code style
[5.494s] -- Configured uncrustify additional arguments: 
[5.494s] -- Added test 'xmllint' to check XML markup files
[5.496s] -- Configuring done
[5.502s] -- Generating done
[5.503s] -- Build files have been written to: /home/ism_student_2023/ros2_ws/src/leo_simulator-ros2/build/leo_gz_plugins
[5.511s] Invoked command in '/home/ism_student_2023/ros2_ws/src/leo_simulator-ros2/build/leo_gz_plugins' returned '0': CMAKE_PREFIX_PATH=${CMAKE_PREFIX_PATH}:/home/ism_student_2023/ros2_ws/install/rtabmap_livox:/opt/ros/humble /usr/bin/cmake /home/ism_student_2023/ros2_ws/src/leo_simulator-ros2/leo_gz_plugins -DCMAKE_INSTALL_PREFIX=/home/ism_student_2023/ros2_ws/src/leo_simulator-ros2/install/leo_gz_plugins
[5.511s] Invoking command in '/home/ism_student_2023/ros2_ws/src/leo_simulator-ros2/build/leo_gz_plugins': CMAKE_PREFIX_PATH=${CMAKE_PREFIX_PATH}:/home/ism_student_2023/ros2_ws/install/rtabmap_livox:/opt/ros/humble /usr/bin/cmake --build /home/ism_student_2023/ros2_ws/src/leo_simulator-ros2/build/leo_gz_plugins -- -j16 -l16
[5.542s] [ 50%] [32mBuilding CXX object CMakeFiles/leo_gz_differential_plugin.dir/src/differential_system.cpp.o[0m
[21.505s] [100%] [32m[1mLinking CXX shared library libleo_gz_differential_plugin.so[0m
[22.042s] [100%] Built target leo_gz_differential_plugin
[22.049s] Invoked command in '/home/ism_student_2023/ros2_ws/src/leo_simulator-ros2/build/leo_gz_plugins' returned '0': CMAKE_PREFIX_PATH=${CMAKE_PREFIX_PATH}:/home/ism_student_2023/ros2_ws/install/rtabmap_livox:/opt/ros/humble /usr/bin/cmake --build /home/ism_student_2023/ros2_ws/src/leo_simulator-ros2/build/leo_gz_plugins -- -j16 -l16
[22.065s] Invoking command in '/home/ism_student_2023/ros2_ws/src/leo_simulator-ros2/build/leo_gz_plugins': CMAKE_PREFIX_PATH=${CMAKE_PREFIX_PATH}:/home/ism_student_2023/ros2_ws/install/rtabmap_livox:/opt/ros/humble /usr/bin/cmake --install /home/ism_student_2023/ros2_ws/src/leo_simulator-ros2/build/leo_gz_plugins
[22.070s] -- Install configuration: ""
[22.070s] -- Installing: /home/ism_student_2023/ros2_ws/src/leo_simulator-ros2/install/leo_gz_plugins/lib/libleo_gz_differential_plugin.so
[22.076s] -- Installing: /home/ism_student_2023/ros2_ws/src/leo_simulator-ros2/install/leo_gz_plugins/share/leo_gz_plugins/environment/gz_sim_system_plugin_path.dsv
[22.076s] -- Installing: /home/ism_student_2023/ros2_ws/src/leo_simulator-ros2/install/leo_gz_plugins/share/ament_index/resource_index/package_run_dependencies/leo_gz_plugins
[22.076s] -- Installing: /home/ism_student_2023/ros2_ws/src/leo_simulator-ros2/install/leo_gz_plugins/share/ament_index/resource_index/parent_prefix_path/leo_gz_plugins
[22.076s] -- Installing: /home/ism_student_2023/ros2_ws/src/leo_simulator-ros2/install/leo_gz_plugins/share/leo_gz_plugins/environment/ament_prefix_path.sh
[22.076s] -- Installing: /home/ism_student_2023/ros2_ws/src/leo_simulator-ros2/install/leo_gz_plugins/share/leo_gz_plugins/environment/ament_prefix_path.dsv
[22.076s] -- Installing: /home/ism_student_2023/ros2_ws/src/leo_simulator-ros2/install/leo_gz_plugins/share/leo_gz_plugins/environment/path.sh
[22.076s] -- Installing: /home/ism_student_2023/ros2_ws/src/leo_simulator-ros2/install/leo_gz_plugins/share/leo_gz_plugins/environment/path.dsv
[22.076s] -- Installing: /home/ism_student_2023/ros2_ws/src/leo_simulator-ros2/install/leo_gz_plugins/share/leo_gz_plugins/local_setup.bash
[22.077s] -- Installing: /home/ism_student_2023/ros2_ws/src/leo_simulator-ros2/install/leo_gz_plugins/share/leo_gz_plugins/local_setup.sh
[22.077s] -- Installing: /home/ism_student_2023/ros2_ws/src/leo_simulator-ros2/install/leo_gz_plugins/share/leo_gz_plugins/local_setup.zsh
[22.077s] -- Installing: /home/ism_student_2023/ros2_ws/src/leo_simulator-ros2/install/leo_gz_plugins/share/leo_gz_plugins/local_setup.dsv
[22.077s] -- Installing: /home/ism_student_2023/ros2_ws/src/leo_simulator-ros2/install/leo_gz_plugins/share/leo_gz_plugins/package.dsv
[22.077s] -- Installing: /home/ism_student_2023/ros2_ws/src/leo_simulator-ros2/install/leo_gz_plugins/share/ament_index/resource_index/packages/leo_gz_plugins
[22.077s] -- Installing: /home/ism_student_2023/ros2_ws/src/leo_simulator-ros2/install/leo_gz_plugins/share/leo_gz_plugins/cmake/leo_gz_pluginsConfig.cmake
[22.077s] -- Installing: /home/ism_student_2023/ros2_ws/src/leo_simulator-ros2/install/leo_gz_plugins/share/leo_gz_plugins/cmake/leo_gz_pluginsConfig-version.cmake
[22.077s] -- Installing: /home/ism_student_2023/ros2_ws/src/leo_simulator-ros2/install/leo_gz_plugins/share/leo_gz_plugins/package.xml
[22.079s] Invoked command in '/home/ism_student_2023/ros2_ws/src/leo_simulator-ros2/build/leo_gz_plugins' returned '0': CMAKE_PREFIX_PATH=${CMAKE_PREFIX_PATH}:/home/ism_student_2023/ros2_ws/install/rtabmap_livox:/opt/ros/humble /usr/bin/cmake --install /home/ism_student_2023/ros2_ws/src/leo_simulator-ros2/build/leo_gz_plugins
