[0.145s] Invoking command in '/home/ism_student_2023/ros2_ws/src/leo_simulator-ros2/build/leo_gz_plugins': CMAKE_PREFIX_PATH=${CMAKE_PREFIX_PATH}:/home/ism_student_2023/ros2_ws/install/rtabmap_livox:/opt/ros/humble /usr/bin/cmake --build /home/ism_student_2023/ros2_ws/src/leo_simulator-ros2/build/leo_gz_plugins -- -j16 -l16
[0.170s] [35m[1mConsolidate compiler generated dependencies of target leo_gz_differential_plugin[0m
[0.183s] [100%] Built target leo_gz_differential_plugin
[0.190s] Invoked command in '/home/ism_student_2023/ros2_ws/src/leo_simulator-ros2/build/leo_gz_plugins' returned '0': CMAKE_PREFIX_PATH=${CMAKE_PREFIX_PATH}:/home/ism_student_2023/ros2_ws/install/rtabmap_livox:/opt/ros/humble /usr/bin/cmake --build /home/ism_student_2023/ros2_ws/src/leo_simulator-ros2/build/leo_gz_plugins -- -j16 -l16
[0.249s] Invoking command in '/home/ism_student_2023/ros2_ws/src/leo_simulator-ros2/build/leo_gz_plugins': CMAKE_PREFIX_PATH=${CMAKE_PREFIX_PATH}:/home/ism_student_2023/ros2_ws/install/rtabmap_livox:/opt/ros/humble /usr/bin/cmake --install /home/ism_student_2023/ros2_ws/src/leo_simulator-ros2/build/leo_gz_plugins
[0.254s] -- Install configuration: ""
[0.254s] -- Up-to-date: /home/ism_student_2023/ros2_ws/src/leo_simulator-ros2/install/leo_gz_plugins/lib/libleo_gz_differential_plugin.so
[0.254s] -- Up-to-date: /home/ism_student_2023/ros2_ws/src/leo_simulator-ros2/install/leo_gz_plugins/share/leo_gz_plugins/environment/gz_sim_system_plugin_path.dsv
[0.254s] -- Up-to-date: /home/ism_student_2023/ros2_ws/src/leo_simulator-ros2/install/leo_gz_plugins/share/ament_index/resource_index/package_run_dependencies/leo_gz_plugins
[0.254s] -- Up-to-date: /home/ism_student_2023/ros2_ws/src/leo_simulator-ros2/install/leo_gz_plugins/share/ament_index/resource_index/parent_prefix_path/leo_gz_plugins
[0.254s] -- Up-to-date: /home/ism_student_2023/ros2_ws/src/leo_simulator-ros2/install/leo_gz_plugins/share/leo_gz_plugins/environment/ament_prefix_path.sh
[0.255s] -- Up-to-date: /home/ism_student_2023/ros2_ws/src/leo_simulator-ros2/install/leo_gz_plugins/share/leo_gz_plugins/environment/ament_prefix_path.dsv
[0.255s] -- Up-to-date: /home/ism_student_2023/ros2_ws/src/leo_simulator-ros2/install/leo_gz_plugins/share/leo_gz_plugins/environment/path.sh
[0.255s] -- Up-to-date: /home/ism_student_2023/ros2_ws/src/leo_simulator-ros2/install/leo_gz_plugins/share/leo_gz_plugins/environment/path.dsv
[0.255s] -- Up-to-date: /home/ism_student_2023/ros2_ws/src/leo_simulator-ros2/install/leo_gz_plugins/share/leo_gz_plugins/local_setup.bash
[0.255s] -- Up-to-date: /home/ism_student_2023/ros2_ws/src/leo_simulator-ros2/install/leo_gz_plugins/share/leo_gz_plugins/local_setup.sh
[0.255s] -- Up-to-date: /home/ism_student_2023/ros2_ws/src/leo_simulator-ros2/install/leo_gz_plugins/share/leo_gz_plugins/local_setup.zsh
[0.255s] -- Up-to-date: /home/ism_student_2023/ros2_ws/src/leo_simulator-ros2/install/leo_gz_plugins/share/leo_gz_plugins/local_setup.dsv
[0.255s] -- Installing: /home/ism_student_2023/ros2_ws/src/leo_simulator-ros2/install/leo_gz_plugins/share/leo_gz_plugins/package.dsv
[0.255s] -- Up-to-date: /home/ism_student_2023/ros2_ws/src/leo_simulator-ros2/install/leo_gz_plugins/share/ament_index/resource_index/packages/leo_gz_plugins
[0.255s] -- Up-to-date: /home/ism_student_2023/ros2_ws/src/leo_simulator-ros2/install/leo_gz_plugins/share/leo_gz_plugins/cmake/leo_gz_pluginsConfig.cmake
[0.255s] -- Up-to-date: /home/ism_student_2023/ros2_ws/src/leo_simulator-ros2/install/leo_gz_plugins/share/leo_gz_plugins/cmake/leo_gz_pluginsConfig-version.cmake
[0.256s] -- Up-to-date: /home/ism_student_2023/ros2_ws/src/leo_simulator-ros2/install/leo_gz_plugins/share/leo_gz_plugins/package.xml
[0.256s] Invoked command in '/home/ism_student_2023/ros2_ws/src/leo_simulator-ros2/build/leo_gz_plugins' returned '0': CMAKE_PREFIX_PATH=${CMAKE_PREFIX_PATH}:/home/ism_student_2023/ros2_ws/install/rtabmap_livox:/opt/ros/humble /usr/bin/cmake --install /home/ism_student_2023/ros2_ws/src/leo_simulator-ros2/build/leo_gz_plugins
