-- Found ament_cmake: 1.3.7 (/opt/ros/humble/share/ament_cmake/cmake)
-- Found Python3: /usr/bin/python3.10 (found version "3.10.12") found components: Interpreter 
-- Configuring done
-- Generating done
-- Build files have been written to: /home/ism_student_2023/ros2_ws/src/leo_simulator-ros2/build/leo_simulator
-- Install configuration: ""
-- Installing: /home/ism_student_2023/ros2_ws/src/leo_simulator-ros2/install/leo_simulator/share/ament_index/resource_index/package_run_dependencies/leo_simulator
-- Installing: /home/ism_student_2023/ros2_ws/src/leo_simulator-ros2/install/leo_simulator/share/ament_index/resource_index/parent_prefix_path/leo_simulator
-- Installing: /home/ism_student_2023/ros2_ws/src/leo_simulator-ros2/install/leo_simulator/share/leo_simulator/environment/ament_prefix_path.sh
-- Installing: /home/ism_student_2023/ros2_ws/src/leo_simulator-ros2/install/leo_simulator/share/leo_simulator/environment/ament_prefix_path.dsv
-- Installing: /home/ism_student_2023/ros2_ws/src/leo_simulator-ros2/install/leo_simulator/share/leo_simulator/environment/path.sh
-- Installing: /home/ism_student_2023/ros2_ws/src/leo_simulator-ros2/install/leo_simulator/share/leo_simulator/environment/path.dsv
-- Installing: /home/ism_student_2023/ros2_ws/src/leo_simulator-ros2/install/leo_simulator/share/leo_simulator/local_setup.bash
-- Installing: /home/ism_student_2023/ros2_ws/src/leo_simulator-ros2/install/leo_simulator/share/leo_simulator/local_setup.sh
-- Installing: /home/ism_student_2023/ros2_ws/src/leo_simulator-ros2/install/leo_simulator/share/leo_simulator/local_setup.zsh
-- Installing: /home/ism_student_2023/ros2_ws/src/leo_simulator-ros2/install/leo_simulator/share/leo_simulator/local_setup.dsv
-- Installing: /home/ism_student_2023/ros2_ws/src/leo_simulator-ros2/install/leo_simulator/share/leo_simulator/package.dsv
-- Installing: /home/ism_student_2023/ros2_ws/src/leo_simulator-ros2/install/leo_simulator/share/ament_index/resource_index/packages/leo_simulator
-- Installing: /home/ism_student_2023/ros2_ws/src/leo_simulator-ros2/install/leo_simulator/share/leo_simulator/cmake/leo_simulatorConfig.cmake
-- Installing: /home/ism_student_2023/ros2_ws/src/leo_simulator-ros2/install/leo_simulator/share/leo_simulator/cmake/leo_simulatorConfig-version.cmake
-- Installing: /home/ism_student_2023/ros2_ws/src/leo_simulator-ros2/install/leo_simulator/share/leo_simulator/package.xml
