[0.077s] Invoking command in '/home/ism_student_2023/ros2_ws/src/leo_simulator-ros2/build/leo_gz_worlds': CMAKE_PREFIX_PATH=${CMAKE_PREFIX_PATH}:/home/ism_student_2023/ros2_ws/install/rtabmap_livox:/opt/ros/humble /usr/bin/cmake --build /home/ism_student_2023/ros2_ws/src/leo_simulator-ros2/build/leo_gz_worlds -- -j16 -l16
[0.100s] Invoked command in '/home/ism_student_2023/ros2_ws/src/leo_simulator-ros2/build/leo_gz_worlds' returned '0': CMAKE_PREFIX_PATH=${CMAKE_PREFIX_PATH}:/home/ism_student_2023/ros2_ws/install/rtabmap_livox:/opt/ros/humble /usr/bin/cmake --build /home/ism_student_2023/ros2_ws/src/leo_simulator-ros2/build/leo_gz_worlds -- -j16 -l16
[0.120s] Invoking command in '/home/ism_student_2023/ros2_ws/src/leo_simulator-ros2/build/leo_gz_worlds': CMAKE_PREFIX_PATH=${CMAKE_PREFIX_PATH}:/home/ism_student_2023/ros2_ws/install/rtabmap_livox:/opt/ros/humble /usr/bin/cmake --install /home/ism_student_2023/ros2_ws/src/leo_simulator-ros2/build/leo_gz_worlds
[0.124s] -- Install configuration: ""
[0.125s] -- Up-to-date: /home/ism_student_2023/ros2_ws/src/leo_simulator-ros2/install/leo_gz_worlds/share/leo_gz_worlds/worlds
[0.125s] -- Up-to-date: /home/ism_student_2023/ros2_ws/src/leo_simulator-ros2/install/leo_gz_worlds/share/leo_gz_worlds/worlds/lunalab2024.sdf
[0.125s] -- Up-to-date: /home/ism_student_2023/ros2_ws/src/leo_simulator-ros2/install/leo_gz_worlds/share/leo_gz_worlds/worlds/lunalab2024-testing.sdf
[0.125s] -- Up-to-date: /home/ism_student_2023/ros2_ws/src/leo_simulator-ros2/install/leo_gz_worlds/share/leo_gz_worlds/worlds/marsyard2022.sdf
[0.125s] -- Up-to-date: /home/ism_student_2023/ros2_ws/src/leo_simulator-ros2/install/leo_gz_worlds/share/leo_gz_worlds/worlds/leo_empty.sdf
[0.125s] -- Up-to-date: /home/ism_student_2023/ros2_ws/src/leo_simulator-ros2/install/leo_gz_worlds/share/leo_gz_worlds/worlds/marsyard2020.sdf
[0.125s] -- Up-to-date: /home/ism_student_2023/ros2_ws/src/leo_simulator-ros2/install/leo_gz_worlds/share/leo_gz_worlds/worlds/marsyard2021.sdf
[0.125s] -- Up-to-date: /home/ism_student_2023/ros2_ws/src/leo_simulator-ros2/install/leo_gz_worlds/share/leo_gz_worlds/models
[0.125s] -- Up-to-date: /home/ism_student_2023/ros2_ws/src/leo_simulator-ros2/install/leo_gz_worlds/share/leo_gz_worlds/models/marsyard2022_terrain
[0.126s] -- Up-to-date: /home/ism_student_2023/ros2_ws/src/leo_simulator-ros2/install/leo_gz_worlds/share/leo_gz_worlds/models/marsyard2022_terrain/dem
[0.126s] -- Up-to-date: /home/ism_student_2023/ros2_ws/src/leo_simulator-ros2/install/leo_gz_worlds/share/leo_gz_worlds/models/marsyard2022_terrain/dem/marsyard2022_terrain_texture.png
[0.126s] -- Up-to-date: /home/ism_student_2023/ros2_ws/src/leo_simulator-ros2/install/leo_gz_worlds/share/leo_gz_worlds/models/marsyard2022_terrain/dem/flat_normal.png
[0.126s] -- Up-to-date: /home/ism_student_2023/ros2_ws/src/leo_simulator-ros2/install/leo_gz_worlds/share/leo_gz_worlds/models/marsyard2022_terrain/dem/marsyard2022_terrain_hm.png
[0.126s] -- Up-to-date: /home/ism_student_2023/ros2_ws/src/leo_simulator-ros2/install/leo_gz_worlds/share/leo_gz_worlds/models/marsyard2022_terrain/dem/marsyard2022_terrain_hm.tif
[0.126s] -- Up-to-date: /home/ism_student_2023/ros2_ws/src/leo_simulator-ros2/install/leo_gz_worlds/share/leo_gz_worlds/models/marsyard2022_terrain/model.sdf
[0.126s] -- Up-to-date: /home/ism_student_2023/ros2_ws/src/leo_simulator-ros2/install/leo_gz_worlds/share/leo_gz_worlds/models/marsyard2022_terrain/model.config
[0.126s] -- Up-to-date: /home/ism_student_2023/ros2_ws/src/leo_simulator-ros2/install/leo_gz_worlds/share/leo_gz_worlds/models/marsyard2021_terrain
[0.126s] -- Up-to-date: /home/ism_student_2023/ros2_ws/src/leo_simulator-ros2/install/leo_gz_worlds/share/leo_gz_worlds/models/marsyard2021_terrain/meshes
[0.126s] -- Up-to-date: /home/ism_student_2023/ros2_ws/src/leo_simulator-ros2/install/leo_gz_worlds/share/leo_gz_worlds/models/marsyard2021_terrain/meshes/rocks_medium.obj
[0.126s] -- Up-to-date: /home/ism_student_2023/ros2_ws/src/leo_simulator-ros2/install/leo_gz_worlds/share/leo_gz_worlds/models/marsyard2021_terrain/meshes/lava.obj
[0.126s] -- Up-to-date: /home/ism_student_2023/ros2_ws/src/leo_simulator-ros2/install/leo_gz_worlds/share/leo_gz_worlds/models/marsyard2021_terrain/meshes/lava.mtl
[0.126s] -- Up-to-date: /home/ism_student_2023/ros2_ws/src/leo_simulator-ros2/install/leo_gz_worlds/share/leo_gz_worlds/models/marsyard2021_terrain/meshes/rocks_big.mtl
[0.126s] -- Up-to-date: /home/ism_student_2023/ros2_ws/src/leo_simulator-ros2/install/leo_gz_worlds/share/leo_gz_worlds/models/marsyard2021_terrain/meshes/textures
[0.126s] -- Up-to-date: /home/ism_student_2023/ros2_ws/src/leo_simulator-ros2/install/leo_gz_worlds/share/leo_gz_worlds/models/marsyard2021_terrain/meshes/textures/fp_soil_02.jpg
[0.126s] -- Up-to-date: /home/ism_student_2023/ros2_ws/src/leo_simulator-ros2/install/leo_gz_worlds/share/leo_gz_worlds/models/marsyard2021_terrain/meshes/textures/fp_rock_spec.jpg
[0.126s] -- Up-to-date: /home/ism_student_2023/ros2_ws/src/leo_simulator-ros2/install/leo_gz_worlds/share/leo_gz_worlds/models/marsyard2021_terrain/meshes/textures/fp_natur14l.jpg
[0.127s] -- Up-to-date: /home/ism_student_2023/ros2_ws/src/leo_simulator-ros2/install/leo_gz_worlds/share/leo_gz_worlds/models/marsyard2021_terrain/meshes/textures/fp_rock01bt.jpg
[0.127s] -- Up-to-date: /home/ism_student_2023/ros2_ws/src/leo_simulator-ros2/install/leo_gz_worlds/share/leo_gz_worlds/models/marsyard2021_terrain/meshes/textures/fp_rock.jpg
[0.127s] -- Up-to-date: /home/ism_student_2023/ros2_ws/src/leo_simulator-ros2/install/leo_gz_worlds/share/leo_gz_worlds/models/marsyard2021_terrain/meshes/rocks_medium.mtl
[0.127s] -- Up-to-date: /home/ism_student_2023/ros2_ws/src/leo_simulator-ros2/install/leo_gz_worlds/share/leo_gz_worlds/models/marsyard2021_terrain/meshes/rocks_big.obj
[0.127s] -- Up-to-date: /home/ism_student_2023/ros2_ws/src/leo_simulator-ros2/install/leo_gz_worlds/share/leo_gz_worlds/models/marsyard2021_terrain/dem
[0.127s] -- Up-to-date: /home/ism_student_2023/ros2_ws/src/leo_simulator-ros2/install/leo_gz_worlds/share/leo_gz_worlds/models/marsyard2021_terrain/dem/marsyard_terrain_hm.png
[0.128s] -- Up-to-date: /home/ism_student_2023/ros2_ws/src/leo_simulator-ros2/install/leo_gz_worlds/share/leo_gz_worlds/models/marsyard2021_terrain/dem/marsyard_terrain_hm.tif
[0.128s] -- Up-to-date: /home/ism_student_2023/ros2_ws/src/leo_simulator-ros2/install/leo_gz_worlds/share/leo_gz_worlds/models/marsyard2021_terrain/dem/marsyard_terrain_texture.png
[0.128s] -- Up-to-date: /home/ism_student_2023/ros2_ws/src/leo_simulator-ros2/install/leo_gz_worlds/share/leo_gz_worlds/models/marsyard2021_terrain/dem/flat_normal.png
[0.128s] -- Up-to-date: /home/ism_student_2023/ros2_ws/src/leo_simulator-ros2/install/leo_gz_worlds/share/leo_gz_worlds/models/marsyard2021_terrain/model.sdf
[0.128s] -- Up-to-date: /home/ism_student_2023/ros2_ws/src/leo_simulator-ros2/install/leo_gz_worlds/share/leo_gz_worlds/models/marsyard2021_terrain/model.config
[0.128s] -- Up-to-date: /home/ism_student_2023/ros2_ws/src/leo_simulator-ros2/install/leo_gz_worlds/share/leo_gz_worlds/models/marsyard2020_terrain
[0.128s] -- Up-to-date: /home/ism_student_2023/ros2_ws/src/leo_simulator-ros2/install/leo_gz_worlds/share/leo_gz_worlds/models/marsyard2020_terrain/meshes
[0.128s] -- Up-to-date: /home/ism_student_2023/ros2_ws/src/leo_simulator-ros2/install/leo_gz_worlds/share/leo_gz_worlds/models/marsyard2020_terrain/meshes/terrain_compressed.obj
[0.128s] -- Up-to-date: /home/ism_student_2023/ros2_ws/src/leo_simulator-ros2/install/leo_gz_worlds/share/leo_gz_worlds/models/marsyard2020_terrain/meshes/textures
[0.129s] -- Up-to-date: /home/ism_student_2023/ros2_ws/src/leo_simulator-ros2/install/leo_gz_worlds/share/leo_gz_worlds/models/marsyard2020_terrain/meshes/textures/fp_rock_03_dif.jpg
[0.129s] -- Up-to-date: /home/ism_student_2023/ros2_ws/src/leo_simulator-ros2/install/leo_gz_worlds/share/leo_gz_worlds/models/marsyard2020_terrain/meshes/textures/fp_rock_04_dif.jpg
[0.129s] -- Up-to-date: /home/ism_student_2023/ros2_ws/src/leo_simulator-ros2/install/leo_gz_worlds/share/leo_gz_worlds/models/marsyard2020_terrain/meshes/textures/fp_rock_spec.jpg
[0.129s] -- Up-to-date: /home/ism_student_2023/ros2_ws/src/leo_simulator-ros2/install/leo_gz_worlds/share/leo_gz_worlds/models/marsyard2020_terrain/meshes/textures/diffuse.jpg
[0.129s] -- Up-to-date: /home/ism_student_2023/ros2_ws/src/leo_simulator-ros2/install/leo_gz_worlds/share/leo_gz_worlds/models/marsyard2020_terrain/meshes/terrain_compressed.mtl
[0.129s] -- Up-to-date: /home/ism_student_2023/ros2_ws/src/leo_simulator-ros2/install/leo_gz_worlds/share/leo_gz_worlds/models/marsyard2020_terrain/model.sdf
[0.129s] -- Up-to-date: /home/ism_student_2023/ros2_ws/src/leo_simulator-ros2/install/leo_gz_worlds/share/leo_gz_worlds/models/marsyard2020_terrain/model.config
[0.129s] -- Up-to-date: /home/ism_student_2023/ros2_ws/src/leo_simulator-ros2/install/leo_gz_worlds/share/leo_gz_worlds/models/lunalab2024_terrain
[0.129s] -- Up-to-date: /home/ism_student_2023/ros2_ws/src/leo_simulator-ros2/install/leo_gz_worlds/share/leo_gz_worlds/models/lunalab2024_terrain/meshes
[0.130s] -- Up-to-date: /home/ism_student_2023/ros2_ws/src/leo_simulator-ros2/install/leo_gz_worlds/share/leo_gz_worlds/models/lunalab2024_terrain/meshes/rock_3.dae
[0.130s] -- Up-to-date: /home/ism_student_2023/ros2_ws/src/leo_simulator-ros2/install/leo_gz_worlds/share/leo_gz_worlds/models/lunalab2024_terrain/meshes/rock_1.stl
[0.130s] -- Up-to-date: /home/ism_student_2023/ros2_ws/src/leo_simulator-ros2/install/leo_gz_worlds/share/leo_gz_worlds/models/lunalab2024_terrain/meshes/rock_4.stl
[0.130s] -- Up-to-date: /home/ism_student_2023/ros2_ws/src/leo_simulator-ros2/install/leo_gz_worlds/share/leo_gz_worlds/models/lunalab2024_terrain/meshes/rock_1.dae
[0.130s] -- Up-to-date: /home/ism_student_2023/ros2_ws/src/leo_simulator-ros2/install/leo_gz_worlds/share/leo_gz_worlds/models/lunalab2024_terrain/meshes/rock_2.stl
[0.130s] -- Up-to-date: /home/ism_student_2023/ros2_ws/src/leo_simulator-ros2/install/leo_gz_worlds/share/leo_gz_worlds/models/lunalab2024_terrain/meshes/rock_2.dae
[0.130s] -- Up-to-date: /home/ism_student_2023/ros2_ws/src/leo_simulator-ros2/install/leo_gz_worlds/share/leo_gz_worlds/models/lunalab2024_terrain/meshes/lunalab2024_terrain.stl
[0.131s] -- Up-to-date: /home/ism_student_2023/ros2_ws/src/leo_simulator-ros2/install/leo_gz_worlds/share/leo_gz_worlds/models/lunalab2024_terrain/meshes/rock_3.stl
[0.131s] -- Up-to-date: /home/ism_student_2023/ros2_ws/src/leo_simulator-ros2/install/leo_gz_worlds/share/leo_gz_worlds/models/lunalab2024_terrain/meshes/lunalab2024_terrain.dae
[0.131s] -- Up-to-date: /home/ism_student_2023/ros2_ws/src/leo_simulator-ros2/install/leo_gz_worlds/share/leo_gz_worlds/models/lunalab2024_terrain/meshes/rock_4.dae
[0.131s] -- Up-to-date: /home/ism_student_2023/ros2_ws/src/leo_simulator-ros2/install/leo_gz_worlds/share/leo_gz_worlds/models/lunalab2024_terrain/model.sdf
[0.131s] -- Up-to-date: /home/ism_student_2023/ros2_ws/src/leo_simulator-ros2/install/leo_gz_worlds/share/leo_gz_worlds/models/lunalab2024_terrain/model.config
[0.131s] -- Up-to-date: /home/ism_student_2023/ros2_ws/src/leo_simulator-ros2/install/leo_gz_worlds/share/leo_gz_worlds/environment/gz_sim_resource_path.dsv
[0.131s] -- Up-to-date: /home/ism_student_2023/ros2_ws/src/leo_simulator-ros2/install/leo_gz_worlds/share/ament_index/resource_index/package_run_dependencies/leo_gz_worlds
[0.131s] -- Up-to-date: /home/ism_student_2023/ros2_ws/src/leo_simulator-ros2/install/leo_gz_worlds/share/ament_index/resource_index/parent_prefix_path/leo_gz_worlds
[0.131s] -- Up-to-date: /home/ism_student_2023/ros2_ws/src/leo_simulator-ros2/install/leo_gz_worlds/share/leo_gz_worlds/environment/ament_prefix_path.sh
[0.132s] -- Up-to-date: /home/ism_student_2023/ros2_ws/src/leo_simulator-ros2/install/leo_gz_worlds/share/leo_gz_worlds/environment/ament_prefix_path.dsv
[0.132s] -- Up-to-date: /home/ism_student_2023/ros2_ws/src/leo_simulator-ros2/install/leo_gz_worlds/share/leo_gz_worlds/environment/path.sh
[0.132s] -- Up-to-date: /home/ism_student_2023/ros2_ws/src/leo_simulator-ros2/install/leo_gz_worlds/share/leo_gz_worlds/environment/path.dsv
[0.132s] -- Up-to-date: /home/ism_student_2023/ros2_ws/src/leo_simulator-ros2/install/leo_gz_worlds/share/leo_gz_worlds/local_setup.bash
[0.132s] -- Up-to-date: /home/ism_student_2023/ros2_ws/src/leo_simulator-ros2/install/leo_gz_worlds/share/leo_gz_worlds/local_setup.sh
[0.132s] -- Up-to-date: /home/ism_student_2023/ros2_ws/src/leo_simulator-ros2/install/leo_gz_worlds/share/leo_gz_worlds/local_setup.zsh
[0.132s] -- Up-to-date: /home/ism_student_2023/ros2_ws/src/leo_simulator-ros2/install/leo_gz_worlds/share/leo_gz_worlds/local_setup.dsv
[0.133s] -- Installing: /home/ism_student_2023/ros2_ws/src/leo_simulator-ros2/install/leo_gz_worlds/share/leo_gz_worlds/package.dsv
[0.133s] -- Up-to-date: /home/ism_student_2023/ros2_ws/src/leo_simulator-ros2/install/leo_gz_worlds/share/ament_index/resource_index/packages/leo_gz_worlds
[0.133s] -- Up-to-date: /home/ism_student_2023/ros2_ws/src/leo_simulator-ros2/install/leo_gz_worlds/share/leo_gz_worlds/cmake/leo_gz_worldsConfig.cmake
[0.133s] -- Up-to-date: /home/ism_student_2023/ros2_ws/src/leo_simulator-ros2/install/leo_gz_worlds/share/leo_gz_worlds/cmake/leo_gz_worldsConfig-version.cmake
[0.133s] -- Up-to-date: /home/ism_student_2023/ros2_ws/src/leo_simulator-ros2/install/leo_gz_worlds/share/leo_gz_worlds/package.xml
[0.133s] Invoked command in '/home/ism_student_2023/ros2_ws/src/leo_simulator-ros2/build/leo_gz_worlds' returned '0': CMAKE_PREFIX_PATH=${CMAKE_PREFIX_PATH}:/home/ism_student_2023/ros2_ws/install/rtabmap_livox:/opt/ros/humble /usr/bin/cmake --install /home/ism_student_2023/ros2_ws/src/leo_simulator-ros2/build/leo_gz_worlds
