[0.912s] DEBUG:colcon:Command line arguments: ['/usr/bin/colcon', 'build']
[0.912s] DEBUG:colcon:Parsed command line arguments: Namespace(log_base=None, log_level=None, verb_name='build', build_base='build', install_base='install', merge_install=False, symlink_install=False, test_result_base=None, continue_on_error=False, executor='parallel', parallel_workers=16, event_handlers=None, ignore_user_meta=False, metas=['./colcon.meta'], base_paths=['.'], packages_ignore=None, packages_ignore_regex=None, paths=None, packages_up_to=None, packages_up_to_regex=None, packages_above=None, packages_above_and_dependencies=None, packages_above_depth=None, packages_select_by_dep=None, packages_skip_by_dep=None, packages_skip_up_to=None, packages_select_build_failed=False, packages_skip_build_finished=False, packages_select_test_failures=False, packages_skip_test_passed=False, packages_select=None, packages_skip=None, packages_select_regex=None, packages_skip_regex=None, packages_start=None, packages_end=None, allow_overriding=[], cmake_args=None, cmake_target=None, cmake_target_skip_unavailable=False, cmake_clean_cache=False, cmake_clean_first=False, cmake_force_configure=False, ament_cmake_args=None, catkin_cmake_args=None, catkin_skip_building_tests=False, verb_parser=<colcon_defaults.argument_parser.defaults.DefaultArgumentsDecorator object at 0x7f674e044160>, verb_extension=<colcon_core.verb.build.BuildVerb object at 0x7f674df8c8b0>, main=<bound method BuildVerb.main of <colcon_core.verb.build.BuildVerb object at 0x7f674df8c8b0>>)
[0.952s] Level 1:colcon.colcon_core.package_discovery:discover_packages(colcon_meta) check parameters
[0.952s] Level 1:colcon.colcon_core.package_discovery:discover_packages(recursive) check parameters
[0.952s] Level 1:colcon.colcon_core.package_discovery:discover_packages(ignore) check parameters
[0.952s] Level 1:colcon.colcon_core.package_discovery:discover_packages(path) check parameters
[0.952s] Level 1:colcon.colcon_core.package_discovery:discover_packages(colcon_meta) discover
[0.952s] Level 1:colcon.colcon_core.package_discovery:discover_packages(recursive) discover
[0.952s] INFO:colcon.colcon_core.package_discovery:Crawling recursively for packages in '/home/ism_student_2023/ros2_ws/src/leo_simulator-ros2'
[0.952s] Level 1:colcon.colcon_core.package_identification:_identify(.) by extensions ['ignore', 'ignore_ament_install']
[0.952s] Level 1:colcon.colcon_core.package_identification:_identify(.) by extension 'ignore'
[0.952s] Level 1:colcon.colcon_core.package_identification:_identify(.) by extension 'ignore_ament_install'
[0.953s] Level 1:colcon.colcon_core.package_identification:_identify(.) by extensions ['colcon_pkg']
[0.953s] Level 1:colcon.colcon_core.package_identification:_identify(.) by extension 'colcon_pkg'
[0.953s] Level 1:colcon.colcon_core.package_identification:_identify(.) by extensions ['colcon_meta']
[0.953s] Level 1:colcon.colcon_core.package_identification:_identify(.) by extension 'colcon_meta'
[0.953s] Level 1:colcon.colcon_core.package_identification:_identify(.) by extensions ['ros']
[0.953s] Level 1:colcon.colcon_core.package_identification:_identify(.) by extension 'ros'
[0.961s] Level 1:colcon.colcon_core.package_identification:_identify(.) by extensions ['cmake', 'python']
[0.961s] Level 1:colcon.colcon_core.package_identification:_identify(.) by extension 'cmake'
[0.961s] Level 1:colcon.colcon_core.package_identification:_identify(.) by extension 'python'
[0.961s] Level 1:colcon.colcon_core.package_identification:_identify(.) by extensions ['python_setup_py']
[0.961s] Level 1:colcon.colcon_core.package_identification:_identify(.) by extension 'python_setup_py'
[0.961s] Level 1:colcon.colcon_core.package_identification:_identify(build) by extensions ['ignore', 'ignore_ament_install']
[0.961s] Level 1:colcon.colcon_core.package_identification:_identify(build) by extension 'ignore'
[0.961s] Level 1:colcon.colcon_core.package_identification:_identify(build) ignored
[0.961s] Level 1:colcon.colcon_core.package_identification:_identify(install) by extensions ['ignore', 'ignore_ament_install']
[0.961s] Level 1:colcon.colcon_core.package_identification:_identify(install) by extension 'ignore'
[0.961s] Level 1:colcon.colcon_core.package_identification:_identify(install) ignored
[0.961s] Level 1:colcon.colcon_core.package_identification:_identify(leo_gz_bringup) by extensions ['ignore', 'ignore_ament_install']
[0.961s] Level 1:colcon.colcon_core.package_identification:_identify(leo_gz_bringup) by extension 'ignore'
[0.961s] Level 1:colcon.colcon_core.package_identification:_identify(leo_gz_bringup) by extension 'ignore_ament_install'
[0.961s] Level 1:colcon.colcon_core.package_identification:_identify(leo_gz_bringup) by extensions ['colcon_pkg']
[0.961s] Level 1:colcon.colcon_core.package_identification:_identify(leo_gz_bringup) by extension 'colcon_pkg'
[0.961s] Level 1:colcon.colcon_core.package_identification:_identify(leo_gz_bringup) by extensions ['colcon_meta']
[0.961s] Level 1:colcon.colcon_core.package_identification:_identify(leo_gz_bringup) by extension 'colcon_meta'
[0.961s] Level 1:colcon.colcon_core.package_identification:_identify(leo_gz_bringup) by extensions ['ros']
[0.961s] Level 1:colcon.colcon_core.package_identification:_identify(leo_gz_bringup) by extension 'ros'
[0.963s] DEBUG:colcon.colcon_core.package_identification:Package 'leo_gz_bringup' with type 'ros.ament_cmake' and name 'leo_gz_bringup'
[0.963s] Level 1:colcon.colcon_core.package_identification:_identify(leo_gz_plugins) by extensions ['ignore', 'ignore_ament_install']
[0.963s] Level 1:colcon.colcon_core.package_identification:_identify(leo_gz_plugins) by extension 'ignore'
[0.963s] Level 1:colcon.colcon_core.package_identification:_identify(leo_gz_plugins) by extension 'ignore_ament_install'
[0.963s] Level 1:colcon.colcon_core.package_identification:_identify(leo_gz_plugins) by extensions ['colcon_pkg']
[0.963s] Level 1:colcon.colcon_core.package_identification:_identify(leo_gz_plugins) by extension 'colcon_pkg'
[0.963s] Level 1:colcon.colcon_core.package_identification:_identify(leo_gz_plugins) by extensions ['colcon_meta']
[0.964s] Level 1:colcon.colcon_core.package_identification:_identify(leo_gz_plugins) by extension 'colcon_meta'
[0.964s] Level 1:colcon.colcon_core.package_identification:_identify(leo_gz_plugins) by extensions ['ros']
[0.964s] Level 1:colcon.colcon_core.package_identification:_identify(leo_gz_plugins) by extension 'ros'
[0.971s] DEBUG:colcon.colcon_core.package_identification:Package 'leo_gz_plugins' with type 'ros.ament_cmake' and name 'leo_gz_plugins'
[0.971s] Level 1:colcon.colcon_core.package_identification:_identify(leo_gz_worlds) by extensions ['ignore', 'ignore_ament_install']
[0.971s] Level 1:colcon.colcon_core.package_identification:_identify(leo_gz_worlds) by extension 'ignore'
[0.971s] Level 1:colcon.colcon_core.package_identification:_identify(leo_gz_worlds) by extension 'ignore_ament_install'
[0.971s] Level 1:colcon.colcon_core.package_identification:_identify(leo_gz_worlds) by extensions ['colcon_pkg']
[0.972s] Level 1:colcon.colcon_core.package_identification:_identify(leo_gz_worlds) by extension 'colcon_pkg'
[0.972s] Level 1:colcon.colcon_core.package_identification:_identify(leo_gz_worlds) by extensions ['colcon_meta']
[0.972s] Level 1:colcon.colcon_core.package_identification:_identify(leo_gz_worlds) by extension 'colcon_meta'
[0.972s] Level 1:colcon.colcon_core.package_identification:_identify(leo_gz_worlds) by extensions ['ros']
[0.972s] Level 1:colcon.colcon_core.package_identification:_identify(leo_gz_worlds) by extension 'ros'
[0.972s] DEBUG:colcon.colcon_core.package_identification:Package 'leo_gz_worlds' with type 'ros.ament_cmake' and name 'leo_gz_worlds'
[0.972s] Level 1:colcon.colcon_core.package_identification:_identify(leo_simulator) by extensions ['ignore', 'ignore_ament_install']
[0.972s] Level 1:colcon.colcon_core.package_identification:_identify(leo_simulator) by extension 'ignore'
[0.972s] Level 1:colcon.colcon_core.package_identification:_identify(leo_simulator) by extension 'ignore_ament_install'
[0.972s] Level 1:colcon.colcon_core.package_identification:_identify(leo_simulator) by extensions ['colcon_pkg']
[0.972s] Level 1:colcon.colcon_core.package_identification:_identify(leo_simulator) by extension 'colcon_pkg'
[0.972s] Level 1:colcon.colcon_core.package_identification:_identify(leo_simulator) by extensions ['colcon_meta']
[0.972s] Level 1:colcon.colcon_core.package_identification:_identify(leo_simulator) by extension 'colcon_meta'
[0.972s] Level 1:colcon.colcon_core.package_identification:_identify(leo_simulator) by extensions ['ros']
[0.972s] Level 1:colcon.colcon_core.package_identification:_identify(leo_simulator) by extension 'ros'
[0.973s] DEBUG:colcon.colcon_core.package_identification:Package 'leo_simulator' with type 'ros.ament_cmake' and name 'leo_simulator'
[0.973s] Level 1:colcon.colcon_core.package_identification:_identify(log) by extensions ['ignore', 'ignore_ament_install']
[0.973s] Level 1:colcon.colcon_core.package_identification:_identify(log) by extension 'ignore'
[0.973s] Level 1:colcon.colcon_core.package_identification:_identify(log) ignored
[0.973s] Level 1:colcon.colcon_core.package_discovery:discover_packages(recursive) using defaults
[0.973s] Level 1:colcon.colcon_core.package_discovery:discover_packages(ignore) discover
[0.973s] Level 1:colcon.colcon_core.package_discovery:discover_packages(ignore) using defaults
[0.973s] Level 1:colcon.colcon_core.package_discovery:discover_packages(path) discover
[0.973s] Level 1:colcon.colcon_core.package_discovery:discover_packages(path) using defaults
[1.061s] Level 1:colcon.colcon_core.package_discovery:discover_packages(prefix_path) check parameters
[1.061s] Level 1:colcon.colcon_core.package_discovery:discover_packages(prefix_path) discover
[1.089s] DEBUG:colcon.colcon_installed_package_information.package_discovery:Found 9 installed packages in /home/ism_student_2023/ros2_ws/install
[1.102s] DEBUG:colcon.colcon_installed_package_information.package_discovery:Found 8 installed packages in /home/ism_student_2023/leosim_ws/install
[1.117s] DEBUG:colcon.colcon_installed_package_information.package_discovery:Found 378 installed packages in /opt/ros/humble
[1.118s] Level 1:colcon.colcon_core.package_discovery:discover_packages(prefix_path) using defaults
[1.203s] Level 5:colcon.colcon_core.verb:set package 'leo_gz_plugins' build argument 'cmake_args' from command line to 'None'
[1.203s] Level 5:colcon.colcon_core.verb:set package 'leo_gz_plugins' build argument 'cmake_target' from command line to 'None'
[1.203s] Level 5:colcon.colcon_core.verb:set package 'leo_gz_plugins' build argument 'cmake_target_skip_unavailable' from command line to 'False'
[1.203s] Level 5:colcon.colcon_core.verb:set package 'leo_gz_plugins' build argument 'cmake_clean_cache' from command line to 'False'
[1.203s] Level 5:colcon.colcon_core.verb:set package 'leo_gz_plugins' build argument 'cmake_clean_first' from command line to 'False'
[1.203s] Level 5:colcon.colcon_core.verb:set package 'leo_gz_plugins' build argument 'cmake_force_configure' from command line to 'False'
[1.203s] Level 5:colcon.colcon_core.verb:set package 'leo_gz_plugins' build argument 'ament_cmake_args' from command line to 'None'
[1.203s] Level 5:colcon.colcon_core.verb:set package 'leo_gz_plugins' build argument 'catkin_cmake_args' from command line to 'None'
[1.203s] Level 5:colcon.colcon_core.verb:set package 'leo_gz_plugins' build argument 'catkin_skip_building_tests' from command line to 'False'
[1.203s] DEBUG:colcon.colcon_core.verb:Building package 'leo_gz_plugins' with the following arguments: {'ament_cmake_args': None, 'build_base': '/home/ism_student_2023/ros2_ws/src/leo_simulator-ros2/build/leo_gz_plugins', 'catkin_cmake_args': None, 'catkin_skip_building_tests': False, 'cmake_args': None, 'cmake_clean_cache': False, 'cmake_clean_first': False, 'cmake_force_configure': False, 'cmake_target': None, 'cmake_target_skip_unavailable': False, 'install_base': '/home/ism_student_2023/ros2_ws/src/leo_simulator-ros2/install/leo_gz_plugins', 'merge_install': False, 'path': '/home/ism_student_2023/ros2_ws/src/leo_simulator-ros2/leo_gz_plugins', 'symlink_install': False, 'test_result_base': None}
[1.216s] Level 5:colcon.colcon_core.verb:set package 'leo_gz_worlds' build argument 'cmake_args' from command line to 'None'
[1.217s] Level 5:colcon.colcon_core.verb:set package 'leo_gz_worlds' build argument 'cmake_target' from command line to 'None'
[1.217s] Level 5:colcon.colcon_core.verb:set package 'leo_gz_worlds' build argument 'cmake_target_skip_unavailable' from command line to 'False'
[1.217s] Level 5:colcon.colcon_core.verb:set package 'leo_gz_worlds' build argument 'cmake_clean_cache' from command line to 'False'
[1.217s] Level 5:colcon.colcon_core.verb:set package 'leo_gz_worlds' build argument 'cmake_clean_first' from command line to 'False'
[1.217s] Level 5:colcon.colcon_core.verb:set package 'leo_gz_worlds' build argument 'cmake_force_configure' from command line to 'False'
[1.217s] Level 5:colcon.colcon_core.verb:set package 'leo_gz_worlds' build argument 'ament_cmake_args' from command line to 'None'
[1.217s] Level 5:colcon.colcon_core.verb:set package 'leo_gz_worlds' build argument 'catkin_cmake_args' from command line to 'None'
[1.217s] Level 5:colcon.colcon_core.verb:set package 'leo_gz_worlds' build argument 'catkin_skip_building_tests' from command line to 'False'
[1.217s] DEBUG:colcon.colcon_core.verb:Building package 'leo_gz_worlds' with the following arguments: {'ament_cmake_args': None, 'build_base': '/home/ism_student_2023/ros2_ws/src/leo_simulator-ros2/build/leo_gz_worlds', 'catkin_cmake_args': None, 'catkin_skip_building_tests': False, 'cmake_args': None, 'cmake_clean_cache': False, 'cmake_clean_first': False, 'cmake_force_configure': False, 'cmake_target': None, 'cmake_target_skip_unavailable': False, 'install_base': '/home/ism_student_2023/ros2_ws/src/leo_simulator-ros2/install/leo_gz_worlds', 'merge_install': False, 'path': '/home/ism_student_2023/ros2_ws/src/leo_simulator-ros2/leo_gz_worlds', 'symlink_install': False, 'test_result_base': None}
[1.230s] Level 5:colcon.colcon_core.verb:set package 'leo_gz_bringup' build argument 'cmake_args' from command line to 'None'
[1.230s] Level 5:colcon.colcon_core.verb:set package 'leo_gz_bringup' build argument 'cmake_target' from command line to 'None'
[1.230s] Level 5:colcon.colcon_core.verb:set package 'leo_gz_bringup' build argument 'cmake_target_skip_unavailable' from command line to 'False'
[1.230s] Level 5:colcon.colcon_core.verb:set package 'leo_gz_bringup' build argument 'cmake_clean_cache' from command line to 'False'
[1.230s] Level 5:colcon.colcon_core.verb:set package 'leo_gz_bringup' build argument 'cmake_clean_first' from command line to 'False'
[1.230s] Level 5:colcon.colcon_core.verb:set package 'leo_gz_bringup' build argument 'cmake_force_configure' from command line to 'False'
[1.230s] Level 5:colcon.colcon_core.verb:set package 'leo_gz_bringup' build argument 'ament_cmake_args' from command line to 'None'
[1.230s] Level 5:colcon.colcon_core.verb:set package 'leo_gz_bringup' build argument 'catkin_cmake_args' from command line to 'None'
[1.230s] Level 5:colcon.colcon_core.verb:set package 'leo_gz_bringup' build argument 'catkin_skip_building_tests' from command line to 'False'
[1.230s] DEBUG:colcon.colcon_core.verb:Building package 'leo_gz_bringup' with the following arguments: {'ament_cmake_args': None, 'build_base': '/home/ism_student_2023/ros2_ws/src/leo_simulator-ros2/build/leo_gz_bringup', 'catkin_cmake_args': None, 'catkin_skip_building_tests': False, 'cmake_args': None, 'cmake_clean_cache': False, 'cmake_clean_first': False, 'cmake_force_configure': False, 'cmake_target': None, 'cmake_target_skip_unavailable': False, 'install_base': '/home/ism_student_2023/ros2_ws/src/leo_simulator-ros2/install/leo_gz_bringup', 'merge_install': False, 'path': '/home/ism_student_2023/ros2_ws/src/leo_simulator-ros2/leo_gz_bringup', 'symlink_install': False, 'test_result_base': None}
[1.243s] Level 5:colcon.colcon_core.verb:set package 'leo_simulator' build argument 'cmake_args' from command line to 'None'
[1.243s] Level 5:colcon.colcon_core.verb:set package 'leo_simulator' build argument 'cmake_target' from command line to 'None'
[1.243s] Level 5:colcon.colcon_core.verb:set package 'leo_simulator' build argument 'cmake_target_skip_unavailable' from command line to 'False'
[1.243s] Level 5:colcon.colcon_core.verb:set package 'leo_simulator' build argument 'cmake_clean_cache' from command line to 'False'
[1.243s] Level 5:colcon.colcon_core.verb:set package 'leo_simulator' build argument 'cmake_clean_first' from command line to 'False'
[1.243s] Level 5:colcon.colcon_core.verb:set package 'leo_simulator' build argument 'cmake_force_configure' from command line to 'False'
[1.243s] Level 5:colcon.colcon_core.verb:set package 'leo_simulator' build argument 'ament_cmake_args' from command line to 'None'
[1.243s] Level 5:colcon.colcon_core.verb:set package 'leo_simulator' build argument 'catkin_cmake_args' from command line to 'None'
[1.243s] Level 5:colcon.colcon_core.verb:set package 'leo_simulator' build argument 'catkin_skip_building_tests' from command line to 'False'
[1.243s] DEBUG:colcon.colcon_core.verb:Building package 'leo_simulator' with the following arguments: {'ament_cmake_args': None, 'build_base': '/home/ism_student_2023/ros2_ws/src/leo_simulator-ros2/build/leo_simulator', 'catkin_cmake_args': None, 'catkin_skip_building_tests': False, 'cmake_args': None, 'cmake_clean_cache': False, 'cmake_clean_first': False, 'cmake_force_configure': False, 'cmake_target': None, 'cmake_target_skip_unavailable': False, 'install_base': '/home/ism_student_2023/ros2_ws/src/leo_simulator-ros2/install/leo_simulator', 'merge_install': False, 'path': '/home/ism_student_2023/ros2_ws/src/leo_simulator-ros2/leo_simulator', 'symlink_install': False, 'test_result_base': None}
[1.256s] INFO:colcon.colcon_core.executor:Executing jobs using 'parallel' executor
[1.269s] DEBUG:colcon.colcon_parallel_executor.executor.parallel:run_until_complete
[1.269s] INFO:colcon.colcon_ros.task.ament_cmake.build:Building ROS package in '/home/ism_student_2023/ros2_ws/src/leo_simulator-ros2/leo_gz_plugins' with build type 'ament_cmake'
[1.270s] INFO:colcon.colcon_cmake.task.cmake.build:Building CMake package in '/home/ism_student_2023/ros2_ws/src/leo_simulator-ros2/leo_gz_plugins'
[1.284s] INFO:colcon.colcon_core.plugin_system:Skipping extension 'colcon_core.shell.bat': Not used on non-Windows systems
[1.284s] INFO:colcon.colcon_core.shell:Skip shell extension 'powershell' for command environment: Not usable outside of PowerShell
[1.284s] DEBUG:colcon.colcon_core.shell:Skip shell extension 'dsv' for command environment
[1.339s] INFO:colcon.colcon_ros.task.ament_cmake.build:Building ROS package in '/home/ism_student_2023/ros2_ws/src/leo_simulator-ros2/leo_gz_worlds' with build type 'ament_cmake'
[1.339s] INFO:colcon.colcon_cmake.task.cmake.build:Building CMake package in '/home/ism_student_2023/ros2_ws/src/leo_simulator-ros2/leo_gz_worlds'
[1.352s] INFO:colcon.colcon_core.shell:Skip shell extension 'powershell' for command environment: Not usable outside of PowerShell
[1.353s] DEBUG:colcon.colcon_core.shell:Skip shell extension 'dsv' for command environment
[1.412s] DEBUG:colcon.colcon_core.event_handler.log_command:Invoking command in '/home/ism_student_2023/ros2_ws/src/leo_simulator-ros2/build/leo_gz_plugins': CMAKE_PREFIX_PATH=${CMAKE_PREFIX_PATH}:/home/ism_student_2023/ros2_ws/install/rtabmap_livox:/opt/ros/humble /usr/bin/cmake /home/ism_student_2023/ros2_ws/src/leo_simulator-ros2/leo_gz_plugins -DCMAKE_INSTALL_PREFIX=/home/ism_student_2023/ros2_ws/src/leo_simulator-ros2/install/leo_gz_plugins
[1.414s] DEBUG:colcon.colcon_core.event_handler.log_command:Invoking command in '/home/ism_student_2023/ros2_ws/src/leo_simulator-ros2/build/leo_gz_worlds': CMAKE_PREFIX_PATH=${CMAKE_PREFIX_PATH}:/home/ism_student_2023/ros2_ws/install/rtabmap_livox:/opt/ros/humble /usr/bin/cmake /home/ism_student_2023/ros2_ws/src/leo_simulator-ros2/leo_gz_worlds -DCMAKE_INSTALL_PREFIX=/home/ism_student_2023/ros2_ws/src/leo_simulator-ros2/install/leo_gz_worlds
[4.536s] DEBUG:colcon.colcon_core.event_handler.log_command:Invoked command in '/home/ism_student_2023/ros2_ws/src/leo_simulator-ros2/build/leo_gz_worlds' returned '0': CMAKE_PREFIX_PATH=${CMAKE_PREFIX_PATH}:/home/ism_student_2023/ros2_ws/install/rtabmap_livox:/opt/ros/humble /usr/bin/cmake /home/ism_student_2023/ros2_ws/src/leo_simulator-ros2/leo_gz_worlds -DCMAKE_INSTALL_PREFIX=/home/ism_student_2023/ros2_ws/src/leo_simulator-ros2/install/leo_gz_worlds
[4.537s] DEBUG:colcon.colcon_core.event_handler.log_command:Invoking command in '/home/ism_student_2023/ros2_ws/src/leo_simulator-ros2/build/leo_gz_worlds': CMAKE_PREFIX_PATH=${CMAKE_PREFIX_PATH}:/home/ism_student_2023/ros2_ws/install/rtabmap_livox:/opt/ros/humble /usr/bin/cmake --build /home/ism_student_2023/ros2_ws/src/leo_simulator-ros2/build/leo_gz_worlds -- -j16 -l16
[4.561s] DEBUG:colcon.colcon_core.event_handler.log_command:Invoked command in '/home/ism_student_2023/ros2_ws/src/leo_simulator-ros2/build/leo_gz_worlds' returned '0': CMAKE_PREFIX_PATH=${CMAKE_PREFIX_PATH}:/home/ism_student_2023/ros2_ws/install/rtabmap_livox:/opt/ros/humble /usr/bin/cmake --build /home/ism_student_2023/ros2_ws/src/leo_simulator-ros2/build/leo_gz_worlds -- -j16 -l16
[4.580s] DEBUG:colcon.colcon_core.event_handler.log_command:Invoking command in '/home/ism_student_2023/ros2_ws/src/leo_simulator-ros2/build/leo_gz_worlds': CMAKE_PREFIX_PATH=${CMAKE_PREFIX_PATH}:/home/ism_student_2023/ros2_ws/install/rtabmap_livox:/opt/ros/humble /usr/bin/cmake --install /home/ism_student_2023/ros2_ws/src/leo_simulator-ros2/build/leo_gz_worlds
[6.781s] DEBUG:colcon.colcon_core.event_handler.log_command:Invoked command in '/home/ism_student_2023/ros2_ws/src/leo_simulator-ros2/build/leo_gz_plugins' returned '0': CMAKE_PREFIX_PATH=${CMAKE_PREFIX_PATH}:/home/ism_student_2023/ros2_ws/install/rtabmap_livox:/opt/ros/humble /usr/bin/cmake /home/ism_student_2023/ros2_ws/src/leo_simulator-ros2/leo_gz_plugins -DCMAKE_INSTALL_PREFIX=/home/ism_student_2023/ros2_ws/src/leo_simulator-ros2/install/leo_gz_plugins
[6.781s] DEBUG:colcon.colcon_core.event_handler.log_command:Invoking command in '/home/ism_student_2023/ros2_ws/src/leo_simulator-ros2/build/leo_gz_plugins': CMAKE_PREFIX_PATH=${CMAKE_PREFIX_PATH}:/home/ism_student_2023/ros2_ws/install/rtabmap_livox:/opt/ros/humble /usr/bin/cmake --build /home/ism_student_2023/ros2_ws/src/leo_simulator-ros2/build/leo_gz_plugins -- -j16 -l16
[12.210s] Level 1:colcon.colcon_core.environment:create_environment_scripts_only(leo_gz_worlds)
[12.210s] DEBUG:colcon.colcon_core.event_handler.log_command:Invoked command in '/home/ism_student_2023/ros2_ws/src/leo_simulator-ros2/build/leo_gz_worlds' returned '0': CMAKE_PREFIX_PATH=${CMAKE_PREFIX_PATH}:/home/ism_student_2023/ros2_ws/install/rtabmap_livox:/opt/ros/humble /usr/bin/cmake --install /home/ism_student_2023/ros2_ws/src/leo_simulator-ros2/build/leo_gz_worlds
[12.225s] Level 1:colcon.colcon_core.environment:checking '/home/ism_student_2023/ros2_ws/src/leo_simulator-ros2/install/leo_gz_worlds' for CMake module files
[12.226s] Level 1:colcon.colcon_core.environment:checking '/home/ism_student_2023/ros2_ws/src/leo_simulator-ros2/install/leo_gz_worlds' for CMake config files
[12.226s] Level 1:colcon.colcon_core.shell:create_environment_hook('leo_gz_worlds', 'cmake_prefix_path')
[12.240s] INFO:colcon.colcon_core.shell:Creating environment hook '/home/ism_student_2023/ros2_ws/src/leo_simulator-ros2/install/leo_gz_worlds/share/leo_gz_worlds/hook/cmake_prefix_path.ps1'
[12.240s] INFO:colcon.colcon_core.shell:Creating environment descriptor '/home/ism_student_2023/ros2_ws/src/leo_simulator-ros2/install/leo_gz_worlds/share/leo_gz_worlds/hook/cmake_prefix_path.dsv'
[12.240s] INFO:colcon.colcon_core.shell:Creating environment hook '/home/ism_student_2023/ros2_ws/src/leo_simulator-ros2/install/leo_gz_worlds/share/leo_gz_worlds/hook/cmake_prefix_path.sh'
[12.241s] Level 1:colcon.colcon_core.environment:checking '/home/ism_student_2023/ros2_ws/src/leo_simulator-ros2/install/leo_gz_worlds/bin'
[12.241s] Level 1:colcon.colcon_core.environment:checking '/home/ism_student_2023/ros2_ws/src/leo_simulator-ros2/install/leo_gz_worlds/lib/pkgconfig/leo_gz_worlds.pc'
[12.241s] Level 1:colcon.colcon_core.environment:checking '/home/ism_student_2023/ros2_ws/src/leo_simulator-ros2/install/leo_gz_worlds/lib/python3.10/site-packages'
[12.241s] Level 1:colcon.colcon_core.environment:checking '/home/ism_student_2023/ros2_ws/src/leo_simulator-ros2/install/leo_gz_worlds/bin'
[12.255s] INFO:colcon.colcon_core.shell:Creating package script '/home/ism_student_2023/ros2_ws/src/leo_simulator-ros2/install/leo_gz_worlds/share/leo_gz_worlds/package.ps1'
[12.255s] INFO:colcon.colcon_core.shell:Creating package descriptor '/home/ism_student_2023/ros2_ws/src/leo_simulator-ros2/install/leo_gz_worlds/share/leo_gz_worlds/package.dsv'
[12.256s] INFO:colcon.colcon_core.shell:Creating package script '/home/ism_student_2023/ros2_ws/src/leo_simulator-ros2/install/leo_gz_worlds/share/leo_gz_worlds/package.sh'
[12.256s] INFO:colcon.colcon_core.shell:Creating package script '/home/ism_student_2023/ros2_ws/src/leo_simulator-ros2/install/leo_gz_worlds/share/leo_gz_worlds/package.bash'
[12.257s] INFO:colcon.colcon_core.shell:Creating package script '/home/ism_student_2023/ros2_ws/src/leo_simulator-ros2/install/leo_gz_worlds/share/leo_gz_worlds/package.zsh'
[12.257s] Level 1:colcon.colcon_core.environment:create_file_with_runtime_dependencies(/home/ism_student_2023/ros2_ws/src/leo_simulator-ros2/install/leo_gz_worlds/share/colcon-core/packages/leo_gz_worlds)
[12.285s] Level 1:colcon.colcon_core.environment:create_environment_scripts_only(leo_gz_worlds)
[12.298s] Level 1:colcon.colcon_core.environment:checking '/home/ism_student_2023/ros2_ws/src/leo_simulator-ros2/install/leo_gz_worlds' for CMake module files
[12.299s] Level 1:colcon.colcon_core.environment:checking '/home/ism_student_2023/ros2_ws/src/leo_simulator-ros2/install/leo_gz_worlds' for CMake config files
[12.299s] Level 1:colcon.colcon_core.shell:create_environment_hook('leo_gz_worlds', 'cmake_prefix_path')
[12.313s] INFO:colcon.colcon_core.shell:Creating environment hook '/home/ism_student_2023/ros2_ws/src/leo_simulator-ros2/install/leo_gz_worlds/share/leo_gz_worlds/hook/cmake_prefix_path.ps1'
[12.313s] INFO:colcon.colcon_core.shell:Creating environment descriptor '/home/ism_student_2023/ros2_ws/src/leo_simulator-ros2/install/leo_gz_worlds/share/leo_gz_worlds/hook/cmake_prefix_path.dsv'
[12.313s] INFO:colcon.colcon_core.shell:Creating environment hook '/home/ism_student_2023/ros2_ws/src/leo_simulator-ros2/install/leo_gz_worlds/share/leo_gz_worlds/hook/cmake_prefix_path.sh'
[12.314s] Level 1:colcon.colcon_core.environment:checking '/home/ism_student_2023/ros2_ws/src/leo_simulator-ros2/install/leo_gz_worlds/bin'
[12.314s] Level 1:colcon.colcon_core.environment:checking '/home/ism_student_2023/ros2_ws/src/leo_simulator-ros2/install/leo_gz_worlds/lib/pkgconfig/leo_gz_worlds.pc'
[12.314s] Level 1:colcon.colcon_core.environment:checking '/home/ism_student_2023/ros2_ws/src/leo_simulator-ros2/install/leo_gz_worlds/lib/python3.10/site-packages'
[12.314s] Level 1:colcon.colcon_core.environment:checking '/home/ism_student_2023/ros2_ws/src/leo_simulator-ros2/install/leo_gz_worlds/bin'
[12.327s] INFO:colcon.colcon_core.shell:Creating package script '/home/ism_student_2023/ros2_ws/src/leo_simulator-ros2/install/leo_gz_worlds/share/leo_gz_worlds/package.ps1'
[12.328s] INFO:colcon.colcon_core.shell:Creating package descriptor '/home/ism_student_2023/ros2_ws/src/leo_simulator-ros2/install/leo_gz_worlds/share/leo_gz_worlds/package.dsv'
[12.328s] INFO:colcon.colcon_core.shell:Creating package script '/home/ism_student_2023/ros2_ws/src/leo_simulator-ros2/install/leo_gz_worlds/share/leo_gz_worlds/package.sh'
[12.328s] INFO:colcon.colcon_core.shell:Creating package script '/home/ism_student_2023/ros2_ws/src/leo_simulator-ros2/install/leo_gz_worlds/share/leo_gz_worlds/package.bash'
[12.329s] INFO:colcon.colcon_core.shell:Creating package script '/home/ism_student_2023/ros2_ws/src/leo_simulator-ros2/install/leo_gz_worlds/share/leo_gz_worlds/package.zsh'
[12.329s] Level 1:colcon.colcon_core.environment:create_file_with_runtime_dependencies(/home/ism_student_2023/ros2_ws/src/leo_simulator-ros2/install/leo_gz_worlds/share/colcon-core/packages/leo_gz_worlds)
[23.319s] DEBUG:colcon.colcon_core.event_handler.log_command:Invoked command in '/home/ism_student_2023/ros2_ws/src/leo_simulator-ros2/build/leo_gz_plugins' returned '0': CMAKE_PREFIX_PATH=${CMAKE_PREFIX_PATH}:/home/ism_student_2023/ros2_ws/install/rtabmap_livox:/opt/ros/humble /usr/bin/cmake --build /home/ism_student_2023/ros2_ws/src/leo_simulator-ros2/build/leo_gz_plugins -- -j16 -l16
[23.335s] DEBUG:colcon.colcon_core.event_handler.log_command:Invoking command in '/home/ism_student_2023/ros2_ws/src/leo_simulator-ros2/build/leo_gz_plugins': CMAKE_PREFIX_PATH=${CMAKE_PREFIX_PATH}:/home/ism_student_2023/ros2_ws/install/rtabmap_livox:/opt/ros/humble /usr/bin/cmake --install /home/ism_student_2023/ros2_ws/src/leo_simulator-ros2/build/leo_gz_plugins
[23.348s] Level 1:colcon.colcon_core.environment:create_environment_scripts_only(leo_gz_plugins)
[23.348s] DEBUG:colcon.colcon_core.event_handler.log_command:Invoked command in '/home/ism_student_2023/ros2_ws/src/leo_simulator-ros2/build/leo_gz_plugins' returned '0': CMAKE_PREFIX_PATH=${CMAKE_PREFIX_PATH}:/home/ism_student_2023/ros2_ws/install/rtabmap_livox:/opt/ros/humble /usr/bin/cmake --install /home/ism_student_2023/ros2_ws/src/leo_simulator-ros2/build/leo_gz_plugins
[23.362s] Level 1:colcon.colcon_core.environment:checking '/home/ism_student_2023/ros2_ws/src/leo_simulator-ros2/install/leo_gz_plugins' for CMake module files
[23.363s] Level 1:colcon.colcon_core.environment:checking '/home/ism_student_2023/ros2_ws/src/leo_simulator-ros2/install/leo_gz_plugins' for CMake config files
[23.363s] Level 1:colcon.colcon_core.shell:create_environment_hook('leo_gz_plugins', 'cmake_prefix_path')
[23.376s] INFO:colcon.colcon_core.shell:Creating environment hook '/home/ism_student_2023/ros2_ws/src/leo_simulator-ros2/install/leo_gz_plugins/share/leo_gz_plugins/hook/cmake_prefix_path.ps1'
[23.376s] INFO:colcon.colcon_core.shell:Creating environment descriptor '/home/ism_student_2023/ros2_ws/src/leo_simulator-ros2/install/leo_gz_plugins/share/leo_gz_plugins/hook/cmake_prefix_path.dsv'
[23.376s] INFO:colcon.colcon_core.shell:Creating environment hook '/home/ism_student_2023/ros2_ws/src/leo_simulator-ros2/install/leo_gz_plugins/share/leo_gz_plugins/hook/cmake_prefix_path.sh'
[23.377s] Level 1:colcon.colcon_core.environment:checking '/home/ism_student_2023/ros2_ws/src/leo_simulator-ros2/install/leo_gz_plugins/lib'
[23.377s] Level 1:colcon.colcon_core.shell:create_environment_hook('leo_gz_plugins', 'ld_library_path_lib')
[23.390s] INFO:colcon.colcon_core.shell:Creating environment hook '/home/ism_student_2023/ros2_ws/src/leo_simulator-ros2/install/leo_gz_plugins/share/leo_gz_plugins/hook/ld_library_path_lib.ps1'
[23.390s] INFO:colcon.colcon_core.shell:Creating environment descriptor '/home/ism_student_2023/ros2_ws/src/leo_simulator-ros2/install/leo_gz_plugins/share/leo_gz_plugins/hook/ld_library_path_lib.dsv'
[23.391s] INFO:colcon.colcon_core.shell:Creating environment hook '/home/ism_student_2023/ros2_ws/src/leo_simulator-ros2/install/leo_gz_plugins/share/leo_gz_plugins/hook/ld_library_path_lib.sh'
[23.391s] Level 1:colcon.colcon_core.environment:checking '/home/ism_student_2023/ros2_ws/src/leo_simulator-ros2/install/leo_gz_plugins/bin'
[23.391s] Level 1:colcon.colcon_core.environment:checking '/home/ism_student_2023/ros2_ws/src/leo_simulator-ros2/install/leo_gz_plugins/lib/pkgconfig/leo_gz_plugins.pc'
[23.391s] Level 1:colcon.colcon_core.environment:checking '/home/ism_student_2023/ros2_ws/src/leo_simulator-ros2/install/leo_gz_plugins/lib/python3.10/site-packages'
[23.391s] Level 1:colcon.colcon_core.environment:checking '/home/ism_student_2023/ros2_ws/src/leo_simulator-ros2/install/leo_gz_plugins/bin'
[23.405s] INFO:colcon.colcon_core.shell:Creating package script '/home/ism_student_2023/ros2_ws/src/leo_simulator-ros2/install/leo_gz_plugins/share/leo_gz_plugins/package.ps1'
[23.405s] INFO:colcon.colcon_core.shell:Creating package descriptor '/home/ism_student_2023/ros2_ws/src/leo_simulator-ros2/install/leo_gz_plugins/share/leo_gz_plugins/package.dsv'
[23.405s] INFO:colcon.colcon_core.shell:Creating package script '/home/ism_student_2023/ros2_ws/src/leo_simulator-ros2/install/leo_gz_plugins/share/leo_gz_plugins/package.sh'
[23.405s] INFO:colcon.colcon_core.shell:Creating package script '/home/ism_student_2023/ros2_ws/src/leo_simulator-ros2/install/leo_gz_plugins/share/leo_gz_plugins/package.bash'
[23.406s] INFO:colcon.colcon_core.shell:Creating package script '/home/ism_student_2023/ros2_ws/src/leo_simulator-ros2/install/leo_gz_plugins/share/leo_gz_plugins/package.zsh'
[23.406s] Level 1:colcon.colcon_core.environment:create_file_with_runtime_dependencies(/home/ism_student_2023/ros2_ws/src/leo_simulator-ros2/install/leo_gz_plugins/share/colcon-core/packages/leo_gz_plugins)
[23.436s] Level 1:colcon.colcon_core.environment:create_environment_scripts_only(leo_gz_plugins)
[23.450s] Level 1:colcon.colcon_core.environment:checking '/home/ism_student_2023/ros2_ws/src/leo_simulator-ros2/install/leo_gz_plugins' for CMake module files
[23.450s] Level 1:colcon.colcon_core.environment:checking '/home/ism_student_2023/ros2_ws/src/leo_simulator-ros2/install/leo_gz_plugins' for CMake config files
[23.450s] Level 1:colcon.colcon_core.shell:create_environment_hook('leo_gz_plugins', 'cmake_prefix_path')
[23.463s] INFO:colcon.colcon_core.shell:Creating environment hook '/home/ism_student_2023/ros2_ws/src/leo_simulator-ros2/install/leo_gz_plugins/share/leo_gz_plugins/hook/cmake_prefix_path.ps1'
[23.464s] INFO:colcon.colcon_core.shell:Creating environment descriptor '/home/ism_student_2023/ros2_ws/src/leo_simulator-ros2/install/leo_gz_plugins/share/leo_gz_plugins/hook/cmake_prefix_path.dsv'
[23.464s] INFO:colcon.colcon_core.shell:Creating environment hook '/home/ism_student_2023/ros2_ws/src/leo_simulator-ros2/install/leo_gz_plugins/share/leo_gz_plugins/hook/cmake_prefix_path.sh'
[23.464s] Level 1:colcon.colcon_core.environment:checking '/home/ism_student_2023/ros2_ws/src/leo_simulator-ros2/install/leo_gz_plugins/lib'
[23.464s] Level 1:colcon.colcon_core.shell:create_environment_hook('leo_gz_plugins', 'ld_library_path_lib')
[23.477s] INFO:colcon.colcon_core.shell:Creating environment hook '/home/ism_student_2023/ros2_ws/src/leo_simulator-ros2/install/leo_gz_plugins/share/leo_gz_plugins/hook/ld_library_path_lib.ps1'
[23.478s] INFO:colcon.colcon_core.shell:Creating environment descriptor '/home/ism_student_2023/ros2_ws/src/leo_simulator-ros2/install/leo_gz_plugins/share/leo_gz_plugins/hook/ld_library_path_lib.dsv'
[23.478s] INFO:colcon.colcon_core.shell:Creating environment hook '/home/ism_student_2023/ros2_ws/src/leo_simulator-ros2/install/leo_gz_plugins/share/leo_gz_plugins/hook/ld_library_path_lib.sh'
[23.478s] Level 1:colcon.colcon_core.environment:checking '/home/ism_student_2023/ros2_ws/src/leo_simulator-ros2/install/leo_gz_plugins/bin'
[23.478s] Level 1:colcon.colcon_core.environment:checking '/home/ism_student_2023/ros2_ws/src/leo_simulator-ros2/install/leo_gz_plugins/lib/pkgconfig/leo_gz_plugins.pc'
[23.478s] Level 1:colcon.colcon_core.environment:checking '/home/ism_student_2023/ros2_ws/src/leo_simulator-ros2/install/leo_gz_plugins/lib/python3.10/site-packages'
[23.478s] Level 1:colcon.colcon_core.environment:checking '/home/ism_student_2023/ros2_ws/src/leo_simulator-ros2/install/leo_gz_plugins/bin'
[23.492s] INFO:colcon.colcon_core.shell:Creating package script '/home/ism_student_2023/ros2_ws/src/leo_simulator-ros2/install/leo_gz_plugins/share/leo_gz_plugins/package.ps1'
[23.492s] INFO:colcon.colcon_core.shell:Creating package descriptor '/home/ism_student_2023/ros2_ws/src/leo_simulator-ros2/install/leo_gz_plugins/share/leo_gz_plugins/package.dsv'
[23.492s] INFO:colcon.colcon_core.shell:Creating package script '/home/ism_student_2023/ros2_ws/src/leo_simulator-ros2/install/leo_gz_plugins/share/leo_gz_plugins/package.sh'
[23.493s] INFO:colcon.colcon_core.shell:Creating package script '/home/ism_student_2023/ros2_ws/src/leo_simulator-ros2/install/leo_gz_plugins/share/leo_gz_plugins/package.bash'
[23.493s] INFO:colcon.colcon_core.shell:Creating package script '/home/ism_student_2023/ros2_ws/src/leo_simulator-ros2/install/leo_gz_plugins/share/leo_gz_plugins/package.zsh'
[23.493s] Level 1:colcon.colcon_core.environment:create_file_with_runtime_dependencies(/home/ism_student_2023/ros2_ws/src/leo_simulator-ros2/install/leo_gz_plugins/share/colcon-core/packages/leo_gz_plugins)
[23.493s] INFO:colcon.colcon_ros.task.ament_cmake.build:Building ROS package in '/home/ism_student_2023/ros2_ws/src/leo_simulator-ros2/leo_gz_bringup' with build type 'ament_cmake'
[23.494s] INFO:colcon.colcon_cmake.task.cmake.build:Building CMake package in '/home/ism_student_2023/ros2_ws/src/leo_simulator-ros2/leo_gz_bringup'
[23.507s] INFO:colcon.colcon_core.shell:Skip shell extension 'powershell' for command environment: Not usable outside of PowerShell
[23.507s] DEBUG:colcon.colcon_core.shell:Skip shell extension 'dsv' for command environment
[23.568s] DEBUG:colcon.colcon_core.event_handler.log_command:Invoking command in '/home/ism_student_2023/ros2_ws/src/leo_simulator-ros2/build/leo_gz_bringup': AMENT_PREFIX_PATH=/home/ism_student_2023/ros2_ws/src/leo_simulator-ros2/install/leo_gz_worlds:/home/ism_student_2023/ros2_ws/src/leo_simulator-ros2/install/leo_gz_plugins:${AMENT_PREFIX_PATH} CMAKE_PREFIX_PATH=/home/ism_student_2023/ros2_ws/src/leo_simulator-ros2/install/leo_gz_worlds:/home/ism_student_2023/ros2_ws/src/leo_simulator-ros2/install/leo_gz_plugins:/home/ism_student_2023/ros2_ws/install/leo:/home/ism_student_2023/ros2_ws/install/leo_teleop:/home/ism_student_2023/ros2_ws/install/leo_simulator:/home/ism_student_2023/ros2_ws/install/leo_msgs:/home/ism_student_2023/ros2_ws/install/leo_gz_bringup:/home/ism_student_2023/ros2_ws/install/leo_gz_worlds:/home/ism_student_2023/ros2_ws/install/leo_gz_plugins:/home/ism_student_2023/ros2_ws/install/leo_description:/home/ism_student_2023/leosim_ws/install/leo:/home/ism_student_2023/leosim_ws/install/leo_teleop:/home/ism_student_2023/leosim_ws/install/leo_simulator:/home/ism_student_2023/leosim_ws/install/leo_msgs:/home/ism_student_2023/leosim_ws/install/leo_gz_bringup:/home/ism_student_2023/leosim_ws/install/leo_gz_worlds:/home/ism_student_2023/leosim_ws/install/leo_gz_plugins:/home/ism_student_2023/leosim_ws/install/leo_description:/home/ism_student_2023/ros2_ws/install/rtabmap_livox:/opt/ros/humble LD_LIBRARY_PATH=/home/ism_student_2023/ros2_ws/src/leo_simulator-ros2/install/leo_gz_plugins/lib:${LD_LIBRARY_PATH} /usr/bin/cmake /home/ism_student_2023/ros2_ws/src/leo_simulator-ros2/leo_gz_bringup -DCMAKE_INSTALL_PREFIX=/home/ism_student_2023/ros2_ws/src/leo_simulator-ros2/install/leo_gz_bringup
[24.024s] DEBUG:colcon.colcon_core.event_handler.log_command:Invoked command in '/home/ism_student_2023/ros2_ws/src/leo_simulator-ros2/build/leo_gz_bringup' returned '0': AMENT_PREFIX_PATH=/home/ism_student_2023/ros2_ws/src/leo_simulator-ros2/install/leo_gz_worlds:/home/ism_student_2023/ros2_ws/src/leo_simulator-ros2/install/leo_gz_plugins:${AMENT_PREFIX_PATH} CMAKE_PREFIX_PATH=/home/ism_student_2023/ros2_ws/src/leo_simulator-ros2/install/leo_gz_worlds:/home/ism_student_2023/ros2_ws/src/leo_simulator-ros2/install/leo_gz_plugins:/home/ism_student_2023/ros2_ws/install/leo:/home/ism_student_2023/ros2_ws/install/leo_teleop:/home/ism_student_2023/ros2_ws/install/leo_simulator:/home/ism_student_2023/ros2_ws/install/leo_msgs:/home/ism_student_2023/ros2_ws/install/leo_gz_bringup:/home/ism_student_2023/ros2_ws/install/leo_gz_worlds:/home/ism_student_2023/ros2_ws/install/leo_gz_plugins:/home/ism_student_2023/ros2_ws/install/leo_description:/home/ism_student_2023/leosim_ws/install/leo:/home/ism_student_2023/leosim_ws/install/leo_teleop:/home/ism_student_2023/leosim_ws/install/leo_simulator:/home/ism_student_2023/leosim_ws/install/leo_msgs:/home/ism_student_2023/leosim_ws/install/leo_gz_bringup:/home/ism_student_2023/leosim_ws/install/leo_gz_worlds:/home/ism_student_2023/leosim_ws/install/leo_gz_plugins:/home/ism_student_2023/leosim_ws/install/leo_description:/home/ism_student_2023/ros2_ws/install/rtabmap_livox:/opt/ros/humble LD_LIBRARY_PATH=/home/ism_student_2023/ros2_ws/src/leo_simulator-ros2/install/leo_gz_plugins/lib:${LD_LIBRARY_PATH} /usr/bin/cmake /home/ism_student_2023/ros2_ws/src/leo_simulator-ros2/leo_gz_bringup -DCMAKE_INSTALL_PREFIX=/home/ism_student_2023/ros2_ws/src/leo_simulator-ros2/install/leo_gz_bringup
[24.026s] DEBUG:colcon.colcon_core.event_handler.log_command:Invoking command in '/home/ism_student_2023/ros2_ws/src/leo_simulator-ros2/build/leo_gz_bringup': AMENT_PREFIX_PATH=/home/ism_student_2023/ros2_ws/src/leo_simulator-ros2/install/leo_gz_worlds:/home/ism_student_2023/ros2_ws/src/leo_simulator-ros2/install/leo_gz_plugins:${AMENT_PREFIX_PATH} CMAKE_PREFIX_PATH=/home/ism_student_2023/ros2_ws/src/leo_simulator-ros2/install/leo_gz_worlds:/home/ism_student_2023/ros2_ws/src/leo_simulator-ros2/install/leo_gz_plugins:/home/ism_student_2023/ros2_ws/install/leo:/home/ism_student_2023/ros2_ws/install/leo_teleop:/home/ism_student_2023/ros2_ws/install/leo_simulator:/home/ism_student_2023/ros2_ws/install/leo_msgs:/home/ism_student_2023/ros2_ws/install/leo_gz_bringup:/home/ism_student_2023/ros2_ws/install/leo_gz_worlds:/home/ism_student_2023/ros2_ws/install/leo_gz_plugins:/home/ism_student_2023/ros2_ws/install/leo_description:/home/ism_student_2023/leosim_ws/install/leo:/home/ism_student_2023/leosim_ws/install/leo_teleop:/home/ism_student_2023/leosim_ws/install/leo_simulator:/home/ism_student_2023/leosim_ws/install/leo_msgs:/home/ism_student_2023/leosim_ws/install/leo_gz_bringup:/home/ism_student_2023/leosim_ws/install/leo_gz_worlds:/home/ism_student_2023/leosim_ws/install/leo_gz_plugins:/home/ism_student_2023/leosim_ws/install/leo_description:/home/ism_student_2023/ros2_ws/install/rtabmap_livox:/opt/ros/humble LD_LIBRARY_PATH=/home/ism_student_2023/ros2_ws/src/leo_simulator-ros2/install/leo_gz_plugins/lib:${LD_LIBRARY_PATH} /usr/bin/cmake --build /home/ism_student_2023/ros2_ws/src/leo_simulator-ros2/build/leo_gz_bringup -- -j16 -l16
[24.051s] DEBUG:colcon.colcon_core.event_handler.log_command:Invoked command in '/home/ism_student_2023/ros2_ws/src/leo_simulator-ros2/build/leo_gz_bringup' returned '0': AMENT_PREFIX_PATH=/home/ism_student_2023/ros2_ws/src/leo_simulator-ros2/install/leo_gz_worlds:/home/ism_student_2023/ros2_ws/src/leo_simulator-ros2/install/leo_gz_plugins:${AMENT_PREFIX_PATH} CMAKE_PREFIX_PATH=/home/ism_student_2023/ros2_ws/src/leo_simulator-ros2/install/leo_gz_worlds:/home/ism_student_2023/ros2_ws/src/leo_simulator-ros2/install/leo_gz_plugins:/home/ism_student_2023/ros2_ws/install/leo:/home/ism_student_2023/ros2_ws/install/leo_teleop:/home/ism_student_2023/ros2_ws/install/leo_simulator:/home/ism_student_2023/ros2_ws/install/leo_msgs:/home/ism_student_2023/ros2_ws/install/leo_gz_bringup:/home/ism_student_2023/ros2_ws/install/leo_gz_worlds:/home/ism_student_2023/ros2_ws/install/leo_gz_plugins:/home/ism_student_2023/ros2_ws/install/leo_description:/home/ism_student_2023/leosim_ws/install/leo:/home/ism_student_2023/leosim_ws/install/leo_teleop:/home/ism_student_2023/leosim_ws/install/leo_simulator:/home/ism_student_2023/leosim_ws/install/leo_msgs:/home/ism_student_2023/leosim_ws/install/leo_gz_bringup:/home/ism_student_2023/leosim_ws/install/leo_gz_worlds:/home/ism_student_2023/leosim_ws/install/leo_gz_plugins:/home/ism_student_2023/leosim_ws/install/leo_description:/home/ism_student_2023/ros2_ws/install/rtabmap_livox:/opt/ros/humble LD_LIBRARY_PATH=/home/ism_student_2023/ros2_ws/src/leo_simulator-ros2/install/leo_gz_plugins/lib:${LD_LIBRARY_PATH} /usr/bin/cmake --build /home/ism_student_2023/ros2_ws/src/leo_simulator-ros2/build/leo_gz_bringup -- -j16 -l16
[24.066s] DEBUG:colcon.colcon_core.event_handler.log_command:Invoking command in '/home/ism_student_2023/ros2_ws/src/leo_simulator-ros2/build/leo_gz_bringup': AMENT_PREFIX_PATH=/home/ism_student_2023/ros2_ws/src/leo_simulator-ros2/install/leo_gz_worlds:/home/ism_student_2023/ros2_ws/src/leo_simulator-ros2/install/leo_gz_plugins:${AMENT_PREFIX_PATH} CMAKE_PREFIX_PATH=/home/ism_student_2023/ros2_ws/src/leo_simulator-ros2/install/leo_gz_worlds:/home/ism_student_2023/ros2_ws/src/leo_simulator-ros2/install/leo_gz_plugins:/home/ism_student_2023/ros2_ws/install/leo:/home/ism_student_2023/ros2_ws/install/leo_teleop:/home/ism_student_2023/ros2_ws/install/leo_simulator:/home/ism_student_2023/ros2_ws/install/leo_msgs:/home/ism_student_2023/ros2_ws/install/leo_gz_bringup:/home/ism_student_2023/ros2_ws/install/leo_gz_worlds:/home/ism_student_2023/ros2_ws/install/leo_gz_plugins:/home/ism_student_2023/ros2_ws/install/leo_description:/home/ism_student_2023/leosim_ws/install/leo:/home/ism_student_2023/leosim_ws/install/leo_teleop:/home/ism_student_2023/leosim_ws/install/leo_simulator:/home/ism_student_2023/leosim_ws/install/leo_msgs:/home/ism_student_2023/leosim_ws/install/leo_gz_bringup:/home/ism_student_2023/leosim_ws/install/leo_gz_worlds:/home/ism_student_2023/leosim_ws/install/leo_gz_plugins:/home/ism_student_2023/leosim_ws/install/leo_description:/home/ism_student_2023/ros2_ws/install/rtabmap_livox:/opt/ros/humble LD_LIBRARY_PATH=/home/ism_student_2023/ros2_ws/src/leo_simulator-ros2/install/leo_gz_plugins/lib:${LD_LIBRARY_PATH} /usr/bin/cmake --install /home/ism_student_2023/ros2_ws/src/leo_simulator-ros2/build/leo_gz_bringup
[24.074s] Level 1:colcon.colcon_core.environment:create_environment_scripts_only(leo_gz_bringup)
[24.075s] DEBUG:colcon.colcon_core.event_handler.log_command:Invoked command in '/home/ism_student_2023/ros2_ws/src/leo_simulator-ros2/build/leo_gz_bringup' returned '0': AMENT_PREFIX_PATH=/home/ism_student_2023/ros2_ws/src/leo_simulator-ros2/install/leo_gz_worlds:/home/ism_student_2023/ros2_ws/src/leo_simulator-ros2/install/leo_gz_plugins:${AMENT_PREFIX_PATH} CMAKE_PREFIX_PATH=/home/ism_student_2023/ros2_ws/src/leo_simulator-ros2/install/leo_gz_worlds:/home/ism_student_2023/ros2_ws/src/leo_simulator-ros2/install/leo_gz_plugins:/home/ism_student_2023/ros2_ws/install/leo:/home/ism_student_2023/ros2_ws/install/leo_teleop:/home/ism_student_2023/ros2_ws/install/leo_simulator:/home/ism_student_2023/ros2_ws/install/leo_msgs:/home/ism_student_2023/ros2_ws/install/leo_gz_bringup:/home/ism_student_2023/ros2_ws/install/leo_gz_worlds:/home/ism_student_2023/ros2_ws/install/leo_gz_plugins:/home/ism_student_2023/ros2_ws/install/leo_description:/home/ism_student_2023/leosim_ws/install/leo:/home/ism_student_2023/leosim_ws/install/leo_teleop:/home/ism_student_2023/leosim_ws/install/leo_simulator:/home/ism_student_2023/leosim_ws/install/leo_msgs:/home/ism_student_2023/leosim_ws/install/leo_gz_bringup:/home/ism_student_2023/leosim_ws/install/leo_gz_worlds:/home/ism_student_2023/leosim_ws/install/leo_gz_plugins:/home/ism_student_2023/leosim_ws/install/leo_description:/home/ism_student_2023/ros2_ws/install/rtabmap_livox:/opt/ros/humble LD_LIBRARY_PATH=/home/ism_student_2023/ros2_ws/src/leo_simulator-ros2/install/leo_gz_plugins/lib:${LD_LIBRARY_PATH} /usr/bin/cmake --install /home/ism_student_2023/ros2_ws/src/leo_simulator-ros2/build/leo_gz_bringup
[24.088s] Level 1:colcon.colcon_core.environment:checking '/home/ism_student_2023/ros2_ws/src/leo_simulator-ros2/install/leo_gz_bringup' for CMake module files
[24.088s] Level 1:colcon.colcon_core.environment:checking '/home/ism_student_2023/ros2_ws/src/leo_simulator-ros2/install/leo_gz_bringup' for CMake config files
[24.088s] Level 1:colcon.colcon_core.shell:create_environment_hook('leo_gz_bringup', 'cmake_prefix_path')
[24.101s] INFO:colcon.colcon_core.shell:Creating environment hook '/home/ism_student_2023/ros2_ws/src/leo_simulator-ros2/install/leo_gz_bringup/share/leo_gz_bringup/hook/cmake_prefix_path.ps1'
[24.102s] INFO:colcon.colcon_core.shell:Creating environment descriptor '/home/ism_student_2023/ros2_ws/src/leo_simulator-ros2/install/leo_gz_bringup/share/leo_gz_bringup/hook/cmake_prefix_path.dsv'
[24.102s] INFO:colcon.colcon_core.shell:Creating environment hook '/home/ism_student_2023/ros2_ws/src/leo_simulator-ros2/install/leo_gz_bringup/share/leo_gz_bringup/hook/cmake_prefix_path.sh'
[24.102s] Level 1:colcon.colcon_core.environment:checking '/home/ism_student_2023/ros2_ws/src/leo_simulator-ros2/install/leo_gz_bringup/bin'
[24.102s] Level 1:colcon.colcon_core.environment:checking '/home/ism_student_2023/ros2_ws/src/leo_simulator-ros2/install/leo_gz_bringup/lib/pkgconfig/leo_gz_bringup.pc'
[24.102s] Level 1:colcon.colcon_core.environment:checking '/home/ism_student_2023/ros2_ws/src/leo_simulator-ros2/install/leo_gz_bringup/lib/python3.10/site-packages'
[24.102s] Level 1:colcon.colcon_core.environment:checking '/home/ism_student_2023/ros2_ws/src/leo_simulator-ros2/install/leo_gz_bringup/bin'
[24.115s] INFO:colcon.colcon_core.shell:Creating package script '/home/ism_student_2023/ros2_ws/src/leo_simulator-ros2/install/leo_gz_bringup/share/leo_gz_bringup/package.ps1'
[24.116s] INFO:colcon.colcon_core.shell:Creating package descriptor '/home/ism_student_2023/ros2_ws/src/leo_simulator-ros2/install/leo_gz_bringup/share/leo_gz_bringup/package.dsv'
[24.116s] INFO:colcon.colcon_core.shell:Creating package script '/home/ism_student_2023/ros2_ws/src/leo_simulator-ros2/install/leo_gz_bringup/share/leo_gz_bringup/package.sh'
[24.116s] INFO:colcon.colcon_core.shell:Creating package script '/home/ism_student_2023/ros2_ws/src/leo_simulator-ros2/install/leo_gz_bringup/share/leo_gz_bringup/package.bash'
[24.116s] INFO:colcon.colcon_core.shell:Creating package script '/home/ism_student_2023/ros2_ws/src/leo_simulator-ros2/install/leo_gz_bringup/share/leo_gz_bringup/package.zsh'
[24.116s] Level 1:colcon.colcon_core.environment:create_file_with_runtime_dependencies(/home/ism_student_2023/ros2_ws/src/leo_simulator-ros2/install/leo_gz_bringup/share/colcon-core/packages/leo_gz_bringup)
[24.144s] Level 1:colcon.colcon_core.environment:create_environment_scripts_only(leo_gz_bringup)
[24.156s] Level 1:colcon.colcon_core.environment:checking '/home/ism_student_2023/ros2_ws/src/leo_simulator-ros2/install/leo_gz_bringup' for CMake module files
[24.157s] Level 1:colcon.colcon_core.environment:checking '/home/ism_student_2023/ros2_ws/src/leo_simulator-ros2/install/leo_gz_bringup' for CMake config files
[24.157s] Level 1:colcon.colcon_core.shell:create_environment_hook('leo_gz_bringup', 'cmake_prefix_path')
[24.170s] INFO:colcon.colcon_core.shell:Creating environment hook '/home/ism_student_2023/ros2_ws/src/leo_simulator-ros2/install/leo_gz_bringup/share/leo_gz_bringup/hook/cmake_prefix_path.ps1'
[24.170s] INFO:colcon.colcon_core.shell:Creating environment descriptor '/home/ism_student_2023/ros2_ws/src/leo_simulator-ros2/install/leo_gz_bringup/share/leo_gz_bringup/hook/cmake_prefix_path.dsv'
[24.170s] INFO:colcon.colcon_core.shell:Creating environment hook '/home/ism_student_2023/ros2_ws/src/leo_simulator-ros2/install/leo_gz_bringup/share/leo_gz_bringup/hook/cmake_prefix_path.sh'
[24.171s] Level 1:colcon.colcon_core.environment:checking '/home/ism_student_2023/ros2_ws/src/leo_simulator-ros2/install/leo_gz_bringup/bin'
[24.171s] Level 1:colcon.colcon_core.environment:checking '/home/ism_student_2023/ros2_ws/src/leo_simulator-ros2/install/leo_gz_bringup/lib/pkgconfig/leo_gz_bringup.pc'
[24.171s] Level 1:colcon.colcon_core.environment:checking '/home/ism_student_2023/ros2_ws/src/leo_simulator-ros2/install/leo_gz_bringup/lib/python3.10/site-packages'
[24.171s] Level 1:colcon.colcon_core.environment:checking '/home/ism_student_2023/ros2_ws/src/leo_simulator-ros2/install/leo_gz_bringup/bin'
[24.191s] INFO:colcon.colcon_core.shell:Creating package script '/home/ism_student_2023/ros2_ws/src/leo_simulator-ros2/install/leo_gz_bringup/share/leo_gz_bringup/package.ps1'
[24.191s] INFO:colcon.colcon_core.shell:Creating package descriptor '/home/ism_student_2023/ros2_ws/src/leo_simulator-ros2/install/leo_gz_bringup/share/leo_gz_bringup/package.dsv'
[24.192s] INFO:colcon.colcon_core.shell:Creating package script '/home/ism_student_2023/ros2_ws/src/leo_simulator-ros2/install/leo_gz_bringup/share/leo_gz_bringup/package.sh'
[24.192s] INFO:colcon.colcon_core.shell:Creating package script '/home/ism_student_2023/ros2_ws/src/leo_simulator-ros2/install/leo_gz_bringup/share/leo_gz_bringup/package.bash'
[24.192s] INFO:colcon.colcon_core.shell:Creating package script '/home/ism_student_2023/ros2_ws/src/leo_simulator-ros2/install/leo_gz_bringup/share/leo_gz_bringup/package.zsh'
[24.192s] Level 1:colcon.colcon_core.environment:create_file_with_runtime_dependencies(/home/ism_student_2023/ros2_ws/src/leo_simulator-ros2/install/leo_gz_bringup/share/colcon-core/packages/leo_gz_bringup)
[24.193s] INFO:colcon.colcon_ros.task.ament_cmake.build:Building ROS package in '/home/ism_student_2023/ros2_ws/src/leo_simulator-ros2/leo_simulator' with build type 'ament_cmake'
[24.193s] INFO:colcon.colcon_cmake.task.cmake.build:Building CMake package in '/home/ism_student_2023/ros2_ws/src/leo_simulator-ros2/leo_simulator'
[24.207s] INFO:colcon.colcon_core.shell:Skip shell extension 'powershell' for command environment: Not usable outside of PowerShell
[24.207s] DEBUG:colcon.colcon_core.shell:Skip shell extension 'dsv' for command environment
[24.266s] DEBUG:colcon.colcon_core.event_handler.log_command:Invoking command in '/home/ism_student_2023/ros2_ws/src/leo_simulator-ros2/build/leo_simulator': AMENT_PREFIX_PATH=/home/ism_student_2023/ros2_ws/src/leo_simulator-ros2/install/leo_gz_bringup:/home/ism_student_2023/ros2_ws/src/leo_simulator-ros2/install/leo_gz_worlds:/home/ism_student_2023/ros2_ws/src/leo_simulator-ros2/install/leo_gz_plugins:${AMENT_PREFIX_PATH} CMAKE_PREFIX_PATH=/home/ism_student_2023/ros2_ws/src/leo_simulator-ros2/install/leo_gz_bringup:/home/ism_student_2023/ros2_ws/src/leo_simulator-ros2/install/leo_gz_worlds:/home/ism_student_2023/ros2_ws/src/leo_simulator-ros2/install/leo_gz_plugins:/home/ism_student_2023/ros2_ws/install/leo:/home/ism_student_2023/ros2_ws/install/leo_teleop:/home/ism_student_2023/ros2_ws/install/leo_simulator:/home/ism_student_2023/ros2_ws/install/leo_msgs:/home/ism_student_2023/ros2_ws/install/leo_gz_bringup:/home/ism_student_2023/ros2_ws/install/leo_gz_worlds:/home/ism_student_2023/ros2_ws/install/leo_gz_plugins:/home/ism_student_2023/ros2_ws/install/leo_description:/home/ism_student_2023/leosim_ws/install/leo:/home/ism_student_2023/leosim_ws/install/leo_teleop:/home/ism_student_2023/leosim_ws/install/leo_simulator:/home/ism_student_2023/leosim_ws/install/leo_msgs:/home/ism_student_2023/leosim_ws/install/leo_gz_bringup:/home/ism_student_2023/leosim_ws/install/leo_gz_worlds:/home/ism_student_2023/leosim_ws/install/leo_gz_plugins:/home/ism_student_2023/leosim_ws/install/leo_description:/home/ism_student_2023/ros2_ws/install/rtabmap_livox:/opt/ros/humble LD_LIBRARY_PATH=/home/ism_student_2023/ros2_ws/src/leo_simulator-ros2/install/leo_gz_plugins/lib:${LD_LIBRARY_PATH} /usr/bin/cmake /home/ism_student_2023/ros2_ws/src/leo_simulator-ros2/leo_simulator -DCMAKE_INSTALL_PREFIX=/home/ism_student_2023/ros2_ws/src/leo_simulator-ros2/install/leo_simulator
[24.538s] DEBUG:colcon.colcon_core.event_handler.log_command:Invoked command in '/home/ism_student_2023/ros2_ws/src/leo_simulator-ros2/build/leo_simulator' returned '0': AMENT_PREFIX_PATH=/home/ism_student_2023/ros2_ws/src/leo_simulator-ros2/install/leo_gz_bringup:/home/ism_student_2023/ros2_ws/src/leo_simulator-ros2/install/leo_gz_worlds:/home/ism_student_2023/ros2_ws/src/leo_simulator-ros2/install/leo_gz_plugins:${AMENT_PREFIX_PATH} CMAKE_PREFIX_PATH=/home/ism_student_2023/ros2_ws/src/leo_simulator-ros2/install/leo_gz_bringup:/home/ism_student_2023/ros2_ws/src/leo_simulator-ros2/install/leo_gz_worlds:/home/ism_student_2023/ros2_ws/src/leo_simulator-ros2/install/leo_gz_plugins:/home/ism_student_2023/ros2_ws/install/leo:/home/ism_student_2023/ros2_ws/install/leo_teleop:/home/ism_student_2023/ros2_ws/install/leo_simulator:/home/ism_student_2023/ros2_ws/install/leo_msgs:/home/ism_student_2023/ros2_ws/install/leo_gz_bringup:/home/ism_student_2023/ros2_ws/install/leo_gz_worlds:/home/ism_student_2023/ros2_ws/install/leo_gz_plugins:/home/ism_student_2023/ros2_ws/install/leo_description:/home/ism_student_2023/leosim_ws/install/leo:/home/ism_student_2023/leosim_ws/install/leo_teleop:/home/ism_student_2023/leosim_ws/install/leo_simulator:/home/ism_student_2023/leosim_ws/install/leo_msgs:/home/ism_student_2023/leosim_ws/install/leo_gz_bringup:/home/ism_student_2023/leosim_ws/install/leo_gz_worlds:/home/ism_student_2023/leosim_ws/install/leo_gz_plugins:/home/ism_student_2023/leosim_ws/install/leo_description:/home/ism_student_2023/ros2_ws/install/rtabmap_livox:/opt/ros/humble LD_LIBRARY_PATH=/home/ism_student_2023/ros2_ws/src/leo_simulator-ros2/install/leo_gz_plugins/lib:${LD_LIBRARY_PATH} /usr/bin/cmake /home/ism_student_2023/ros2_ws/src/leo_simulator-ros2/leo_simulator -DCMAKE_INSTALL_PREFIX=/home/ism_student_2023/ros2_ws/src/leo_simulator-ros2/install/leo_simulator
[24.539s] DEBUG:colcon.colcon_core.event_handler.log_command:Invoking command in '/home/ism_student_2023/ros2_ws/src/leo_simulator-ros2/build/leo_simulator': AMENT_PREFIX_PATH=/home/ism_student_2023/ros2_ws/src/leo_simulator-ros2/install/leo_gz_bringup:/home/ism_student_2023/ros2_ws/src/leo_simulator-ros2/install/leo_gz_worlds:/home/ism_student_2023/ros2_ws/src/leo_simulator-ros2/install/leo_gz_plugins:${AMENT_PREFIX_PATH} CMAKE_PREFIX_PATH=/home/ism_student_2023/ros2_ws/src/leo_simulator-ros2/install/leo_gz_bringup:/home/ism_student_2023/ros2_ws/src/leo_simulator-ros2/install/leo_gz_worlds:/home/ism_student_2023/ros2_ws/src/leo_simulator-ros2/install/leo_gz_plugins:/home/ism_student_2023/ros2_ws/install/leo:/home/ism_student_2023/ros2_ws/install/leo_teleop:/home/ism_student_2023/ros2_ws/install/leo_simulator:/home/ism_student_2023/ros2_ws/install/leo_msgs:/home/ism_student_2023/ros2_ws/install/leo_gz_bringup:/home/ism_student_2023/ros2_ws/install/leo_gz_worlds:/home/ism_student_2023/ros2_ws/install/leo_gz_plugins:/home/ism_student_2023/ros2_ws/install/leo_description:/home/ism_student_2023/leosim_ws/install/leo:/home/ism_student_2023/leosim_ws/install/leo_teleop:/home/ism_student_2023/leosim_ws/install/leo_simulator:/home/ism_student_2023/leosim_ws/install/leo_msgs:/home/ism_student_2023/leosim_ws/install/leo_gz_bringup:/home/ism_student_2023/leosim_ws/install/leo_gz_worlds:/home/ism_student_2023/leosim_ws/install/leo_gz_plugins:/home/ism_student_2023/leosim_ws/install/leo_description:/home/ism_student_2023/ros2_ws/install/rtabmap_livox:/opt/ros/humble LD_LIBRARY_PATH=/home/ism_student_2023/ros2_ws/src/leo_simulator-ros2/install/leo_gz_plugins/lib:${LD_LIBRARY_PATH} /usr/bin/cmake --build /home/ism_student_2023/ros2_ws/src/leo_simulator-ros2/build/leo_simulator -- -j16 -l16
[24.563s] DEBUG:colcon.colcon_core.event_handler.log_command:Invoked command in '/home/ism_student_2023/ros2_ws/src/leo_simulator-ros2/build/leo_simulator' returned '0': AMENT_PREFIX_PATH=/home/ism_student_2023/ros2_ws/src/leo_simulator-ros2/install/leo_gz_bringup:/home/ism_student_2023/ros2_ws/src/leo_simulator-ros2/install/leo_gz_worlds:/home/ism_student_2023/ros2_ws/src/leo_simulator-ros2/install/leo_gz_plugins:${AMENT_PREFIX_PATH} CMAKE_PREFIX_PATH=/home/ism_student_2023/ros2_ws/src/leo_simulator-ros2/install/leo_gz_bringup:/home/ism_student_2023/ros2_ws/src/leo_simulator-ros2/install/leo_gz_worlds:/home/ism_student_2023/ros2_ws/src/leo_simulator-ros2/install/leo_gz_plugins:/home/ism_student_2023/ros2_ws/install/leo:/home/ism_student_2023/ros2_ws/install/leo_teleop:/home/ism_student_2023/ros2_ws/install/leo_simulator:/home/ism_student_2023/ros2_ws/install/leo_msgs:/home/ism_student_2023/ros2_ws/install/leo_gz_bringup:/home/ism_student_2023/ros2_ws/install/leo_gz_worlds:/home/ism_student_2023/ros2_ws/install/leo_gz_plugins:/home/ism_student_2023/ros2_ws/install/leo_description:/home/ism_student_2023/leosim_ws/install/leo:/home/ism_student_2023/leosim_ws/install/leo_teleop:/home/ism_student_2023/leosim_ws/install/leo_simulator:/home/ism_student_2023/leosim_ws/install/leo_msgs:/home/ism_student_2023/leosim_ws/install/leo_gz_bringup:/home/ism_student_2023/leosim_ws/install/leo_gz_worlds:/home/ism_student_2023/leosim_ws/install/leo_gz_plugins:/home/ism_student_2023/leosim_ws/install/leo_description:/home/ism_student_2023/ros2_ws/install/rtabmap_livox:/opt/ros/humble LD_LIBRARY_PATH=/home/ism_student_2023/ros2_ws/src/leo_simulator-ros2/install/leo_gz_plugins/lib:${LD_LIBRARY_PATH} /usr/bin/cmake --build /home/ism_student_2023/ros2_ws/src/leo_simulator-ros2/build/leo_simulator -- -j16 -l16
[24.576s] DEBUG:colcon.colcon_core.event_handler.log_command:Invoking command in '/home/ism_student_2023/ros2_ws/src/leo_simulator-ros2/build/leo_simulator': AMENT_PREFIX_PATH=/home/ism_student_2023/ros2_ws/src/leo_simulator-ros2/install/leo_gz_bringup:/home/ism_student_2023/ros2_ws/src/leo_simulator-ros2/install/leo_gz_worlds:/home/ism_student_2023/ros2_ws/src/leo_simulator-ros2/install/leo_gz_plugins:${AMENT_PREFIX_PATH} CMAKE_PREFIX_PATH=/home/ism_student_2023/ros2_ws/src/leo_simulator-ros2/install/leo_gz_bringup:/home/ism_student_2023/ros2_ws/src/leo_simulator-ros2/install/leo_gz_worlds:/home/ism_student_2023/ros2_ws/src/leo_simulator-ros2/install/leo_gz_plugins:/home/ism_student_2023/ros2_ws/install/leo:/home/ism_student_2023/ros2_ws/install/leo_teleop:/home/ism_student_2023/ros2_ws/install/leo_simulator:/home/ism_student_2023/ros2_ws/install/leo_msgs:/home/ism_student_2023/ros2_ws/install/leo_gz_bringup:/home/ism_student_2023/ros2_ws/install/leo_gz_worlds:/home/ism_student_2023/ros2_ws/install/leo_gz_plugins:/home/ism_student_2023/ros2_ws/install/leo_description:/home/ism_student_2023/leosim_ws/install/leo:/home/ism_student_2023/leosim_ws/install/leo_teleop:/home/ism_student_2023/leosim_ws/install/leo_simulator:/home/ism_student_2023/leosim_ws/install/leo_msgs:/home/ism_student_2023/leosim_ws/install/leo_gz_bringup:/home/ism_student_2023/leosim_ws/install/leo_gz_worlds:/home/ism_student_2023/leosim_ws/install/leo_gz_plugins:/home/ism_student_2023/leosim_ws/install/leo_description:/home/ism_student_2023/ros2_ws/install/rtabmap_livox:/opt/ros/humble LD_LIBRARY_PATH=/home/ism_student_2023/ros2_ws/src/leo_simulator-ros2/install/leo_gz_plugins/lib:${LD_LIBRARY_PATH} /usr/bin/cmake --install /home/ism_student_2023/ros2_ws/src/leo_simulator-ros2/build/leo_simulator
[24.583s] Level 1:colcon.colcon_core.environment:create_environment_scripts_only(leo_simulator)
[24.584s] DEBUG:colcon.colcon_core.event_handler.log_command:Invoked command in '/home/ism_student_2023/ros2_ws/src/leo_simulator-ros2/build/leo_simulator' returned '0': AMENT_PREFIX_PATH=/home/ism_student_2023/ros2_ws/src/leo_simulator-ros2/install/leo_gz_bringup:/home/ism_student_2023/ros2_ws/src/leo_simulator-ros2/install/leo_gz_worlds:/home/ism_student_2023/ros2_ws/src/leo_simulator-ros2/install/leo_gz_plugins:${AMENT_PREFIX_PATH} CMAKE_PREFIX_PATH=/home/ism_student_2023/ros2_ws/src/leo_simulator-ros2/install/leo_gz_bringup:/home/ism_student_2023/ros2_ws/src/leo_simulator-ros2/install/leo_gz_worlds:/home/ism_student_2023/ros2_ws/src/leo_simulator-ros2/install/leo_gz_plugins:/home/ism_student_2023/ros2_ws/install/leo:/home/ism_student_2023/ros2_ws/install/leo_teleop:/home/ism_student_2023/ros2_ws/install/leo_simulator:/home/ism_student_2023/ros2_ws/install/leo_msgs:/home/ism_student_2023/ros2_ws/install/leo_gz_bringup:/home/ism_student_2023/ros2_ws/install/leo_gz_worlds:/home/ism_student_2023/ros2_ws/install/leo_gz_plugins:/home/ism_student_2023/ros2_ws/install/leo_description:/home/ism_student_2023/leosim_ws/install/leo:/home/ism_student_2023/leosim_ws/install/leo_teleop:/home/ism_student_2023/leosim_ws/install/leo_simulator:/home/ism_student_2023/leosim_ws/install/leo_msgs:/home/ism_student_2023/leosim_ws/install/leo_gz_bringup:/home/ism_student_2023/leosim_ws/install/leo_gz_worlds:/home/ism_student_2023/leosim_ws/install/leo_gz_plugins:/home/ism_student_2023/leosim_ws/install/leo_description:/home/ism_student_2023/ros2_ws/install/rtabmap_livox:/opt/ros/humble LD_LIBRARY_PATH=/home/ism_student_2023/ros2_ws/src/leo_simulator-ros2/install/leo_gz_plugins/lib:${LD_LIBRARY_PATH} /usr/bin/cmake --install /home/ism_student_2023/ros2_ws/src/leo_simulator-ros2/build/leo_simulator
[24.597s] Level 1:colcon.colcon_core.environment:checking '/home/ism_student_2023/ros2_ws/src/leo_simulator-ros2/install/leo_simulator' for CMake module files
[24.597s] Level 1:colcon.colcon_core.environment:checking '/home/ism_student_2023/ros2_ws/src/leo_simulator-ros2/install/leo_simulator' for CMake config files
[24.597s] Level 1:colcon.colcon_core.shell:create_environment_hook('leo_simulator', 'cmake_prefix_path')
[24.610s] INFO:colcon.colcon_core.shell:Creating environment hook '/home/ism_student_2023/ros2_ws/src/leo_simulator-ros2/install/leo_simulator/share/leo_simulator/hook/cmake_prefix_path.ps1'
[24.610s] INFO:colcon.colcon_core.shell:Creating environment descriptor '/home/ism_student_2023/ros2_ws/src/leo_simulator-ros2/install/leo_simulator/share/leo_simulator/hook/cmake_prefix_path.dsv'
[24.610s] INFO:colcon.colcon_core.shell:Creating environment hook '/home/ism_student_2023/ros2_ws/src/leo_simulator-ros2/install/leo_simulator/share/leo_simulator/hook/cmake_prefix_path.sh'
[24.611s] Level 1:colcon.colcon_core.environment:checking '/home/ism_student_2023/ros2_ws/src/leo_simulator-ros2/install/leo_simulator/bin'
[24.611s] Level 1:colcon.colcon_core.environment:checking '/home/ism_student_2023/ros2_ws/src/leo_simulator-ros2/install/leo_simulator/lib/pkgconfig/leo_simulator.pc'
[24.611s] Level 1:colcon.colcon_core.environment:checking '/home/ism_student_2023/ros2_ws/src/leo_simulator-ros2/install/leo_simulator/lib/python3.10/site-packages'
[24.611s] Level 1:colcon.colcon_core.environment:checking '/home/ism_student_2023/ros2_ws/src/leo_simulator-ros2/install/leo_simulator/bin'
[24.624s] INFO:colcon.colcon_core.shell:Creating package script '/home/ism_student_2023/ros2_ws/src/leo_simulator-ros2/install/leo_simulator/share/leo_simulator/package.ps1'
[24.624s] INFO:colcon.colcon_core.shell:Creating package descriptor '/home/ism_student_2023/ros2_ws/src/leo_simulator-ros2/install/leo_simulator/share/leo_simulator/package.dsv'
[24.624s] INFO:colcon.colcon_core.shell:Creating package script '/home/ism_student_2023/ros2_ws/src/leo_simulator-ros2/install/leo_simulator/share/leo_simulator/package.sh'
[24.625s] INFO:colcon.colcon_core.shell:Creating package script '/home/ism_student_2023/ros2_ws/src/leo_simulator-ros2/install/leo_simulator/share/leo_simulator/package.bash'
[24.625s] INFO:colcon.colcon_core.shell:Creating package script '/home/ism_student_2023/ros2_ws/src/leo_simulator-ros2/install/leo_simulator/share/leo_simulator/package.zsh'
[24.625s] Level 1:colcon.colcon_core.environment:create_file_with_runtime_dependencies(/home/ism_student_2023/ros2_ws/src/leo_simulator-ros2/install/leo_simulator/share/colcon-core/packages/leo_simulator)
[24.651s] Level 1:colcon.colcon_core.environment:create_environment_scripts_only(leo_simulator)
[24.664s] Level 1:colcon.colcon_core.environment:checking '/home/ism_student_2023/ros2_ws/src/leo_simulator-ros2/install/leo_simulator' for CMake module files
[24.664s] Level 1:colcon.colcon_core.environment:checking '/home/ism_student_2023/ros2_ws/src/leo_simulator-ros2/install/leo_simulator' for CMake config files
[24.664s] Level 1:colcon.colcon_core.shell:create_environment_hook('leo_simulator', 'cmake_prefix_path')
[24.677s] INFO:colcon.colcon_core.shell:Creating environment hook '/home/ism_student_2023/ros2_ws/src/leo_simulator-ros2/install/leo_simulator/share/leo_simulator/hook/cmake_prefix_path.ps1'
[24.677s] INFO:colcon.colcon_core.shell:Creating environment descriptor '/home/ism_student_2023/ros2_ws/src/leo_simulator-ros2/install/leo_simulator/share/leo_simulator/hook/cmake_prefix_path.dsv'
[24.677s] INFO:colcon.colcon_core.shell:Creating environment hook '/home/ism_student_2023/ros2_ws/src/leo_simulator-ros2/install/leo_simulator/share/leo_simulator/hook/cmake_prefix_path.sh'
[24.678s] Level 1:colcon.colcon_core.environment:checking '/home/ism_student_2023/ros2_ws/src/leo_simulator-ros2/install/leo_simulator/bin'
[24.678s] Level 1:colcon.colcon_core.environment:checking '/home/ism_student_2023/ros2_ws/src/leo_simulator-ros2/install/leo_simulator/lib/pkgconfig/leo_simulator.pc'
[24.678s] Level 1:colcon.colcon_core.environment:checking '/home/ism_student_2023/ros2_ws/src/leo_simulator-ros2/install/leo_simulator/lib/python3.10/site-packages'
[24.678s] Level 1:colcon.colcon_core.environment:checking '/home/ism_student_2023/ros2_ws/src/leo_simulator-ros2/install/leo_simulator/bin'
[24.691s] INFO:colcon.colcon_core.shell:Creating package script '/home/ism_student_2023/ros2_ws/src/leo_simulator-ros2/install/leo_simulator/share/leo_simulator/package.ps1'
[24.691s] INFO:colcon.colcon_core.shell:Creating package descriptor '/home/ism_student_2023/ros2_ws/src/leo_simulator-ros2/install/leo_simulator/share/leo_simulator/package.dsv'
[24.692s] INFO:colcon.colcon_core.shell:Creating package script '/home/ism_student_2023/ros2_ws/src/leo_simulator-ros2/install/leo_simulator/share/leo_simulator/package.sh'
[24.692s] INFO:colcon.colcon_core.shell:Creating package script '/home/ism_student_2023/ros2_ws/src/leo_simulator-ros2/install/leo_simulator/share/leo_simulator/package.bash'
[24.692s] INFO:colcon.colcon_core.shell:Creating package script '/home/ism_student_2023/ros2_ws/src/leo_simulator-ros2/install/leo_simulator/share/leo_simulator/package.zsh'
[24.692s] Level 1:colcon.colcon_core.environment:create_file_with_runtime_dependencies(/home/ism_student_2023/ros2_ws/src/leo_simulator-ros2/install/leo_simulator/share/colcon-core/packages/leo_simulator)
[24.693s] DEBUG:colcon.colcon_parallel_executor.executor.parallel:closing loop
[24.693s] DEBUG:colcon.colcon_parallel_executor.executor.parallel:loop closed
[24.693s] DEBUG:colcon.colcon_parallel_executor.executor.parallel:run_until_complete finished with '0'
[24.693s] DEBUG:colcon.colcon_core.event_reactor:joining thread
[24.713s] INFO:colcon.colcon_core.plugin_system:Skipping extension 'colcon_notification.desktop_notification.terminal_notifier': Not used on non-Darwin systems
[24.713s] INFO:colcon.colcon_core.plugin_system:Skipping extension 'colcon_notification.desktop_notification.win32': Not used on non-Windows systems
[24.713s] INFO:colcon.colcon_notification.desktop_notification:Sending desktop notification using 'notify2'
[24.721s] DEBUG:colcon.colcon_core.event_reactor:joined thread
[24.735s] INFO:colcon.colcon_core.shell:Creating prefix script '/home/ism_student_2023/ros2_ws/src/leo_simulator-ros2/install/local_setup.ps1'
[24.736s] INFO:colcon.colcon_core.shell:Creating prefix util module '/home/ism_student_2023/ros2_ws/src/leo_simulator-ros2/install/_local_setup_util_ps1.py'
[24.736s] INFO:colcon.colcon_core.shell:Creating prefix chain script '/home/ism_student_2023/ros2_ws/src/leo_simulator-ros2/install/setup.ps1'
[24.750s] INFO:colcon.colcon_core.shell:Creating prefix script '/home/ism_student_2023/ros2_ws/src/leo_simulator-ros2/install/local_setup.sh'
[24.751s] INFO:colcon.colcon_core.shell:Creating prefix util module '/home/ism_student_2023/ros2_ws/src/leo_simulator-ros2/install/_local_setup_util_sh.py'
[24.751s] INFO:colcon.colcon_core.shell:Creating prefix chain script '/home/ism_student_2023/ros2_ws/src/leo_simulator-ros2/install/setup.sh'
[24.765s] INFO:colcon.colcon_core.shell:Creating prefix script '/home/ism_student_2023/ros2_ws/src/leo_simulator-ros2/install/local_setup.bash'
[24.765s] INFO:colcon.colcon_core.shell:Creating prefix chain script '/home/ism_student_2023/ros2_ws/src/leo_simulator-ros2/install/setup.bash'
[24.779s] INFO:colcon.colcon_core.shell:Creating prefix script '/home/ism_student_2023/ros2_ws/src/leo_simulator-ros2/install/local_setup.zsh'
[24.779s] INFO:colcon.colcon_core.shell:Creating prefix chain script '/home/ism_student_2023/ros2_ws/src/leo_simulator-ros2/install/setup.zsh'
